#
# A fatal error has been detected by the Java Runtime Environment:
#
#  EXCEPTION_ACCESS_VIOLATION (0xc0000005) at pc=0x000000006842d0f2, pid=20740, tid=14228
#
# JRE version: OpenJDK Runtime Environment (14.0.1+7) (build 14.0.1+7)
# Java VM: OpenJDK 64-Bit Server VM (14.0.1+7, mixed mode, sharing, tiered, compressed oops, g1 gc, windows-amd64)
# Problematic frame:
# C  [sqlite-3.35.4-de60b816-5f79-4c97-bcfc-f85b41458a23-sqlitejdbc.dll+0x2d0f2]
#
# No core dump will be written. Minidumps are not enabled by default on client versions of Windows
#
# If you would like to submit a bug report, please visit:
#   https://bugreport.java.com/bugreport/crash.jsp
# The crash happened outside the Java Virtual Machine in native code.
# See problematic frame for where to report the bug.
#

---------------  S U M M A R Y ------------

Command Line: -javaagent:C:\Users\vincent\AppData\Local\JetBrains\IntelliJ IDEA Community Edition 2020.1.2\lib\idea_rt.jar=62675:C:\Users\vincent\AppData\Local\JetBrains\IntelliJ IDEA Community Edition 2020.1.2\bin -Dfile.encoding=UTF-8 nl.ssischaefer.savaragerow.v2.SavageRow

Host: Intel(R) Core(TM) i9-9880H CPU @ 2.30GHz, 16 cores, 31G,  Windows 10 , 64 bit Build 19041 (10.0.19041.1023)
Time: Tue Jun 22 11:57:17 2021 W. Europe Daylight Time elapsed time: 3 seconds (0d 0h 0m 3s)

---------------  T H R E A D  ---------------

Current thread (0x00000210c3709000):  JavaThread "qtp759002235-30" [_thread_in_native, id=14228, stack(0x0000001250b00000,0x0000001250c00000)]

Stack: [0x0000001250b00000,0x0000001250c00000],  sp=0x0000001250bfe0b0,  free space=1016k
Native frames: (J=compiled Java code, j=interpreted, Vv=VM code, C=native code)
C  [sqlite-3.35.4-de60b816-5f79-4c97-bcfc-f85b41458a23-sqlitejdbc.dll+0x2d0f2]

Java frames: (J=compiled Java code, j=interpreted, Vv=VM code)
J 1765  org.sqlite.core.NativeDB.column_name_utf8(JI)Ljava/nio/ByteBuffer; (0 bytes) @ 0x00000210a3b42a8b [0x00000210a3b42a40+0x000000000000004b]
J 1764 c1 org.sqlite.core.NativeDB.column_name(JI)Ljava/lang/String; (10 bytes) @ 0x000002109c9998ec [0x000002109c999760+0x000000000000018c]
j  org.sqlite.jdbc3.JDBC3ResultSet.getColumnName(I)Ljava/lang/String;+16
j  nl.ssischaefer.savaragerow.v2.query.GetRowQuery.execute()Lnl/ssischaefer/savaragerow/v2/query/GetRowQuery;+63
j  nl.ssischaefer.savaragerow.v2.controller.TableRowController.lambda$static$0(Lspark/Request;Lspark/Response;)Ljava/lang/Object;+68
j  nl.ssischaefer.savaragerow.v2.controller.TableRowController$$Lambda$45.handle(Lspark/Request;Lspark/Response;)Ljava/lang/Object;+2
j  spark.RouteImpl$1.handle(Lspark/Request;Lspark/Response;)Ljava/lang/Object;+6
j  spark.http.matching.Routes.execute(Lspark/http/matching/RouteContext;)V+171
j  spark.http.matching.MatcherFilter.doFilter(Ljavax/servlet/ServletRequest;Ljavax/servlet/ServletResponse;Ljavax/servlet/FilterChain;)V+154
j  spark.embeddedserver.jetty.JettyHandler.doHandle(Ljava/lang/String;Lorg/eclipse/jetty/server/Request;Ljavax/servlet/http/HttpServletRequest;Ljavax/servlet/http/HttpServletResponse;)V+19
j  org.eclipse.jetty.server.session.SessionHandler.doScope(Ljava/lang/String;Lorg/eclipse/jetty/server/Request;Ljavax/servlet/http/HttpServletRequest;Ljavax/servlet/http/HttpServletResponse;)V+343
j  org.eclipse.jetty.server.handler.ScopedHandler.handle(Ljava/lang/String;Lorg/eclipse/jetty/server/Request;Ljavax/servlet/http/HttpServletRequest;Ljavax/servlet/http/HttpServletResponse;)V+20
j  org.eclipse.jetty.server.handler.HandlerWrapper.handle(Ljava/lang/String;Lorg/eclipse/jetty/server/Request;Ljavax/servlet/http/HttpServletRequest;Ljavax/servlet/http/HttpServletResponse;)V+18
j  org.eclipse.jetty.server.Server.handle(Lorg/eclipse/jetty/server/HttpChannel;)V+149
j  org.eclipse.jetty.server.HttpChannel.lambda$handle$1()V+69
j  org.eclipse.jetty.server.HttpChannel$$Lambda$118.dispatch()V+4
j  org.eclipse.jetty.server.HttpChannel.dispatch(Ljavax/servlet/DispatcherType;Lorg/eclipse/jetty/server/HttpChannel$Dispatchable;)V+37
j  org.eclipse.jetty.server.HttpChannel.handle()Z+220
j  org.eclipse.jetty.server.HttpConnection.onFillable()V+137
j  org.eclipse.jetty.io.AbstractConnection$ReadCallback.succeeded()V+4
j  org.eclipse.jetty.io.FillInterest.fillable()Z+57
j  org.eclipse.jetty.io.ChannelEndPoint$1.run()V+7
j  org.eclipse.jetty.util.thread.strategy.EatWhatYouKill.runTask(Ljava/lang/Runnable;)V+1
j  org.eclipse.jetty.util.thread.strategy.EatWhatYouKill.doProduce(Z)Z+507
j  org.eclipse.jetty.util.thread.strategy.EatWhatYouKill.tryProduce(Z)V+134
j  org.eclipse.jetty.util.thread.strategy.EatWhatYouKill.produce()V+2
j  org.eclipse.jetty.io.ManagedSelector$$Lambda$105.run()V+4
j  org.eclipse.jetty.util.thread.QueuedThreadPool.runJob(Ljava/lang/Runnable;)V+1
j  org.eclipse.jetty.util.thread.QueuedThreadPool$Runner.run()V+279
j  java.lang.Thread.run()V+11 java.base@14.0.1
v  ~StubRoutines::call_stub

siginfo: EXCEPTION_ACCESS_VIOLATION (0xc0000005), reading address 0x00000210c4451d98


Register to memory mapping:

RIP=0x000000006842d0f2 sqlite-3.35.4-de60b816-5f79-4c97-bcfc-f85b41458a23-sqlitejdbc.dll
RAX=0x00000210c20d1788 points into unknown readable memory: 49 2d a9 34 00 09 00 88
RBX=0x00000210c3709310 points into unknown readable memory: a0 1a 86 63 ff 7f 00 00
RCX=0x00000210c4451cd8 points into unknown readable memory: 00 00 00 00 00 00 00 00
RDX=0x0000000000000003 is an unknown value
RSP=0x0000001250bfe0b0 is pointing into the stack for thread: 0x00000210c3709000
RBP=0x0000001250bfe1a0 is pointing into the stack for thread: 0x00000210c3709000
RSI=0x000000062310ade8 is an oop: org.sqlite.core.NativeDB 
{0x000000062310ade8} - klass: 'org/sqlite/core/NativeDB'
RDI=0x00000210c5b283b8 is pointing into metadata
R8 =0x0 is NULL
R9 =0x0 is NULL
R10=0x0000000068402a29 sqlite-3.35.4-de60b816-5f79-4c97-bcfc-f85b41458a23-sqlitejdbc.dll
R11=0x000002109c9997a0 is at entry_point+64 in (nmethod*)0x000002109c999490
R12=0x0 is NULL
R13=0x0000001250bfe190 is pointing into the stack for thread: 0x00000210c3709000
R14=0x0000001250bfe160 is pointing into the stack for thread: 0x00000210c3709000
R15=0x00000210c3709000 is a thread


Registers:
RAX=0x00000210c20d1788, RBX=0x00000210c3709310, RCX=0x00000210c4451cd8, RDX=0x0000000000000003
RSP=0x0000001250bfe0b0, RBP=0x0000001250bfe1a0, RSI=0x000000062310ade8, RDI=0x00000210c5b283b8
R8 =0x0000000000000000, R9 =0x0000000000000000, R10=0x0000000068402a29, R11=0x000002109c9997a0
R12=0x0000000000000000, R13=0x0000001250bfe190, R14=0x0000001250bfe160, R15=0x00000210c3709000
RIP=0x000000006842d0f2, EFLAGS=0x0000000000010202

Top of Stack: (sp=0x0000001250bfe0b0)
0x0000001250bfe0b0:   0000001250bfe380 000002109c965d14
0x0000001250bfe0c0:   000000062310ade8 00007fff634fca9f
0x0000001250bfe0d0:   00000210c5b2a7e8 00000210a3b443b1
0x0000001250bfe0e0:   00000210c3709310 000000062310ade8
0x0000001250bfe0f0:   00000210c5b283b8 0000000068402a49
0x0000001250bfe100:   0000001250bfe1a0 000000062310ade8
0x0000001250bfe110:   0000000000000001 00000000c4621fc1
0x0000001250bfe120:   00000210c3709000 000000062310ade8
0x0000001250bfe130:   00000210c5b283b8 00000210a3b42c29
0x0000001250bfe140:   000002109c9997a0 00007fff6390d190
0x0000001250bfe150:   0000000000000003 00000210c4451cd8
0x0000001250bfe160:   000000062310ade8 0000001250bfe278
0x0000001250bfe170:   0000001250bfe1a0 0000001250bfe1a0
0x0000001250bfe180:   00000210c4a193f0 000000062310ade8
0x0000001250bfe190:   000001fe74cfe002 000001fe74cfe002
0x0000001250bfe1a0:   0000001250bfe310 000002109c9998ec 

Instructions: (pc=0x000000006842d0f2)
0x000000006842cff2:   44 89 e1 88 c2 e8 d9 3e fe ff c1 e2 04 01 d0 88
0x000000006842d002:   04 3e 48 ff c7 48 8d 43 02 48 83 ff 10 74 05 48
0x000000006842d012:   89 c3 eb ae 80 7b 02 7d 48 8d 53 03 48 0f 44 c2
0x000000006842d022:   80 38 00 75 23 48 89 f0 eb 20 e8 dd eb ff ff 83
0x000000006842d032:   f8 10 75 14 48 89 d9 48 83 c4 28 5b 5e 5f 5d 41
0x000000006842d042:   5c 41 5d e9 11 ed ff ff 31 c0 48 83 c4 28 5b 5e
0x000000006842d052:   5f 5d 41 5c 41 5d c3 53 48 83 ec 30 48 89 cb 49
0x000000006842d062:   8b 08 48 8d 54 24 20 e8 07 ff ff ff 48 85 c0 74
0x000000006842d072:   16 49 83 c9 ff 41 b8 10 00 00 00 48 89 c2 48 89
0x000000006842d082:   d9 e8 79 45 ff ff 90 48 83 c4 30 5b c3 56 53 48
0x000000006842d092:   83 ec 68 48 89 ce 49 8b 08 48 8d 54 24 2b e8 d0
0x000000006842d0a2:   fe ff ff 48 85 c0 74 26 48 8d 5c 24 3b 48 89 c1
0x000000006842d0b2:   48 89 da e8 0a 41 fe ff 49 83 c9 ff 41 b8 24 00
0x000000006842d0c2:   00 00 48 89 da 48 89 f1 e8 1b 46 ff ff 90 48 83
0x000000006842d0d2:   c4 68 5b 5e c3 ba 03 00 00 00 e9 24 ec ff ff ba
0x000000006842d0e2:   02 00 00 00 e9 1a ec ff ff 57 56 53 48 83 ec 30
0x000000006842d0f2:   0f b7 99 c0 00 00 00 48 89 cf 44 89 44 24 28 39
0x000000006842d102:   da 7d 6c 89 d0 83 e8 00 78 65 48 8b 31 41 0f af
0x000000006842d112:   d9 48 8b 4e 18 01 d3 e8 d3 6b fd ff 44 8b 44 24
0x000000006842d122:   28 48 63 d3 48 8b 8f 98 00 00 00 45 85 c0 74 0e
0x000000006842d132:   48 6b d2 38 48 01 d1 e8 a3 ff ff ff eb 0c 48 6b
0x000000006842d142:   d2 38 48 01 d1 e8 eb eb ff ff 80 7e 63 00 74 0a
0x000000006842d152:   48 89 f1 e8 02 d4 fe ff 31 c0 48 8b 4e 18 48 89
0x000000006842d162:   44 24 28 e8 a3 6b fd ff 48 8b 44 24 28 eb 02 31
0x000000006842d172:   c0 48 83 c4 30 5b 5e 5f c3 45 31 c9 45 31 c0 e9
0x000000006842d182:   65 ff ff ff 45 31 c9 41 b8 01 00 00 00 e9 57 ff
0x000000006842d192:   ff ff 41 b9 01 00 00 00 45 31 c0 e9 49 ff ff ff
0x000000006842d1a2:   41 b9 01 00 00 00 41 b8 01 00 00 00 e9 38 ff ff
0x000000006842d1b2:   ff 41 b9 02 00 00 00 45 31 c0 e9 2a ff ff ff 41
0x000000006842d1c2:   b9 02 00 00 00 41 b8 01 00 00 00 e9 19 ff ff ff
0x000000006842d1d2:   41 b9 03 00 00 00 45 31 c0 e9 0b ff ff ff 41 b9
0x000000006842d1e2:   03 00 00 00 41 b8 01 00 00 00 e9 fa fe ff ff 41 


Stack slot to memory mapping:
stack at sp + 0 slots: 0x0000001250bfe380 is pointing into the stack for thread: 0x00000210c3709000
stack at sp + 1 slots: 0x000002109c965d14 is at entry_point+1396 in (nmethod*)0x000002109c965510
stack at sp + 2 slots: 0x000000062310ade8 is an oop: org.sqlite.core.NativeDB 
{0x000000062310ade8} - klass: 'org/sqlite/core/NativeDB'
stack at sp + 3 slots: 0x00007fff634fca9f jvm.dll
stack at sp + 4 slots: 0x00000210c5b2a7e8 is pointing into metadata
stack at sp + 5 slots: 0x00000210a3b443b1 is at entry_point+1137 in (nmethod*)0x00000210a3b43d90
stack at sp + 6 slots: 0x00000210c3709310 points into unknown readable memory: a0 1a 86 63 ff 7f 00 00
stack at sp + 7 slots: 0x000000062310ade8 is an oop: org.sqlite.core.NativeDB 
{0x000000062310ade8} - klass: 'org/sqlite/core/NativeDB'


---------------  P R O C E S S  ---------------

Threads class SMR info:
_java_thread_list=0x00000210c2e180c0, length=33, elements={
0x00000210bf00b000, 0x00000210bf00c000, 0x00000210c1f55000, 0x00000210c1f59000,
0x00000210c1f5a800, 0x00000210c1f5b800, 0x00000210c1f5d800, 0x00000210c1f88800,
0x00000210c20a6800, 0x00000210c20aa800, 0x00000210c2de2800, 0x00000210c2de3000,
0x00000210c30ba000, 0x00000210c314a000, 0x0000021091f9a000, 0x00000210c350d800,
0x00000210c36d3800, 0x00000210c36ce800, 0x00000210c3707800, 0x00000210c3709000,
0x00000210c3712800, 0x00000210c370c800, 0x00000210c370d800, 0x00000210c3711000,
0x00000210c3713800, 0x00000210c370e800, 0x00000210c370f000, 0x00000210c3711800,
0x00000210c3710000, 0x00000210c58ff800, 0x00000210c583d800, 0x00000210c4359800,
0x00000210c5905000
}

Java Threads: ( => current thread )
  0x00000210bf00b000 JavaThread "Reference Handler" daemon [_thread_blocked, id=14060, stack(0x000000124f500000,0x000000124f600000)]
  0x00000210bf00c000 JavaThread "Finalizer" daemon [_thread_blocked, id=21344, stack(0x000000124f600000,0x000000124f700000)]
  0x00000210c1f55000 JavaThread "Signal Dispatcher" daemon [_thread_blocked, id=8912, stack(0x000000124f700000,0x000000124f800000)]
  0x00000210c1f59000 JavaThread "Attach Listener" daemon [_thread_blocked, id=17924, stack(0x000000124f800000,0x000000124f900000)]
  0x00000210c1f5a800 JavaThread "Service Thread" daemon [_thread_blocked, id=27240, stack(0x000000124f900000,0x000000124fa00000)]
  0x00000210c1f5b800 JavaThread "C2 CompilerThread0" daemon [_thread_in_native, id=27164, stack(0x000000124fa00000,0x000000124fb00000)]
  0x00000210c1f5d800 JavaThread "C1 CompilerThread0" daemon [_thread_blocked, id=5972, stack(0x000000124fb00000,0x000000124fc00000)]
  0x00000210c1f88800 JavaThread "Sweeper thread" daemon [_thread_blocked, id=28544, stack(0x000000124fc00000,0x000000124fd00000)]
  0x00000210c20a6800 JavaThread "Common-Cleaner" daemon [_thread_blocked, id=28804, stack(0x000000124fd00000,0x000000124fe00000)]
  0x00000210c20aa800 JavaThread "C1 CompilerThread1" daemon [_thread_blocked, id=25108, stack(0x000000124fe00000,0x000000124ff00000)]
  0x00000210c2de2800 JavaThread "Monitor Ctrl-Break" daemon [_thread_in_native, id=11148, stack(0x0000001250100000,0x0000001250200000)]
  0x00000210c2de3000 JavaThread "Notification Thread" daemon [_thread_blocked, id=4712, stack(0x0000001250200000,0x0000001250300000)]
  0x00000210c30ba000 JavaThread "pool-1-thread-1" [_thread_blocked, id=9732, stack(0x0000001250500000,0x0000001250600000)]
  0x00000210c314a000 JavaThread "Thread-0" [_thread_blocked, id=13712, stack(0x0000001250600000,0x0000001250700000)]
  0x0000021091f9a000 JavaThread "DestroyJavaVM" [_thread_blocked, id=29104, stack(0x000000124ee00000,0x000000124ef00000)]
  0x00000210c350d800 JavaThread "qtp759002235-26" [_thread_in_native, id=22852, stack(0x0000001250700000,0x0000001250800000)]
  0x00000210c36d3800 JavaThread "qtp759002235-27" [_thread_in_native, id=28948, stack(0x0000001250800000,0x0000001250900000)]
  0x00000210c36ce800 JavaThread "qtp759002235-28" [_thread_blocked, id=28380, stack(0x0000001250900000,0x0000001250a00000)]
  0x00000210c3707800 JavaThread "qtp759002235-29" [_thread_blocked, id=1612, stack(0x0000001250a00000,0x0000001250b00000)]
=>0x00000210c3709000 JavaThread "qtp759002235-30" [_thread_in_native, id=14228, stack(0x0000001250b00000,0x0000001250c00000)]
  0x00000210c3712800 JavaThread "qtp759002235-31" [_thread_in_native, id=19524, stack(0x0000001250c00000,0x0000001250d00000)]
  0x00000210c370c800 JavaThread "qtp759002235-32" [_thread_in_native, id=23144, stack(0x0000001250d00000,0x0000001250e00000)]
  0x00000210c370d800 JavaThread "qtp759002235-33" [_thread_in_native, id=25748, stack(0x0000001250e00000,0x0000001250f00000)]
  0x00000210c3711000 JavaThread "Session-HouseKeeper-34e85bbd-1" [_thread_blocked, id=24520, stack(0x0000001250f00000,0x0000001251000000)]
  0x00000210c3713800 JavaThread "qtp759002235-35-acceptor-0@6860c801-ServerConnector@333c2a44{HTTP/1.1, (http/1.1)}{0.0.0.0:9010}" [_thread_in_native, id=11112, stack(0x0000001251d00000,0x0000001251e00000)]
  0x00000210c370e800 JavaThread "qtp759002235-36-acceptor-1@af9d49f-ServerConnector@333c2a44{HTTP/1.1, (http/1.1)}{0.0.0.0:9010}" [_thread_blocked, id=23848, stack(0x0000001251e00000,0x0000001251f00000)]
  0x00000210c370f000 JavaThread "qtp759002235-37" [_thread_in_native, id=20280, stack(0x000000124ff00000,0x0000001250000000)]
  0x00000210c3711800 JavaThread "Connector-Scheduler-333c2a44-1" [_thread_blocked, id=31060, stack(0x0000001250000000,0x0000001250100000)]
  0x00000210c3710000 JavaThread "qtp759002235-39" [_thread_in_native, id=25404, stack(0x0000001250400000,0x0000001250500000)]
  0x00000210c58ff800 JavaThread "qtp759002235-40" [_thread_in_native, id=16300, stack(0x0000001252100000,0x0000001252200000)]
  0x00000210c583d800 JavaThread "C2 CompilerThread1" daemon [_thread_in_native, id=27960, stack(0x0000001251c00000,0x0000001251d00000)]
  0x00000210c4359800 JavaThread "C2 CompilerThread2" daemon [_thread_blocked, id=9896, stack(0x0000001251f00000,0x0000001252000000)]
  0x00000210c5905000 JavaThread "qtp759002235-41" [_thread_blocked, id=25188, stack(0x0000001252000000,0x0000001252100000)]

Other Threads:
  0x00000210bf008000 VMThread "VM Thread" [stack: 0x000000124f400000,0x000000124f500000] [id=16760]
  0x00000210c2de5000 WatcherThread [stack: 0x0000001250300000,0x0000001250400000] [id=1696]
  0x000002109201f000 GCTaskThread "GC Thread#0" [stack: 0x000000124ef00000,0x000000124f000000] [id=14396]
  0x00000210c3753000 GCTaskThread "GC Thread#1" [stack: 0x0000001251000000,0x0000001251100000] [id=24716]
  0x00000210c3753800 GCTaskThread "GC Thread#2" [stack: 0x0000001251100000,0x0000001251200000] [id=1436]
  0x00000210c381a000 GCTaskThread "GC Thread#3" [stack: 0x0000001251200000,0x0000001251300000] [id=24652]
  0x00000210c3817800 GCTaskThread "GC Thread#4" [stack: 0x0000001251300000,0x0000001251400000] [id=25352]
  0x00000210c3816000 GCTaskThread "GC Thread#5" [stack: 0x0000001251400000,0x0000001251500000] [id=9648]
  0x00000210c3818000 GCTaskThread "GC Thread#6" [stack: 0x0000001251500000,0x0000001251600000] [id=1632]
  0x00000210c3818800 GCTaskThread "GC Thread#7" [stack: 0x0000001251600000,0x0000001251700000] [id=11520]
  0x00000210c3819800 GCTaskThread "GC Thread#8" [stack: 0x0000001251700000,0x0000001251800000] [id=5480]
  0x00000210c3814000 GCTaskThread "GC Thread#9" [stack: 0x0000001251800000,0x0000001251900000] [id=11744]
  0x00000210c381a800 GCTaskThread "GC Thread#10" [stack: 0x0000001251900000,0x0000001251a00000] [id=30848]
  0x00000210c3814800 GCTaskThread "GC Thread#11" [stack: 0x0000001251a00000,0x0000001251b00000] [id=14648]
  0x00000210c3815000 GCTaskThread "GC Thread#12" [stack: 0x0000001251b00000,0x0000001251c00000] [id=27100]
  0x0000021092038800 ConcurrentGCThread "G1 Main Marker" [stack: 0x000000124f000000,0x000000124f100000] [id=26476]
  0x00000210bee18800 ConcurrentGCThread "G1 Conc#0" [stack: 0x000000124f100000,0x000000124f200000] [id=29908]
  0x00000210befd6000 ConcurrentGCThread "G1 Refine#0" [stack: 0x000000124f200000,0x000000124f300000] [id=26384]
  0x00000210befd7000 ConcurrentGCThread "G1 Young RemSet Sampling" [stack: 0x000000124f300000,0x000000124f400000] [id=29788]

Threads with active compile tasks:
C2 CompilerThread0     3060 1850   !   4       java.util.Formatter::format (280 bytes)
C2 CompilerThread1     3060 1871       4       java.util.regex.Pattern$CharPropertyGreedy::match (122 bytes)

VM state:not at safepoint (normal execution)

VM Mutex/Monitor currently owned by a thread: None

Heap address: 0x0000000603e00000, size: 8130 MB, Compressed Oops mode: Zero based, Oop shift amount: 3
Narrow klass base: 0x0000000800000000, Narrow klass shift: 3
Compressed class space size: 1073741824 Address: 0x0000000800b30000

Heap:
 garbage-first heap   total 522240K, used 20528K [0x0000000603e00000, 0x0000000800000000)
  region size 2048K, 9 young (18432K), 1 survivors (2048K)
 Metaspace       used 12527K, capacity 12866K, committed 13056K, reserved 1060864K
  class space    used 1393K, capacity 1535K, committed 1536K, reserved 1048576K
Heap Regions: E=young(eden), S=young(survivor), O=old, HS=humongous(starts), HC=humongous(continues), CS=collection set, F=free, OA=open archive, CA=closed archive, TAMS=top-at-mark-start (previous, next)
|   0|0x0000000603e00000, 0x0000000604000000, 0x0000000604000000|100%| O|  |TAMS 0x0000000603e00000, 0x0000000603e00000| Untracked 
|   1|0x0000000604000000, 0x0000000604200000, 0x0000000604200000|100%| O|  |TAMS 0x0000000604000000, 0x0000000604000000| Untracked 
|   2|0x0000000604200000, 0x000000060428a000, 0x0000000604400000| 26%| O|  |TAMS 0x0000000604200000, 0x0000000604200000| Untracked 
|   3|0x0000000604400000, 0x0000000604400000, 0x0000000604600000|  0%| F|  |TAMS 0x0000000604400000, 0x0000000604400000| Untracked 
|   4|0x0000000604600000, 0x0000000604600000, 0x0000000604800000|  0%| F|  |TAMS 0x0000000604600000, 0x0000000604600000| Untracked 
|   5|0x0000000604800000, 0x0000000604800000, 0x0000000604a00000|  0%| F|  |TAMS 0x0000000604800000, 0x0000000604800000| Untracked 
|   6|0x0000000604a00000, 0x0000000604a00000, 0x0000000604c00000|  0%| F|  |TAMS 0x0000000604a00000, 0x0000000604a00000| Untracked 
|   7|0x0000000604c00000, 0x0000000604c00000, 0x0000000604e00000|  0%| F|  |TAMS 0x0000000604c00000, 0x0000000604c00000| Untracked 
|   8|0x0000000604e00000, 0x0000000604e00000, 0x0000000605000000|  0%| F|  |TAMS 0x0000000604e00000, 0x0000000604e00000| Untracked 
|   9|0x0000000605000000, 0x0000000605000000, 0x0000000605200000|  0%| F|  |TAMS 0x0000000605000000, 0x0000000605000000| Untracked 
|  10|0x0000000605200000, 0x0000000605200000, 0x0000000605400000|  0%| F|  |TAMS 0x0000000605200000, 0x0000000605200000| Untracked 
|  11|0x0000000605400000, 0x0000000605400000, 0x0000000605600000|  0%| F|  |TAMS 0x0000000605400000, 0x0000000605400000| Untracked 
|  12|0x0000000605600000, 0x0000000605600000, 0x0000000605800000|  0%| F|  |TAMS 0x0000000605600000, 0x0000000605600000| Untracked 
|  13|0x0000000605800000, 0x0000000605800000, 0x0000000605a00000|  0%| F|  |TAMS 0x0000000605800000, 0x0000000605800000| Untracked 
|  14|0x0000000605a00000, 0x0000000605a00000, 0x0000000605c00000|  0%| F|  |TAMS 0x0000000605a00000, 0x0000000605a00000| Untracked 
|  15|0x0000000605c00000, 0x0000000605c00000, 0x0000000605e00000|  0%| F|  |TAMS 0x0000000605c00000, 0x0000000605c00000| Untracked 
|  16|0x0000000605e00000, 0x0000000605e00000, 0x0000000606000000|  0%| F|  |TAMS 0x0000000605e00000, 0x0000000605e00000| Untracked 
|  17|0x0000000606000000, 0x0000000606000000, 0x0000000606200000|  0%| F|  |TAMS 0x0000000606000000, 0x0000000606000000| Untracked 
|  18|0x0000000606200000, 0x0000000606200000, 0x0000000606400000|  0%| F|  |TAMS 0x0000000606200000, 0x0000000606200000| Untracked 
|  19|0x0000000606400000, 0x0000000606400000, 0x0000000606600000|  0%| F|  |TAMS 0x0000000606400000, 0x0000000606400000| Untracked 
|  20|0x0000000606600000, 0x0000000606600000, 0x0000000606800000|  0%| F|  |TAMS 0x0000000606600000, 0x0000000606600000| Untracked 
|  21|0x0000000606800000, 0x0000000606800000, 0x0000000606a00000|  0%| F|  |TAMS 0x0000000606800000, 0x0000000606800000| Untracked 
|  22|0x0000000606a00000, 0x0000000606a00000, 0x0000000606c00000|  0%| F|  |TAMS 0x0000000606a00000, 0x0000000606a00000| Untracked 
|  23|0x0000000606c00000, 0x0000000606c00000, 0x0000000606e00000|  0%| F|  |TAMS 0x0000000606c00000, 0x0000000606c00000| Untracked 
|  24|0x0000000606e00000, 0x0000000606e00000, 0x0000000607000000|  0%| F|  |TAMS 0x0000000606e00000, 0x0000000606e00000| Untracked 
|  25|0x0000000607000000, 0x0000000607000000, 0x0000000607200000|  0%| F|  |TAMS 0x0000000607000000, 0x0000000607000000| Untracked 
|  26|0x0000000607200000, 0x0000000607200000, 0x0000000607400000|  0%| F|  |TAMS 0x0000000607200000, 0x0000000607200000| Untracked 
|  27|0x0000000607400000, 0x0000000607400000, 0x0000000607600000|  0%| F|  |TAMS 0x0000000607400000, 0x0000000607400000| Untracked 
|  28|0x0000000607600000, 0x0000000607600000, 0x0000000607800000|  0%| F|  |TAMS 0x0000000607600000, 0x0000000607600000| Untracked 
|  29|0x0000000607800000, 0x0000000607800000, 0x0000000607a00000|  0%| F|  |TAMS 0x0000000607800000, 0x0000000607800000| Untracked 
|  30|0x0000000607a00000, 0x0000000607a00000, 0x0000000607c00000|  0%| F|  |TAMS 0x0000000607a00000, 0x0000000607a00000| Untracked 
|  31|0x0000000607c00000, 0x0000000607c00000, 0x0000000607e00000|  0%| F|  |TAMS 0x0000000607c00000, 0x0000000607c00000| Untracked 
|  32|0x0000000607e00000, 0x0000000607e00000, 0x0000000608000000|  0%| F|  |TAMS 0x0000000607e00000, 0x0000000607e00000| Untracked 
|  33|0x0000000608000000, 0x0000000608000000, 0x0000000608200000|  0%| F|  |TAMS 0x0000000608000000, 0x0000000608000000| Untracked 
|  34|0x0000000608200000, 0x0000000608200000, 0x0000000608400000|  0%| F|  |TAMS 0x0000000608200000, 0x0000000608200000| Untracked 
|  35|0x0000000608400000, 0x0000000608400000, 0x0000000608600000|  0%| F|  |TAMS 0x0000000608400000, 0x0000000608400000| Untracked 
|  36|0x0000000608600000, 0x0000000608600000, 0x0000000608800000|  0%| F|  |TAMS 0x0000000608600000, 0x0000000608600000| Untracked 
|  37|0x0000000608800000, 0x0000000608800000, 0x0000000608a00000|  0%| F|  |TAMS 0x0000000608800000, 0x0000000608800000| Untracked 
|  38|0x0000000608a00000, 0x0000000608a00000, 0x0000000608c00000|  0%| F|  |TAMS 0x0000000608a00000, 0x0000000608a00000| Untracked 
|  39|0x0000000608c00000, 0x0000000608c00000, 0x0000000608e00000|  0%| F|  |TAMS 0x0000000608c00000, 0x0000000608c00000| Untracked 
|  40|0x0000000608e00000, 0x0000000608e00000, 0x0000000609000000|  0%| F|  |TAMS 0x0000000608e00000, 0x0000000608e00000| Untracked 
|  41|0x0000000609000000, 0x0000000609000000, 0x0000000609200000|  0%| F|  |TAMS 0x0000000609000000, 0x0000000609000000| Untracked 
|  42|0x0000000609200000, 0x0000000609200000, 0x0000000609400000|  0%| F|  |TAMS 0x0000000609200000, 0x0000000609200000| Untracked 
|  43|0x0000000609400000, 0x0000000609400000, 0x0000000609600000|  0%| F|  |TAMS 0x0000000609400000, 0x0000000609400000| Untracked 
|  44|0x0000000609600000, 0x0000000609600000, 0x0000000609800000|  0%| F|  |TAMS 0x0000000609600000, 0x0000000609600000| Untracked 
|  45|0x0000000609800000, 0x0000000609800000, 0x0000000609a00000|  0%| F|  |TAMS 0x0000000609800000, 0x0000000609800000| Untracked 
|  46|0x0000000609a00000, 0x0000000609a00000, 0x0000000609c00000|  0%| F|  |TAMS 0x0000000609a00000, 0x0000000609a00000| Untracked 
|  47|0x0000000609c00000, 0x0000000609c00000, 0x0000000609e00000|  0%| F|  |TAMS 0x0000000609c00000, 0x0000000609c00000| Untracked 
|  48|0x0000000609e00000, 0x0000000609e00000, 0x000000060a000000|  0%| F|  |TAMS 0x0000000609e00000, 0x0000000609e00000| Untracked 
|  49|0x000000060a000000, 0x000000060a000000, 0x000000060a200000|  0%| F|  |TAMS 0x000000060a000000, 0x000000060a000000| Untracked 
|  50|0x000000060a200000, 0x000000060a200000, 0x000000060a400000|  0%| F|  |TAMS 0x000000060a200000, 0x000000060a200000| Untracked 
|  51|0x000000060a400000, 0x000000060a400000, 0x000000060a600000|  0%| F|  |TAMS 0x000000060a400000, 0x000000060a400000| Untracked 
|  52|0x000000060a600000, 0x000000060a600000, 0x000000060a800000|  0%| F|  |TAMS 0x000000060a600000, 0x000000060a600000| Untracked 
|  53|0x000000060a800000, 0x000000060a800000, 0x000000060aa00000|  0%| F|  |TAMS 0x000000060a800000, 0x000000060a800000| Untracked 
|  54|0x000000060aa00000, 0x000000060aa00000, 0x000000060ac00000|  0%| F|  |TAMS 0x000000060aa00000, 0x000000060aa00000| Untracked 
|  55|0x000000060ac00000, 0x000000060ac00000, 0x000000060ae00000|  0%| F|  |TAMS 0x000000060ac00000, 0x000000060ac00000| Untracked 
|  56|0x000000060ae00000, 0x000000060ae00000, 0x000000060b000000|  0%| F|  |TAMS 0x000000060ae00000, 0x000000060ae00000| Untracked 
|  57|0x000000060b000000, 0x000000060b000000, 0x000000060b200000|  0%| F|  |TAMS 0x000000060b000000, 0x000000060b000000| Untracked 
|  58|0x000000060b200000, 0x000000060b200000, 0x000000060b400000|  0%| F|  |TAMS 0x000000060b200000, 0x000000060b200000| Untracked 
|  59|0x000000060b400000, 0x000000060b400000, 0x000000060b600000|  0%| F|  |TAMS 0x000000060b400000, 0x000000060b400000| Untracked 
|  60|0x000000060b600000, 0x000000060b600000, 0x000000060b800000|  0%| F|  |TAMS 0x000000060b600000, 0x000000060b600000| Untracked 
|  61|0x000000060b800000, 0x000000060b800000, 0x000000060ba00000|  0%| F|  |TAMS 0x000000060b800000, 0x000000060b800000| Untracked 
|  62|0x000000060ba00000, 0x000000060ba00000, 0x000000060bc00000|  0%| F|  |TAMS 0x000000060ba00000, 0x000000060ba00000| Untracked 
|  63|0x000000060bc00000, 0x000000060bc00000, 0x000000060be00000|  0%| F|  |TAMS 0x000000060bc00000, 0x000000060bc00000| Untracked 
|  64|0x000000060be00000, 0x000000060be00000, 0x000000060c000000|  0%| F|  |TAMS 0x000000060be00000, 0x000000060be00000| Untracked 
|  65|0x000000060c000000, 0x000000060c000000, 0x000000060c200000|  0%| F|  |TAMS 0x000000060c000000, 0x000000060c000000| Untracked 
|  66|0x000000060c200000, 0x000000060c200000, 0x000000060c400000|  0%| F|  |TAMS 0x000000060c200000, 0x000000060c200000| Untracked 
|  67|0x000000060c400000, 0x000000060c400000, 0x000000060c600000|  0%| F|  |TAMS 0x000000060c400000, 0x000000060c400000| Untracked 
|  68|0x000000060c600000, 0x000000060c600000, 0x000000060c800000|  0%| F|  |TAMS 0x000000060c600000, 0x000000060c600000| Untracked 
|  69|0x000000060c800000, 0x000000060c800000, 0x000000060ca00000|  0%| F|  |TAMS 0x000000060c800000, 0x000000060c800000| Untracked 
|  70|0x000000060ca00000, 0x000000060ca00000, 0x000000060cc00000|  0%| F|  |TAMS 0x000000060ca00000, 0x000000060ca00000| Untracked 
|  71|0x000000060cc00000, 0x000000060cc00000, 0x000000060ce00000|  0%| F|  |TAMS 0x000000060cc00000, 0x000000060cc00000| Untracked 
|  72|0x000000060ce00000, 0x000000060ce00000, 0x000000060d000000|  0%| F|  |TAMS 0x000000060ce00000, 0x000000060ce00000| Untracked 
|  73|0x000000060d000000, 0x000000060d000000, 0x000000060d200000|  0%| F|  |TAMS 0x000000060d000000, 0x000000060d000000| Untracked 
|  74|0x000000060d200000, 0x000000060d200000, 0x000000060d400000|  0%| F|  |TAMS 0x000000060d200000, 0x000000060d200000| Untracked 
|  75|0x000000060d400000, 0x000000060d400000, 0x000000060d600000|  0%| F|  |TAMS 0x000000060d400000, 0x000000060d400000| Untracked 
|  76|0x000000060d600000, 0x000000060d600000, 0x000000060d800000|  0%| F|  |TAMS 0x000000060d600000, 0x000000060d600000| Untracked 
|  77|0x000000060d800000, 0x000000060d800000, 0x000000060da00000|  0%| F|  |TAMS 0x000000060d800000, 0x000000060d800000| Untracked 
|  78|0x000000060da00000, 0x000000060da00000, 0x000000060dc00000|  0%| F|  |TAMS 0x000000060da00000, 0x000000060da00000| Untracked 
|  79|0x000000060dc00000, 0x000000060dc00000, 0x000000060de00000|  0%| F|  |TAMS 0x000000060dc00000, 0x000000060dc00000| Untracked 
|  80|0x000000060de00000, 0x000000060de00000, 0x000000060e000000|  0%| F|  |TAMS 0x000000060de00000, 0x000000060de00000| Untracked 
|  81|0x000000060e000000, 0x000000060e000000, 0x000000060e200000|  0%| F|  |TAMS 0x000000060e000000, 0x000000060e000000| Untracked 
|  82|0x000000060e200000, 0x000000060e200000, 0x000000060e400000|  0%| F|  |TAMS 0x000000060e200000, 0x000000060e200000| Untracked 
|  83|0x000000060e400000, 0x000000060e400000, 0x000000060e600000|  0%| F|  |TAMS 0x000000060e400000, 0x000000060e400000| Untracked 
|  84|0x000000060e600000, 0x000000060e600000, 0x000000060e800000|  0%| F|  |TAMS 0x000000060e600000, 0x000000060e600000| Untracked 
|  85|0x000000060e800000, 0x000000060e800000, 0x000000060ea00000|  0%| F|  |TAMS 0x000000060e800000, 0x000000060e800000| Untracked 
|  86|0x000000060ea00000, 0x000000060ea00000, 0x000000060ec00000|  0%| F|  |TAMS 0x000000060ea00000, 0x000000060ea00000| Untracked 
|  87|0x000000060ec00000, 0x000000060ec00000, 0x000000060ee00000|  0%| F|  |TAMS 0x000000060ec00000, 0x000000060ec00000| Untracked 
|  88|0x000000060ee00000, 0x000000060ee00000, 0x000000060f000000|  0%| F|  |TAMS 0x000000060ee00000, 0x000000060ee00000| Untracked 
|  89|0x000000060f000000, 0x000000060f000000, 0x000000060f200000|  0%| F|  |TAMS 0x000000060f000000, 0x000000060f000000| Untracked 
|  90|0x000000060f200000, 0x000000060f200000, 0x000000060f400000|  0%| F|  |TAMS 0x000000060f200000, 0x000000060f200000| Untracked 
|  91|0x000000060f400000, 0x000000060f400000, 0x000000060f600000|  0%| F|  |TAMS 0x000000060f400000, 0x000000060f400000| Untracked 
|  92|0x000000060f600000, 0x000000060f600000, 0x000000060f800000|  0%| F|  |TAMS 0x000000060f600000, 0x000000060f600000| Untracked 
|  93|0x000000060f800000, 0x000000060f800000, 0x000000060fa00000|  0%| F|  |TAMS 0x000000060f800000, 0x000000060f800000| Untracked 
|  94|0x000000060fa00000, 0x000000060fa00000, 0x000000060fc00000|  0%| F|  |TAMS 0x000000060fa00000, 0x000000060fa00000| Untracked 
|  95|0x000000060fc00000, 0x000000060fc00000, 0x000000060fe00000|  0%| F|  |TAMS 0x000000060fc00000, 0x000000060fc00000| Untracked 
|  96|0x000000060fe00000, 0x000000060fe00000, 0x0000000610000000|  0%| F|  |TAMS 0x000000060fe00000, 0x000000060fe00000| Untracked 
|  97|0x0000000610000000, 0x0000000610000000, 0x0000000610200000|  0%| F|  |TAMS 0x0000000610000000, 0x0000000610000000| Untracked 
|  98|0x0000000610200000, 0x0000000610200000, 0x0000000610400000|  0%| F|  |TAMS 0x0000000610200000, 0x0000000610200000| Untracked 
|  99|0x0000000610400000, 0x0000000610400000, 0x0000000610600000|  0%| F|  |TAMS 0x0000000610400000, 0x0000000610400000| Untracked 
| 100|0x0000000610600000, 0x0000000610600000, 0x0000000610800000|  0%| F|  |TAMS 0x0000000610600000, 0x0000000610600000| Untracked 
| 101|0x0000000610800000, 0x0000000610800000, 0x0000000610a00000|  0%| F|  |TAMS 0x0000000610800000, 0x0000000610800000| Untracked 
| 102|0x0000000610a00000, 0x0000000610a00000, 0x0000000610c00000|  0%| F|  |TAMS 0x0000000610a00000, 0x0000000610a00000| Untracked 
| 103|0x0000000610c00000, 0x0000000610c00000, 0x0000000610e00000|  0%| F|  |TAMS 0x0000000610c00000, 0x0000000610c00000| Untracked 
| 104|0x0000000610e00000, 0x0000000610e00000, 0x0000000611000000|  0%| F|  |TAMS 0x0000000610e00000, 0x0000000610e00000| Untracked 
| 105|0x0000000611000000, 0x0000000611000000, 0x0000000611200000|  0%| F|  |TAMS 0x0000000611000000, 0x0000000611000000| Untracked 
| 106|0x0000000611200000, 0x0000000611200000, 0x0000000611400000|  0%| F|  |TAMS 0x0000000611200000, 0x0000000611200000| Untracked 
| 107|0x0000000611400000, 0x0000000611400000, 0x0000000611600000|  0%| F|  |TAMS 0x0000000611400000, 0x0000000611400000| Untracked 
| 108|0x0000000611600000, 0x0000000611600000, 0x0000000611800000|  0%| F|  |TAMS 0x0000000611600000, 0x0000000611600000| Untracked 
| 109|0x0000000611800000, 0x0000000611800000, 0x0000000611a00000|  0%| F|  |TAMS 0x0000000611800000, 0x0000000611800000| Untracked 
| 110|0x0000000611a00000, 0x0000000611a00000, 0x0000000611c00000|  0%| F|  |TAMS 0x0000000611a00000, 0x0000000611a00000| Untracked 
| 111|0x0000000611c00000, 0x0000000611c00000, 0x0000000611e00000|  0%| F|  |TAMS 0x0000000611c00000, 0x0000000611c00000| Untracked 
| 112|0x0000000611e00000, 0x0000000611e00000, 0x0000000612000000|  0%| F|  |TAMS 0x0000000611e00000, 0x0000000611e00000| Untracked 
| 113|0x0000000612000000, 0x0000000612000000, 0x0000000612200000|  0%| F|  |TAMS 0x0000000612000000, 0x0000000612000000| Untracked 
| 114|0x0000000612200000, 0x0000000612200000, 0x0000000612400000|  0%| F|  |TAMS 0x0000000612200000, 0x0000000612200000| Untracked 
| 115|0x0000000612400000, 0x0000000612400000, 0x0000000612600000|  0%| F|  |TAMS 0x0000000612400000, 0x0000000612400000| Untracked 
| 116|0x0000000612600000, 0x0000000612600000, 0x0000000612800000|  0%| F|  |TAMS 0x0000000612600000, 0x0000000612600000| Untracked 
| 117|0x0000000612800000, 0x0000000612800000, 0x0000000612a00000|  0%| F|  |TAMS 0x0000000612800000, 0x0000000612800000| Untracked 
| 118|0x0000000612a00000, 0x0000000612a00000, 0x0000000612c00000|  0%| F|  |TAMS 0x0000000612a00000, 0x0000000612a00000| Untracked 
| 119|0x0000000612c00000, 0x0000000612c00000, 0x0000000612e00000|  0%| F|  |TAMS 0x0000000612c00000, 0x0000000612c00000| Untracked 
| 120|0x0000000612e00000, 0x0000000612e00000, 0x0000000613000000|  0%| F|  |TAMS 0x0000000612e00000, 0x0000000612e00000| Untracked 
| 121|0x0000000613000000, 0x0000000613000000, 0x0000000613200000|  0%| F|  |TAMS 0x0000000613000000, 0x0000000613000000| Untracked 
| 122|0x0000000613200000, 0x0000000613200000, 0x0000000613400000|  0%| F|  |TAMS 0x0000000613200000, 0x0000000613200000| Untracked 
| 123|0x0000000613400000, 0x0000000613400000, 0x0000000613600000|  0%| F|  |TAMS 0x0000000613400000, 0x0000000613400000| Untracked 
| 124|0x0000000613600000, 0x0000000613600000, 0x0000000613800000|  0%| F|  |TAMS 0x0000000613600000, 0x0000000613600000| Untracked 
| 125|0x0000000613800000, 0x0000000613800000, 0x0000000613a00000|  0%| F|  |TAMS 0x0000000613800000, 0x0000000613800000| Untracked 
| 126|0x0000000613a00000, 0x0000000613a00000, 0x0000000613c00000|  0%| F|  |TAMS 0x0000000613a00000, 0x0000000613a00000| Untracked 
| 127|0x0000000613c00000, 0x0000000613c00000, 0x0000000613e00000|  0%| F|  |TAMS 0x0000000613c00000, 0x0000000613c00000| Untracked 
| 128|0x0000000613e00000, 0x0000000613e00000, 0x0000000614000000|  0%| F|  |TAMS 0x0000000613e00000, 0x0000000613e00000| Untracked 
| 129|0x0000000614000000, 0x0000000614000000, 0x0000000614200000|  0%| F|  |TAMS 0x0000000614000000, 0x0000000614000000| Untracked 
| 130|0x0000000614200000, 0x0000000614200000, 0x0000000614400000|  0%| F|  |TAMS 0x0000000614200000, 0x0000000614200000| Untracked 
| 131|0x0000000614400000, 0x0000000614400000, 0x0000000614600000|  0%| F|  |TAMS 0x0000000614400000, 0x0000000614400000| Untracked 
| 132|0x0000000614600000, 0x0000000614600000, 0x0000000614800000|  0%| F|  |TAMS 0x0000000614600000, 0x0000000614600000| Untracked 
| 133|0x0000000614800000, 0x0000000614800000, 0x0000000614a00000|  0%| F|  |TAMS 0x0000000614800000, 0x0000000614800000| Untracked 
| 134|0x0000000614a00000, 0x0000000614a00000, 0x0000000614c00000|  0%| F|  |TAMS 0x0000000614a00000, 0x0000000614a00000| Untracked 
| 135|0x0000000614c00000, 0x0000000614c00000, 0x0000000614e00000|  0%| F|  |TAMS 0x0000000614c00000, 0x0000000614c00000| Untracked 
| 136|0x0000000614e00000, 0x0000000614e00000, 0x0000000615000000|  0%| F|  |TAMS 0x0000000614e00000, 0x0000000614e00000| Untracked 
| 137|0x0000000615000000, 0x0000000615000000, 0x0000000615200000|  0%| F|  |TAMS 0x0000000615000000, 0x0000000615000000| Untracked 
| 138|0x0000000615200000, 0x0000000615200000, 0x0000000615400000|  0%| F|  |TAMS 0x0000000615200000, 0x0000000615200000| Untracked 
| 139|0x0000000615400000, 0x0000000615400000, 0x0000000615600000|  0%| F|  |TAMS 0x0000000615400000, 0x0000000615400000| Untracked 
| 140|0x0000000615600000, 0x0000000615600000, 0x0000000615800000|  0%| F|  |TAMS 0x0000000615600000, 0x0000000615600000| Untracked 
| 141|0x0000000615800000, 0x0000000615800000, 0x0000000615a00000|  0%| F|  |TAMS 0x0000000615800000, 0x0000000615800000| Untracked 
| 142|0x0000000615a00000, 0x0000000615a00000, 0x0000000615c00000|  0%| F|  |TAMS 0x0000000615a00000, 0x0000000615a00000| Untracked 
| 143|0x0000000615c00000, 0x0000000615c00000, 0x0000000615e00000|  0%| F|  |TAMS 0x0000000615c00000, 0x0000000615c00000| Untracked 
| 144|0x0000000615e00000, 0x0000000615e00000, 0x0000000616000000|  0%| F|  |TAMS 0x0000000615e00000, 0x0000000615e00000| Untracked 
| 145|0x0000000616000000, 0x0000000616000000, 0x0000000616200000|  0%| F|  |TAMS 0x0000000616000000, 0x0000000616000000| Untracked 
| 146|0x0000000616200000, 0x0000000616200000, 0x0000000616400000|  0%| F|  |TAMS 0x0000000616200000, 0x0000000616200000| Untracked 
| 147|0x0000000616400000, 0x0000000616400000, 0x0000000616600000|  0%| F|  |TAMS 0x0000000616400000, 0x0000000616400000| Untracked 
| 148|0x0000000616600000, 0x0000000616600000, 0x0000000616800000|  0%| F|  |TAMS 0x0000000616600000, 0x0000000616600000| Untracked 
| 149|0x0000000616800000, 0x0000000616800000, 0x0000000616a00000|  0%| F|  |TAMS 0x0000000616800000, 0x0000000616800000| Untracked 
| 150|0x0000000616a00000, 0x0000000616a00000, 0x0000000616c00000|  0%| F|  |TAMS 0x0000000616a00000, 0x0000000616a00000| Untracked 
| 151|0x0000000616c00000, 0x0000000616c00000, 0x0000000616e00000|  0%| F|  |TAMS 0x0000000616c00000, 0x0000000616c00000| Untracked 
| 152|0x0000000616e00000, 0x0000000616e00000, 0x0000000617000000|  0%| F|  |TAMS 0x0000000616e00000, 0x0000000616e00000| Untracked 
| 153|0x0000000617000000, 0x0000000617000000, 0x0000000617200000|  0%| F|  |TAMS 0x0000000617000000, 0x0000000617000000| Untracked 
| 154|0x0000000617200000, 0x0000000617200000, 0x0000000617400000|  0%| F|  |TAMS 0x0000000617200000, 0x0000000617200000| Untracked 
| 155|0x0000000617400000, 0x0000000617400000, 0x0000000617600000|  0%| F|  |TAMS 0x0000000617400000, 0x0000000617400000| Untracked 
| 156|0x0000000617600000, 0x0000000617600000, 0x0000000617800000|  0%| F|  |TAMS 0x0000000617600000, 0x0000000617600000| Untracked 
| 157|0x0000000617800000, 0x0000000617800000, 0x0000000617a00000|  0%| F|  |TAMS 0x0000000617800000, 0x0000000617800000| Untracked 
| 158|0x0000000617a00000, 0x0000000617a00000, 0x0000000617c00000|  0%| F|  |TAMS 0x0000000617a00000, 0x0000000617a00000| Untracked 
| 159|0x0000000617c00000, 0x0000000617c00000, 0x0000000617e00000|  0%| F|  |TAMS 0x0000000617c00000, 0x0000000617c00000| Untracked 
| 160|0x0000000617e00000, 0x0000000617e00000, 0x0000000618000000|  0%| F|  |TAMS 0x0000000617e00000, 0x0000000617e00000| Untracked 
| 161|0x0000000618000000, 0x0000000618000000, 0x0000000618200000|  0%| F|  |TAMS 0x0000000618000000, 0x0000000618000000| Untracked 
| 162|0x0000000618200000, 0x0000000618200000, 0x0000000618400000|  0%| F|  |TAMS 0x0000000618200000, 0x0000000618200000| Untracked 
| 163|0x0000000618400000, 0x0000000618400000, 0x0000000618600000|  0%| F|  |TAMS 0x0000000618400000, 0x0000000618400000| Untracked 
| 164|0x0000000618600000, 0x0000000618600000, 0x0000000618800000|  0%| F|  |TAMS 0x0000000618600000, 0x0000000618600000| Untracked 
| 165|0x0000000618800000, 0x0000000618800000, 0x0000000618a00000|  0%| F|  |TAMS 0x0000000618800000, 0x0000000618800000| Untracked 
| 166|0x0000000618a00000, 0x0000000618a00000, 0x0000000618c00000|  0%| F|  |TAMS 0x0000000618a00000, 0x0000000618a00000| Untracked 
| 167|0x0000000618c00000, 0x0000000618c00000, 0x0000000618e00000|  0%| F|  |TAMS 0x0000000618c00000, 0x0000000618c00000| Untracked 
| 168|0x0000000618e00000, 0x0000000618e00000, 0x0000000619000000|  0%| F|  |TAMS 0x0000000618e00000, 0x0000000618e00000| Untracked 
| 169|0x0000000619000000, 0x0000000619000000, 0x0000000619200000|  0%| F|  |TAMS 0x0000000619000000, 0x0000000619000000| Untracked 
| 170|0x0000000619200000, 0x0000000619200000, 0x0000000619400000|  0%| F|  |TAMS 0x0000000619200000, 0x0000000619200000| Untracked 
| 171|0x0000000619400000, 0x0000000619400000, 0x0000000619600000|  0%| F|  |TAMS 0x0000000619400000, 0x0000000619400000| Untracked 
| 172|0x0000000619600000, 0x0000000619600000, 0x0000000619800000|  0%| F|  |TAMS 0x0000000619600000, 0x0000000619600000| Untracked 
| 173|0x0000000619800000, 0x0000000619800000, 0x0000000619a00000|  0%| F|  |TAMS 0x0000000619800000, 0x0000000619800000| Untracked 
| 174|0x0000000619a00000, 0x0000000619a00000, 0x0000000619c00000|  0%| F|  |TAMS 0x0000000619a00000, 0x0000000619a00000| Untracked 
| 175|0x0000000619c00000, 0x0000000619c00000, 0x0000000619e00000|  0%| F|  |TAMS 0x0000000619c00000, 0x0000000619c00000| Untracked 
| 176|0x0000000619e00000, 0x0000000619e00000, 0x000000061a000000|  0%| F|  |TAMS 0x0000000619e00000, 0x0000000619e00000| Untracked 
| 177|0x000000061a000000, 0x000000061a000000, 0x000000061a200000|  0%| F|  |TAMS 0x000000061a000000, 0x000000061a000000| Untracked 
| 178|0x000000061a200000, 0x000000061a200000, 0x000000061a400000|  0%| F|  |TAMS 0x000000061a200000, 0x000000061a200000| Untracked 
| 179|0x000000061a400000, 0x000000061a400000, 0x000000061a600000|  0%| F|  |TAMS 0x000000061a400000, 0x000000061a400000| Untracked 
| 180|0x000000061a600000, 0x000000061a600000, 0x000000061a800000|  0%| F|  |TAMS 0x000000061a600000, 0x000000061a600000| Untracked 
| 181|0x000000061a800000, 0x000000061a800000, 0x000000061aa00000|  0%| F|  |TAMS 0x000000061a800000, 0x000000061a800000| Untracked 
| 182|0x000000061aa00000, 0x000000061aa00000, 0x000000061ac00000|  0%| F|  |TAMS 0x000000061aa00000, 0x000000061aa00000| Untracked 
| 183|0x000000061ac00000, 0x000000061ac00000, 0x000000061ae00000|  0%| F|  |TAMS 0x000000061ac00000, 0x000000061ac00000| Untracked 
| 184|0x000000061ae00000, 0x000000061ae00000, 0x000000061b000000|  0%| F|  |TAMS 0x000000061ae00000, 0x000000061ae00000| Untracked 
| 185|0x000000061b000000, 0x000000061b000000, 0x000000061b200000|  0%| F|  |TAMS 0x000000061b000000, 0x000000061b000000| Untracked 
| 186|0x000000061b200000, 0x000000061b200000, 0x000000061b400000|  0%| F|  |TAMS 0x000000061b200000, 0x000000061b200000| Untracked 
| 187|0x000000061b400000, 0x000000061b400000, 0x000000061b600000|  0%| F|  |TAMS 0x000000061b400000, 0x000000061b400000| Untracked 
| 188|0x000000061b600000, 0x000000061b600000, 0x000000061b800000|  0%| F|  |TAMS 0x000000061b600000, 0x000000061b600000| Untracked 
| 189|0x000000061b800000, 0x000000061b800000, 0x000000061ba00000|  0%| F|  |TAMS 0x000000061b800000, 0x000000061b800000| Untracked 
| 190|0x000000061ba00000, 0x000000061ba00000, 0x000000061bc00000|  0%| F|  |TAMS 0x000000061ba00000, 0x000000061ba00000| Untracked 
| 191|0x000000061bc00000, 0x000000061bc00000, 0x000000061be00000|  0%| F|  |TAMS 0x000000061bc00000, 0x000000061bc00000| Untracked 
| 192|0x000000061be00000, 0x000000061be00000, 0x000000061c000000|  0%| F|  |TAMS 0x000000061be00000, 0x000000061be00000| Untracked 
| 193|0x000000061c000000, 0x000000061c000000, 0x000000061c200000|  0%| F|  |TAMS 0x000000061c000000, 0x000000061c000000| Untracked 
| 194|0x000000061c200000, 0x000000061c200000, 0x000000061c400000|  0%| F|  |TAMS 0x000000061c200000, 0x000000061c200000| Untracked 
| 195|0x000000061c400000, 0x000000061c400000, 0x000000061c600000|  0%| F|  |TAMS 0x000000061c400000, 0x000000061c400000| Untracked 
| 196|0x000000061c600000, 0x000000061c600000, 0x000000061c800000|  0%| F|  |TAMS 0x000000061c600000, 0x000000061c600000| Untracked 
| 197|0x000000061c800000, 0x000000061c800000, 0x000000061ca00000|  0%| F|  |TAMS 0x000000061c800000, 0x000000061c800000| Untracked 
| 198|0x000000061ca00000, 0x000000061ca00000, 0x000000061cc00000|  0%| F|  |TAMS 0x000000061ca00000, 0x000000061ca00000| Untracked 
| 199|0x000000061cc00000, 0x000000061cc00000, 0x000000061ce00000|  0%| F|  |TAMS 0x000000061cc00000, 0x000000061cc00000| Untracked 
| 200|0x000000061ce00000, 0x000000061ce00000, 0x000000061d000000|  0%| F|  |TAMS 0x000000061ce00000, 0x000000061ce00000| Untracked 
| 201|0x000000061d000000, 0x000000061d000000, 0x000000061d200000|  0%| F|  |TAMS 0x000000061d000000, 0x000000061d000000| Untracked 
| 202|0x000000061d200000, 0x000000061d200000, 0x000000061d400000|  0%| F|  |TAMS 0x000000061d200000, 0x000000061d200000| Untracked 
| 203|0x000000061d400000, 0x000000061d400000, 0x000000061d600000|  0%| F|  |TAMS 0x000000061d400000, 0x000000061d400000| Untracked 
| 204|0x000000061d600000, 0x000000061d600000, 0x000000061d800000|  0%| F|  |TAMS 0x000000061d600000, 0x000000061d600000| Untracked 
| 205|0x000000061d800000, 0x000000061d800000, 0x000000061da00000|  0%| F|  |TAMS 0x000000061d800000, 0x000000061d800000| Untracked 
| 206|0x000000061da00000, 0x000000061da00000, 0x000000061dc00000|  0%| F|  |TAMS 0x000000061da00000, 0x000000061da00000| Untracked 
| 207|0x000000061dc00000, 0x000000061dc00000, 0x000000061de00000|  0%| F|  |TAMS 0x000000061dc00000, 0x000000061dc00000| Untracked 
| 208|0x000000061de00000, 0x000000061de00000, 0x000000061e000000|  0%| F|  |TAMS 0x000000061de00000, 0x000000061de00000| Untracked 
| 209|0x000000061e000000, 0x000000061e000000, 0x000000061e200000|  0%| F|  |TAMS 0x000000061e000000, 0x000000061e000000| Untracked 
| 210|0x000000061e200000, 0x000000061e200000, 0x000000061e400000|  0%| F|  |TAMS 0x000000061e200000, 0x000000061e200000| Untracked 
| 211|0x000000061e400000, 0x000000061e400000, 0x000000061e600000|  0%| F|  |TAMS 0x000000061e400000, 0x000000061e400000| Untracked 
| 212|0x000000061e600000, 0x000000061e600000, 0x000000061e800000|  0%| F|  |TAMS 0x000000061e600000, 0x000000061e600000| Untracked 
| 213|0x000000061e800000, 0x000000061e800000, 0x000000061ea00000|  0%| F|  |TAMS 0x000000061e800000, 0x000000061e800000| Untracked 
| 214|0x000000061ea00000, 0x000000061ea00000, 0x000000061ec00000|  0%| F|  |TAMS 0x000000061ea00000, 0x000000061ea00000| Untracked 
| 215|0x000000061ec00000, 0x000000061ec00000, 0x000000061ee00000|  0%| F|  |TAMS 0x000000061ec00000, 0x000000061ec00000| Untracked 
| 216|0x000000061ee00000, 0x000000061ee00000, 0x000000061f000000|  0%| F|  |TAMS 0x000000061ee00000, 0x000000061ee00000| Untracked 
| 217|0x000000061f000000, 0x000000061f000000, 0x000000061f200000|  0%| F|  |TAMS 0x000000061f000000, 0x000000061f000000| Untracked 
| 218|0x000000061f200000, 0x000000061f200000, 0x000000061f400000|  0%| F|  |TAMS 0x000000061f200000, 0x000000061f200000| Untracked 
| 219|0x000000061f400000, 0x000000061f400000, 0x000000061f600000|  0%| F|  |TAMS 0x000000061f400000, 0x000000061f400000| Untracked 
| 220|0x000000061f600000, 0x000000061f600000, 0x000000061f800000|  0%| F|  |TAMS 0x000000061f600000, 0x000000061f600000| Untracked 
| 221|0x000000061f800000, 0x000000061f800000, 0x000000061fa00000|  0%| F|  |TAMS 0x000000061f800000, 0x000000061f800000| Untracked 
| 222|0x000000061fa00000, 0x000000061fa00000, 0x000000061fc00000|  0%| F|  |TAMS 0x000000061fa00000, 0x000000061fa00000| Untracked 
| 223|0x000000061fc00000, 0x000000061fc00000, 0x000000061fe00000|  0%| F|  |TAMS 0x000000061fc00000, 0x000000061fc00000| Untracked 
| 224|0x000000061fe00000, 0x000000061fe00000, 0x0000000620000000|  0%| F|  |TAMS 0x000000061fe00000, 0x000000061fe00000| Untracked 
| 225|0x0000000620000000, 0x0000000620000000, 0x0000000620200000|  0%| F|  |TAMS 0x0000000620000000, 0x0000000620000000| Untracked 
| 226|0x0000000620200000, 0x0000000620200000, 0x0000000620400000|  0%| F|  |TAMS 0x0000000620200000, 0x0000000620200000| Untracked 
| 227|0x0000000620400000, 0x0000000620400000, 0x0000000620600000|  0%| F|  |TAMS 0x0000000620400000, 0x0000000620400000| Untracked 
| 228|0x0000000620600000, 0x0000000620600000, 0x0000000620800000|  0%| F|  |TAMS 0x0000000620600000, 0x0000000620600000| Untracked 
| 229|0x0000000620800000, 0x0000000620800000, 0x0000000620a00000|  0%| F|  |TAMS 0x0000000620800000, 0x0000000620800000| Untracked 
| 230|0x0000000620a00000, 0x0000000620a00000, 0x0000000620c00000|  0%| F|  |TAMS 0x0000000620a00000, 0x0000000620a00000| Untracked 
| 231|0x0000000620c00000, 0x0000000620c00000, 0x0000000620e00000|  0%| F|  |TAMS 0x0000000620c00000, 0x0000000620c00000| Untracked 
| 232|0x0000000620e00000, 0x0000000620e00000, 0x0000000621000000|  0%| F|  |TAMS 0x0000000620e00000, 0x0000000620e00000| Untracked 
| 233|0x0000000621000000, 0x0000000621000000, 0x0000000621200000|  0%| F|  |TAMS 0x0000000621000000, 0x0000000621000000| Untracked 
| 234|0x0000000621200000, 0x0000000621200000, 0x0000000621400000|  0%| F|  |TAMS 0x0000000621200000, 0x0000000621200000| Untracked 
| 235|0x0000000621400000, 0x0000000621400000, 0x0000000621600000|  0%| F|  |TAMS 0x0000000621400000, 0x0000000621400000| Untracked 
| 236|0x0000000621600000, 0x0000000621600000, 0x0000000621800000|  0%| F|  |TAMS 0x0000000621600000, 0x0000000621600000| Untracked 
| 237|0x0000000621800000, 0x0000000621800000, 0x0000000621a00000|  0%| F|  |TAMS 0x0000000621800000, 0x0000000621800000| Untracked 
| 238|0x0000000621a00000, 0x0000000621b82098, 0x0000000621c00000| 75%| S|CS|TAMS 0x0000000621a00000, 0x0000000621a00000| Complete 
| 239|0x0000000621c00000, 0x0000000621c00000, 0x0000000621e00000|  0%| F|  |TAMS 0x0000000621c00000, 0x0000000621c00000| Untracked 
| 240|0x0000000621e00000, 0x0000000621e00000, 0x0000000622000000|  0%| F|  |TAMS 0x0000000621e00000, 0x0000000621e00000| Untracked 
| 241|0x0000000622000000, 0x0000000622000000, 0x0000000622200000|  0%| F|  |TAMS 0x0000000622000000, 0x0000000622000000| Untracked 
| 242|0x0000000622200000, 0x0000000622200000, 0x0000000622400000|  0%| F|  |TAMS 0x0000000622200000, 0x0000000622200000| Untracked 
| 243|0x0000000622400000, 0x0000000622400000, 0x0000000622600000|  0%| F|  |TAMS 0x0000000622400000, 0x0000000622400000| Untracked 
| 244|0x0000000622600000, 0x0000000622600000, 0x0000000622800000|  0%| F|  |TAMS 0x0000000622600000, 0x0000000622600000| Untracked 
| 245|0x0000000622800000, 0x0000000622800000, 0x0000000622a00000|  0%| F|  |TAMS 0x0000000622800000, 0x0000000622800000| Untracked 
| 246|0x0000000622a00000, 0x0000000622a00000, 0x0000000622c00000|  0%| F|  |TAMS 0x0000000622a00000, 0x0000000622a00000| Untracked 
| 247|0x0000000622c00000, 0x0000000622c783d0, 0x0000000622e00000| 23%| E|  |TAMS 0x0000000622c00000, 0x0000000622c00000| Complete 
| 248|0x0000000622e00000, 0x0000000623000000, 0x0000000623000000|100%| E|CS|TAMS 0x0000000622e00000, 0x0000000622e00000| Complete 
| 249|0x0000000623000000, 0x0000000623200000, 0x0000000623200000|100%| E|CS|TAMS 0x0000000623000000, 0x0000000623000000| Complete 
| 250|0x0000000623200000, 0x0000000623400000, 0x0000000623400000|100%| E|CS|TAMS 0x0000000623200000, 0x0000000623200000| Complete 
| 251|0x0000000623400000, 0x0000000623600000, 0x0000000623600000|100%| E|CS|TAMS 0x0000000623400000, 0x0000000623400000| Complete 
| 252|0x0000000623600000, 0x0000000623800000, 0x0000000623800000|100%| E|CS|TAMS 0x0000000623600000, 0x0000000623600000| Complete 
| 253|0x0000000623800000, 0x0000000623a00000, 0x0000000623a00000|100%| E|CS|TAMS 0x0000000623800000, 0x0000000623800000| Complete 
| 254|0x0000000623a00000, 0x0000000623c00000, 0x0000000623c00000|100%| E|CS|TAMS 0x0000000623a00000, 0x0000000623a00000| Complete 

Card table byte_map: [0x00000210ace80000,0x00000210ade70000] _byte_map_base: 0x00000210a9e61000

Marking Bits (Prev, Next): (CMBitMap*) 0x000002109201fb38, (CMBitMap*) 0x000002109201fb78
 Prev Bits: [0x00000210aee60000, 0x00000210b6d68000)
 Next Bits: [0x00000210b6d70000, 0x00000210bec78000)

Polling page: 0x0000021092040000

Metaspace:

Usage:
  Non-class:     11.07 MB capacity,    10.87 MB ( 98%) used,   172.73 KB (  2%) free+waste,    24.56 KB ( <1%) overhead. 
      Class:      1.50 MB capacity,     1.36 MB ( 91%) used,   127.91 KB (  8%) free+waste,    13.13 KB ( <1%) overhead. 
       Both:     12.56 MB capacity,    12.23 MB ( 97%) used,   300.64 KB (  2%) free+waste,    37.69 KB ( <1%) overhead. 

Virtual space:
  Non-class space:       12.00 MB reserved,      11.25 MB ( 94%) committed 
      Class space:        1.00 GB reserved,       1.50 MB ( <1%) committed 
             Both:        1.01 GB reserved,      12.75 MB (  1%) committed 

Chunk freelists:
   Non-Class:  61.00 KB
       Class:  1.00 KB
        Both:  62.00 KB

MaxMetaspaceSize: 17179869184.00 GB
CompressedClassSpaceSize: 1.00 GB

CodeHeap 'non-profiled nmethods': size=119168Kb used=876Kb max_used=876Kb free=118291Kb
 bounds [0x00000210a3a80000, 0x00000210a3cf0000, 0x00000210aaee0000]
CodeHeap 'profiled nmethods': size=119104Kb used=3760Kb max_used=3760Kb free=115343Kb
 bounds [0x000002109c630000, 0x000002109c9e0000, 0x00000210a3a80000]
CodeHeap 'non-nmethods': size=7488Kb used=1788Kb max_used=2994Kb free=5699Kb
 bounds [0x000002109bee0000, 0x000002109c1e0000, 0x000002109c630000]
 total_blobs=3123 nmethods=1895 adapters=401
 compilation: enabled
              stopped_count=0, restarted_count=0
 full_count=0

Compilation events (20 events):
Event: 3.016 Thread 0x00000210c20aa800 1857       3       org.eclipse.jetty.http.HttpFields$ListItr::hasNext (20 bytes)
Event: 3.016 Thread 0x00000210c20aa800 nmethod 1857 0x000002109c9c3790 code [0x000002109c9c3920, 0x000002109c9c3ab8]
Event: 3.016 Thread 0x00000210c1f5d800 1858       3       java.util.BitSet::wordIndex (5 bytes)
Event: 3.016 Thread 0x00000210c20aa800 1859       3       java.util.BitSet::checkInvariants (111 bytes)
Event: 3.016 Thread 0x00000210c1f5d800 nmethod 1858 0x000002109c9c3b90 code [0x000002109c9c3d20, 0x000002109c9c3df8]
Event: 3.016 Thread 0x00000210c20aa800 nmethod 1859 0x000002109c9c3e90 code [0x000002109c9c4020, 0x000002109c9c4178]
Event: 3.016 Thread 0x00000210c20aa800 1860       3       java.security.AccessController::executePrivileged (65 bytes)
Event: 3.016 Thread 0x00000210c20aa800 nmethod 1860 0x000002109c9c4210 code [0x000002109c9c43e0, 0x000002109c9c46d8]
Event: 3.017 Thread 0x00000210c1f5d800 1861       1       sun.nio.fs.NativeBuffer::setOwner (6 bytes)
Event: 3.017 Thread 0x00000210c1f5d800 nmethod 1861 0x00000210a3b52790 code [0x00000210a3b52920, 0x00000210a3b52a58]
Event: 3.018 Thread 0x00000210c1f5d800 1863   !   3       java.io.WinNTFileSystem::resolve (362 bytes)
Event: 3.020 Thread 0x00000210c20aa800 1865       3       java.util.HashMap::removeNode (291 bytes)
Event: 3.021 Thread 0x00000210c20aa800 nmethod 1865 0x000002109c9c4810 code [0x000002109c9c4aa0, 0x000002109c9c5e98]
Event: 3.021 Thread 0x00000210c20aa800 1864       3       java.util.HashMap::remove (26 bytes)
Event: 3.021 Thread 0x00000210c583d800 nmethod 1852 0x00000210a3b52b10 code [0x00000210a3b52d20, 0x00000210a3b533f8]
Event: 3.021 Thread 0x00000210c583d800 1825       4       java.util.Formatter$FixedString::print (26 bytes)
Event: 3.022 Thread 0x00000210c20aa800 nmethod 1864 0x000002109c9c6310 code [0x000002109c9c64e0, 0x000002109c9c6858]
Event: 3.022 Thread 0x00000210c20aa800 1866       3       java.util.HashSet::remove (20 bytes)
Event: 3.022 Thread 0x00000210c20aa800 nmethod 1866 0x000002109c9c6990 code [0x000002109c9c6b40, 0x000002109c9c6da8]
Event: 3.022 Thread 0x00000210c20aa800 1867   !   3       java.util.regex.Pattern::closure (353 bytes)

GC Heap History (4 events):
Event: 0.437 GC heap before
{Heap before GC invocations=0 (full 0):
 garbage-first heap   total 522240K, used 22528K [0x0000000603e00000, 0x0000000800000000)
  region size 2048K, 12 young (24576K), 0 survivors (0K)
 Metaspace       used 5679K, capacity 7085K, committed 7296K, reserved 1056768K
  class space    used 629K, capacity 798K, committed 896K, reserved 1048576K
}
Event: 0.441 GC heap after
{Heap after GC invocations=1 (full 0):
 garbage-first heap   total 522240K, used 4715K [0x0000000603e00000, 0x0000000800000000)
  region size 2048K, 2 young (4096K), 2 survivors (4096K)
 Metaspace       used 5679K, capacity 7085K, committed 7296K, reserved 1056768K
  class space    used 629K, capacity 798K, committed 896K, reserved 1048576K
}
Event: 1.899 GC heap before
{Heap before GC invocations=1 (full 0):
 garbage-first heap   total 522240K, used 31339K [0x0000000603e00000, 0x0000000800000000)
  region size 2048K, 16 young (32768K), 2 survivors (4096K)
 Metaspace       used 11804K, capacity 12079K, committed 12288K, reserved 1060864K
  class space    used 1303K, capacity 1427K, committed 1536K, reserved 1048576K
}
Event: 1.902 GC heap after
{Heap after GC invocations=2 (full 0):
 garbage-first heap   total 522240K, used 6192K [0x0000000603e00000, 0x0000000800000000)
  region size 2048K, 1 young (2048K), 1 survivors (2048K)
 Metaspace       used 11804K, capacity 12079K, committed 12288K, reserved 1060864K
  class space    used 1303K, capacity 1427K, committed 1536K, reserved 1048576K
}

Deoptimization events (20 events):
Event: 1.954 Thread 0x00000210c3707800 DEOPT PACKING pc=0x00000210a3b3b470 sp=0x0000001250afdaf0
Event: 1.954 Thread 0x00000210c3707800 DEOPT UNPACKING pc=0x000002109bf2912f sp=0x0000001250afdaa0 mode 2
Event: 1.954 Thread 0x00000210c3707800 Uncommon trap: trap_request=0xffffffc6 fr.pc=0x00000210a3b3b470 relative=0x0000000000000770
Event: 1.954 Thread 0x00000210c3707800 Uncommon trap: reason=bimorphic_or_optimized_type_check action=maybe_recompile pc=0x00000210a3b3b470 method=java.util.regex.Pattern$GroupTail.match(Ljava/util/regex/Matcher;ILjava/lang/CharSequence;)Z @ 70 c2
Event: 1.954 Thread 0x00000210c3707800 DEOPT PACKING pc=0x00000210a3b3b470 sp=0x0000001250afdaf0
Event: 1.954 Thread 0x00000210c3707800 DEOPT UNPACKING pc=0x000002109bf2912f sp=0x0000001250afdaa0 mode 2
Event: 1.954 Thread 0x00000210c3707800 Uncommon trap: trap_request=0xffffffc6 fr.pc=0x00000210a3b3b470 relative=0x0000000000000770
Event: 1.954 Thread 0x00000210c3707800 Uncommon trap: reason=bimorphic_or_optimized_type_check action=maybe_recompile pc=0x00000210a3b3b470 method=java.util.regex.Pattern$GroupTail.match(Ljava/util/regex/Matcher;ILjava/lang/CharSequence;)Z @ 70 c2
Event: 1.954 Thread 0x00000210c3707800 DEOPT PACKING pc=0x00000210a3b3b470 sp=0x0000001250afdaf0
Event: 1.954 Thread 0x00000210c3707800 DEOPT UNPACKING pc=0x000002109bf2912f sp=0x0000001250afdaa0 mode 2
Event: 1.954 Thread 0x00000210c3707800 Uncommon trap: trap_request=0xffffffc6 fr.pc=0x00000210a3b3b470 relative=0x0000000000000770
Event: 1.954 Thread 0x00000210c3707800 Uncommon trap: reason=bimorphic_or_optimized_type_check action=maybe_recompile pc=0x00000210a3b3b470 method=java.util.regex.Pattern$GroupTail.match(Ljava/util/regex/Matcher;ILjava/lang/CharSequence;)Z @ 70 c2
Event: 1.954 Thread 0x00000210c3707800 DEOPT PACKING pc=0x00000210a3b3b470 sp=0x0000001250afdaf0
Event: 1.954 Thread 0x00000210c3707800 DEOPT UNPACKING pc=0x000002109bf2912f sp=0x0000001250afdaa0 mode 2
Event: 1.960 Thread 0x00000210c3707800 DEOPT PACKING pc=0x000002109c74c1b4 sp=0x0000001250afca70
Event: 1.960 Thread 0x00000210c3707800 DEOPT UNPACKING pc=0x000002109bf2964e sp=0x0000001250afbf98 mode 0
Event: 3.021 Thread 0x00000210c36ce800 Uncommon trap: trap_request=0xffffff45 fr.pc=0x00000210a3b434dc relative=0x00000000000003fc
Event: 3.021 Thread 0x00000210c36ce800 Uncommon trap: reason=unstable_if action=reinterpret pc=0x00000210a3b434dc method=java.util.regex.Pattern$SliceI.match(Ljava/util/regex/Matcher;ILjava/lang/CharSequence;)Z @ 58 c2
Event: 3.021 Thread 0x00000210c36ce800 DEOPT PACKING pc=0x00000210a3b434dc sp=0x00000012509fdeb0
Event: 3.021 Thread 0x00000210c36ce800 DEOPT UNPACKING pc=0x000002109bf2912f sp=0x00000012509fde28 mode 2

Classes unloaded (0 events):
No events

Classes redefined (0 events):
No events

Internal exceptions (20 events):
Event: 0.295 Thread 0x0000021091f9a000 Exception <a 'java/lang/NoSuchMethodError'{0x0000000622e2c398}: 'void java.lang.invoke.DirectMethodHandle$Holder.invokeStatic(java.lang.Object, java.lang.Object, java.lang.Object, java.lang.Object)'> (0x0000000622e2c398) 
thrown [./open/src/hotspot/share/interpreter/linkResolver.cpp, line 766]
Event: 0.336 Thread 0x00000210c314a000 Exception <a 'java/lang/NoSuchMethodError'{0x0000000622cc1c58}: 'void java.lang.invoke.DirectMethodHandle$Holder.invokeStaticInit(java.lang.Object)'> (0x0000000622cc1c58) 
thrown [./open/src/hotspot/share/interpreter/linkResolver.cpp, line 766]
Event: 0.349 Thread 0x00000210c314a000 Implicit null exception at 0x00000210a3aa8fe8 to 0x00000210a3aa907a
Event: 0.349 Thread 0x00000210c314a000 Implicit null exception at 0x00000210a3aab72f to 0x00000210a3aab7ad
Event: 0.402 Thread 0x00000210c314a000 Exception <a 'java/lang/NoSuchMethodError'{0x00000006228d5f18}: 'int java.lang.invoke.DirectMethodHandle$Holder.invokeInterface(java.lang.Object, java.lang.Object)'> (0x00000006228d5f18) 
thrown [./open/src/hotspot/share/interpreter/linkResolver.cpp, line 766]
Event: 0.417 Thread 0x00000210c314a000 Exception <a 'java/lang/NoSuchMethodError'{0x00000006224939a8}: 'java.lang.Object java.lang.invoke.DirectMethodHandle$Holder.invokeStaticInit(java.lang.Object, int, int, int, int)'> (0x00000006224939a8) 
thrown [./open/src/hotspot/share/interpreter/linkResolver.cpp, line 766]
Event: 0.434 Thread 0x00000210c314a000 Exception <a 'java/lang/NoSuchMethodError'{0x00000006225de130}: 'java.lang.Object java.lang.invoke.DirectMethodHandle$Holder.invokeStatic(java.lang.Object, int, java.lang.Object)'> (0x00000006225de130) 
thrown [./open/src/hotspot/share/interpreter/linkResolver.cpp, line 766]
Event: 0.493 Thread 0x00000210c314a000 Exception <a 'java/lang/NoSuchMethodError'{0x0000000623bb6e30}: 'java.lang.Object java.lang.invoke.DirectMethodHandle$Holder.invokeStaticInit(java.lang.Object, java.lang.Object, int, int, int, int)'> (0x0000000623bb6e30) 
thrown [./open/src/hotspot/share/interpreter/linkResolver.cpp, line 766]
Event: 0.498 Thread 0x00000210c314a000 Exception <a 'java/lang/NoSuchMethodError'{0x0000000623bc2460}: 'void java.lang.invoke.DirectMethodHandle$Holder.invokeInterface(java.lang.Object, java.lang.Object)'> (0x0000000623bc2460) 
thrown [./open/src/hotspot/share/interpreter/linkResolver.cpp, line 766]
Event: 1.680 Thread 0x00000210c3710000 Exception <a 'java/lang/NoSuchMethodError'{0x000000062309f330}: 'void java.lang.invoke.DirectMethodHandle$Holder.invokeSpecial(java.lang.Object, java.lang.Object, java.lang.Object, java.lang.Object)'> (0x000000062309f330) 
thrown [./open/src/hotspot/share/interpreter/linkResolver.cpp, line 766]
Event: 1.681 Thread 0x00000210c3710000 Exception <a 'java/lang/NoSuchMethodError'{0x00000006230a1c80}: 'void java.lang.invoke.Invokers$Holder.invoke_MT(java.lang.Object, java.lang.Object, java.lang.Object, java.lang.Object)'> (0x00000006230a1c80) 
thrown [./open/src/hotspot/share/interpreter/linkResolver.cpp, line 766]
Event: 1.699 Thread 0x00000210c3710000 Exception <a 'sun/nio/fs/WindowsException'{0x000000062318c040}> (0x000000062318c040) 
thrown [./open/src/hotspot/share/prims/jni.cpp, line 599]
Event: 1.824 Thread 0x00000210c3710000 Exception <a 'java/lang/NoSuchMethodError'{0x0000000621ffab88}: 'int java.lang.invoke.DirectMethodHandle$Holder.invokeSpecialIFC(java.lang.Object, java.lang.Object, int)'> (0x0000000621ffab88) 
thrown [./open/src/hotspot/share/interpreter/linkResolver.cpp, line 766]
Event: 1.908 Thread 0x00000210c3710000 Exception <a 'java/lang/NoSuchMethodError'{0x0000000623a76d20}: 'int java.lang.invoke.DirectMethodHandle$Holder.invokeStaticInit(java.lang.Object, java.lang.Object)'> (0x0000000623a76d20) 
thrown [./open/src/hotspot/share/interpreter/linkResolver.cpp, line 766]
Event: 1.909 Thread 0x00000210c3710000 Exception <a 'java/lang/NoSuchMethodError'{0x0000000623a7bb60}: 'void java.lang.invoke.DirectMethodHandle$Holder.invokeStaticInit(java.lang.Object, java.lang.Object, java.lang.Object)'> (0x0000000623a7bb60) 
thrown [./open/src/hotspot/share/interpreter/linkResolver.cpp, line 766]
Event: 1.917 Thread 0x00000210c3710000 Exception <a 'java/lang/NoSuchMethodError'{0x0000000623814048}: 'void java.lang.invoke.DirectMethodHandle$Holder.invokeVirtual(java.lang.Object, java.lang.Object)'> (0x0000000623814048) 
thrown [./open/src/hotspot/share/interpreter/linkResolver.cpp, line 766]
Event: 1.938 Thread 0x00000210c3707800 Exception <a 'sun/nio/fs/WindowsException'{0x000000062377c960}> (0x000000062377c960) 
thrown [./open/src/hotspot/share/prims/jni.cpp, line 599]
Event: 1.951 Thread 0x00000210c3707800 Implicit null exception at 0x00000210a3ab6ce4 to 0x00000210a3ab72f8
Event: 3.017 Thread 0x00000210c36ce800 Exception <a 'sun/nio/fs/WindowsException'{0x0000000622e80258}> (0x0000000622e80258) 
thrown [./open/src/hotspot/share/prims/jni.cpp, line 599]
Event: 3.017 Thread 0x00000210c3709000 Exception <a 'sun/nio/fs/WindowsException'{0x0000000623105480}> (0x0000000623105480) 
thrown [./open/src/hotspot/share/prims/jni.cpp, line 599]

Events (20 events):
Event: 3.013 Executing VM operation: HandshakeOneThread
Event: 3.013 Executing VM operation: HandshakeOneThread done
Event: 3.013 Executing VM operation: HandshakeOneThread
Event: 3.013 Executing VM operation: HandshakeOneThread done
Event: 3.013 Executing VM operation: HandshakeOneThread
Event: 3.013 Executing VM operation: HandshakeOneThread done
Event: 3.014 Executing VM operation: BulkRevokeBias
Event: 3.014 Executing VM operation: BulkRevokeBias done
Event: 3.017 Executing VM operation: HandshakeOneThread
Event: 3.017 Executing VM operation: HandshakeOneThread done
Event: 3.017 Executing VM operation: HandshakeOneThread
Event: 3.017 Executing VM operation: HandshakeOneThread done
Event: 3.017 Executing VM operation: HandshakeOneThread
Event: 3.017 Executing VM operation: HandshakeOneThread done
Event: 3.018 Executing VM operation: HandshakeOneThread
Event: 3.018 Executing VM operation: HandshakeOneThread done
Event: 3.020 Executing VM operation: HandshakeOneThread
Event: 3.020 Executing VM operation: HandshakeOneThread done
Event: 3.021 Executing VM operation: HandshakeOneThread
Event: 3.021 Executing VM operation: HandshakeOneThread done


Dynamic libraries:
0x00007ff6eeb40000 - 0x00007ff6eeb4d000 	C:\Users\vincent\.jdks\openjdk-14.0.1\bin\java.exe
0x00007ffff4310000 - 0x00007ffff4505000 	C:\WINDOWS\SYSTEM32\ntdll.dll
0x00007ffff2380000 - 0x00007ffff243d000 	C:\WINDOWS\System32\KERNEL32.dll
0x00007ffff16e0000 - 0x00007ffff17f9000 	C:\Windows\system32\hmpalert.dll
0x00007ffff1cf0000 - 0x00007ffff1fb8000 	C:\WINDOWS\System32\KERNELBASE.dll
0x00007ffff1a50000 - 0x00007ffff1b50000 	C:\WINDOWS\System32\ucrtbase.dll
0x00007fffec620000 - 0x00007fffec638000 	C:\Users\vincent\.jdks\openjdk-14.0.1\bin\jli.dll
0x00007fffe0010000 - 0x00007fffe0025000 	C:\Users\vincent\.jdks\openjdk-14.0.1\bin\VCRUNTIME140.dll
0x00007ffff25b0000 - 0x00007ffff2750000 	C:\WINDOWS\System32\USER32.dll
0x00007ffff2110000 - 0x00007ffff2132000 	C:\WINDOWS\System32\win32u.dll
0x00007ffff2ca0000 - 0x00007ffff2cca000 	C:\WINDOWS\System32\GDI32.dll
0x00007ffff1b80000 - 0x00007ffff1c8b000 	C:\WINDOWS\System32\gdi32full.dll
0x00007ffff1fc0000 - 0x00007ffff205d000 	C:\WINDOWS\System32\msvcp_win.dll
0x00007fffd5a50000 - 0x00007fffd5cea000 	C:\WINDOWS\WinSxS\amd64_microsoft.windows.common-controls_6595b64144ccf1df_6.0.19041.1052_none_60b8f8fd71f5e8cb\COMCTL32.dll
0x00007ffff4230000 - 0x00007ffff42ce000 	C:\WINDOWS\System32\msvcrt.dll
0x00007ffff2de0000 - 0x00007ffff2e10000 	C:\WINDOWS\System32\IMM32.DLL
0x00007fffdae20000 - 0x00007fffdaebb000 	C:\Users\vincent\.jdks\openjdk-14.0.1\bin\msvcp140.dll
0x00007fff62ea0000 - 0x00007fff639be000 	C:\Users\vincent\.jdks\openjdk-14.0.1\bin\server\jvm.dll
0x00007ffff3e30000 - 0x00007ffff3edc000 	C:\WINDOWS\System32\ADVAPI32.dll
0x00007ffff3890000 - 0x00007ffff392b000 	C:\WINDOWS\System32\sechost.dll
0x00007ffff2f00000 - 0x00007ffff302b000 	C:\WINDOWS\System32\RPCRT4.dll
0x00007ffff2ef0000 - 0x00007ffff2ef8000 	C:\WINDOWS\System32\PSAPI.DLL
0x00007fffdfe90000 - 0x00007fffdfeb7000 	C:\WINDOWS\SYSTEM32\WINMM.dll
0x00007fffd59a0000 - 0x00007fffd59a9000 	C:\WINDOWS\SYSTEM32\WSOCK32.dll
0x00007fffeba40000 - 0x00007fffeba4a000 	C:\WINDOWS\SYSTEM32\VERSION.dll
0x00007ffff2820000 - 0x00007ffff288b000 	C:\WINDOWS\System32\WS2_32.dll
0x00007ffff0210000 - 0x00007ffff0222000 	C:\WINDOWS\SYSTEM32\kernel.appcore.dll
0x00007fffe0000000 - 0x00007fffe000a000 	C:\Users\vincent\.jdks\openjdk-14.0.1\bin\jimage.dll
0x00007fffefee0000 - 0x00007ffff00c4000 	C:\WINDOWS\SYSTEM32\DBGHELP.DLL
0x00007fffd2690000 - 0x00007fffd26bc000 	C:\WINDOWS\SYSTEM32\dbgcore.DLL
0x00007ffff2140000 - 0x00007ffff21c3000 	C:\WINDOWS\System32\bcryptPrimitives.dll
0x00007fffda600000 - 0x00007fffda60e000 	C:\Users\vincent\.jdks\openjdk-14.0.1\bin\instrument.dll
0x00007fffda620000 - 0x00007fffda645000 	C:\Users\vincent\.jdks\openjdk-14.0.1\bin\java.dll
0x00007fffdabb0000 - 0x00007fffdabc6000 	C:\Users\vincent\.jdks\openjdk-14.0.1\bin\zip.dll
0x00007ffff3030000 - 0x00007ffff376f000 	C:\WINDOWS\System32\SHELL32.dll
0x00007fffef310000 - 0x00007fffefaa0000 	C:\WINDOWS\SYSTEM32\windows.storage.dll
0x00007ffff2890000 - 0x00007ffff2be5000 	C:\WINDOWS\System32\combase.dll
0x00007ffff12d0000 - 0x00007ffff12fc000 	C:\WINDOWS\SYSTEM32\Wldp.dll
0x00007ffff2bf0000 - 0x00007ffff2c9e000 	C:\WINDOWS\System32\SHCORE.dll
0x00007ffff3db0000 - 0x00007ffff3e05000 	C:\WINDOWS\System32\shlwapi.dll
0x00007ffff1990000 - 0x00007ffff19af000 	C:\WINDOWS\SYSTEM32\profapi.dll
0x00007fffda5e0000 - 0x00007fffda5f9000 	C:\Users\vincent\.jdks\openjdk-14.0.1\bin\net.dll
0x00007fffea000000 - 0x00007fffea10b000 	C:\WINDOWS\SYSTEM32\WINHTTP.dll
0x00007ffff10b0000 - 0x00007ffff111a000 	C:\WINDOWS\system32\mswsock.dll
0x00007fffda5c0000 - 0x00007fffda5d2000 	C:\Users\vincent\.jdks\openjdk-14.0.1\bin\nio.dll
0x00007fffda5b0000 - 0x00007fffda5c0000 	C:\Users\vincent\.jdks\openjdk-14.0.1\bin\verify.dll
0x00007fffd9c90000 - 0x00007fffd9caa000 	C:\Users\vincent\AppData\Local\JetBrains\IntelliJ IDEA Community Edition 2020.1.2\bin\breakgen64.dll
0x00007fffda5a0000 - 0x00007fffda5a9000 	C:\Users\vincent\.jdks\openjdk-14.0.1\bin\management.dll
0x00007fffda050000 - 0x00007fffda05b000 	C:\Users\vincent\.jdks\openjdk-14.0.1\bin\management_ext.dll
0x00007ffff0d70000 - 0x00007ffff0dab000 	C:\WINDOWS\SYSTEM32\IPHLPAPI.DLL
0x00007ffff4220000 - 0x00007ffff4228000 	C:\WINDOWS\System32\NSI.dll
0x00007fffed6c0000 - 0x00007fffed6d7000 	C:\WINDOWS\SYSTEM32\dhcpcsvc6.DLL
0x00007fffed600000 - 0x00007fffed61d000 	C:\WINDOWS\SYSTEM32\dhcpcsvc.DLL
0x00007ffff0dc0000 - 0x00007ffff0e8c000 	C:\WINDOWS\SYSTEM32\DNSAPI.dll
0x00007ffff1310000 - 0x00007ffff1328000 	C:\WINDOWS\SYSTEM32\CRYPTSP.dll
0x00007ffff0a00000 - 0x00007ffff0a34000 	C:\WINDOWS\system32\rsaenh.dll
0x00007ffff1b50000 - 0x00007ffff1b77000 	C:\WINDOWS\System32\bcrypt.dll
0x00007ffff1910000 - 0x00007ffff193e000 	C:\WINDOWS\SYSTEM32\USERENV.dll
0x00007ffff1230000 - 0x00007ffff123c000 	C:\WINDOWS\SYSTEM32\CRYPTBASE.dll
0x0000000068400000 - 0x0000000068503000 	C:\Users\vincent\AppData\Local\Temp\sqlite-3.35.4-de60b816-5f79-4c97-bcfc-f85b41458a23-sqlitejdbc.dll

dbghelp: loaded successfully - version: 4.0.5 - missing functions: none
symbol engine: initialized successfully - sym options: 0x614 - pdb path: .;C:\Users\vincent\.jdks\openjdk-14.0.1\bin;C:\WINDOWS\SYSTEM32;C:\WINDOWS\WinSxS\amd64_microsoft.windows.common-controls_6595b64144ccf1df_6.0.19041.1052_none_60b8f8fd71f5e8cb;C:\Users\vincent\.jdks\openjdk-14.0.1\bin\server;C:\Users\vincent\AppData\Local\JetBrains\IntelliJ IDEA Community Edition 2020.1.2\bin;C:\Users\vincent\AppData\Local\Temp

VM Arguments:
jvm_args: -javaagent:C:\Users\vincent\AppData\Local\JetBrains\IntelliJ IDEA Community Edition 2020.1.2\lib\idea_rt.jar=62675:C:\Users\vincent\AppData\Local\JetBrains\IntelliJ IDEA Community Edition 2020.1.2\bin -Dfile.encoding=UTF-8 
java_command: nl.ssischaefer.savaragerow.v2.SavageRow
java_class_path (initial): C:\Users\vincent\git\savagerow\target\classes;C:\Users\vincent\.m2\repository\org\springframework\boot\spring-boot-starter-web\2.3.2.RELEASE\spring-boot-starter-web-2.3.2.RELEASE.jar;C:\Users\vincent\.m2\repository\org\springframework\boot\spring-boot-starter\2.3.2.RELEASE\spring-boot-starter-2.3.2.RELEASE.jar;C:\Users\vincent\.m2\repository\org\springframework\boot\spring-boot\2.3.2.RELEASE\spring-boot-2.3.2.RELEASE.jar;C:\Users\vincent\.m2\repository\org\springframework\boot\spring-boot-autoconfigure\2.3.2.RELEASE\spring-boot-autoconfigure-2.3.2.RELEASE.jar;C:\Users\vincent\.m2\repository\org\springframework\boot\spring-boot-starter-logging\2.3.2.RELEASE\spring-boot-starter-logging-2.3.2.RELEASE.jar;C:\Users\vincent\.m2\repository\ch\qos\logback\logback-classic\1.2.3\logback-classic-1.2.3.jar;C:\Users\vincent\.m2\repository\ch\qos\logback\logback-core\1.2.3\logback-core-1.2.3.jar;C:\Users\vincent\.m2\repository\org\apache\logging\log4j\log4j-to-slf4j\2.13.3\log4j-to-slf4j-2.13.3.jar;C:\Users\vincent\.m2\repository\org\apache\logging\log4j\log4j-api\2.13.3\log4j-api-2.13.3.jar;C:\Users\vincent\.m2\repository\org\slf4j\jul-to-slf4j\1.7.30\jul-to-slf4j-1.7.30.jar;C:\Users\vincent\.m2\repository\jakarta\annotation\jakarta.annotation-api\1.3.5\jakarta.annotation-api-1.3.5.jar;C:\Users\vincent\.m2\repository\org\yaml\snakeyaml\1.26\snakeyaml-1.26.jar;C:\Users\vincent\.m2\repository\org\springframework\boot\spring-boot-starter-json\2.3.2.RELEASE\spring-boot-starter-json-2.3.2.RELEASE.jar;C:\Users\vincent\.m2\repository\com\fasterxml\jackson\core\jackson-databind\2.11.1\jackson-databind-2.11.1.jar;C:\Users\vincent\.m2\repository\com\fasterxml\jackson\core\jackson-annotations\2.11.1\jackson-annotations-2.11.1.jar;C:\Users\vincent\.m2\repository\com\fasterxml\jackson\datatype\jackson-datatype-jdk8\2.11.1\jackson-datatype-jdk8-2.11.1.jar;C:\Users\vincent\.m2\repository\com\fasterxml\jackson\datatype\jackson-datatype-jsr310\2.11.1\jackson-datatype
Launcher Type: SUN_STANDARD

[Global flags]
     intx CICompilerCount                          = 12                                        {product} {ergonomic}
     uint ConcGCThreads                            = 3                                         {product} {ergonomic}
     uint G1ConcRefinementThreads                  = 13                                        {product} {ergonomic}
   size_t G1HeapRegionSize                         = 2097152                                   {product} {ergonomic}
    uintx GCDrainStackTargetSize                   = 64                                        {product} {ergonomic}
   size_t InitialHeapSize                          = 534773760                                 {product} {ergonomic}
   size_t MarkStackSize                            = 4194304                                   {product} {ergonomic}
   size_t MaxHeapSize                              = 8524922880                                {product} {ergonomic}
   size_t MaxNewSize                               = 5114953728                                {product} {ergonomic}
   size_t MinHeapDeltaBytes                        = 2097152                                   {product} {ergonomic}
   size_t MinHeapSize                              = 8388608                                   {product} {ergonomic}
    uintx NonNMethodCodeHeapSize                   = 7602480                                {pd product} {ergonomic}
    uintx NonProfiledCodeHeapSize                  = 122027880                              {pd product} {ergonomic}
    uintx ProfiledCodeHeapSize                     = 122027880                              {pd product} {ergonomic}
    uintx ReservedCodeCacheSize                    = 251658240                              {pd product} {ergonomic}
     bool SegmentedCodeCache                       = true                                      {product} {ergonomic}
   size_t SoftMaxHeapSize                          = 8524922880                             {manageable} {ergonomic}
     bool UseCompressedClassPointers               = true                                 {lp64_product} {ergonomic}
     bool UseCompressedOops                        = true                                 {lp64_product} {ergonomic}
     bool UseG1GC                                  = true                                      {product} {ergonomic}
     bool UseLargePagesIndividualAllocation        = false                                  {pd product} {ergonomic}

Logging:
Log output configuration:
 #0: stdout all=warning uptime,level,tags
 #1: stderr all=off uptime,level,tags

Environment Variables:
JAVA_HOME=C:\Program Files\Java\jdk-11.0.8
PATH=C:\Users\vincent\Documents\bdeploy-win64-2.5.2\bin;C:\Windows\system32;C:\Windows;C:\Windows\System32\Wbem;C:\Windows\System32\WindowsPowerShell\v1.0\;C:\Windows\System32\OpenSSH\;C:\Program Files (x86)\NVIDIA Corporation\PhysX\Common;C:\Program Files (x86)\Enterprise Vault\EVClient\x64\;C:\WINDOWS\system32;C:\WINDOWS;C:\WINDOWS\System32\Wbem;C:\WINDOWS\System32\WindowsPowerShell\v1.0\;C:\WINDOWS\System32\OpenSSH\;C:\Go\bin;C:\Program Files\Java\jdk-11.0.8\bin;C:\apache-maven-3.6.3\bin;C:\protobuf-3.13.0\bin;C:\Program Files\Microsoft SQL Server\Client SDK\ODBC\170\Tools\Binn\;C:\Program Files (x86)\Microsoft SQL Server\150\Tools\Binn\;C:\Program Files\Microsoft SQL Server\150\Tools\Binn\;C:\Program Files\Microsoft SQL Server\150\DTS\Binn\;C:\Program Files (x86)\Microsoft SQL Server\150\DTS\Binn\;C:\Program Files\Azure Data Studio\bin;C:\Program Files\Docker\Docker\resources\bin;C:\ProgramData\DockerDesktop\version-bin;C:\Program Files\PuTTY\;C:\Program Files\nodejs\;C:\Program Files\Git\cmd;C:\Users\vincent\AppData\Local\Programs\Python\Python36\Scripts\;C:\Users\vincent\AppData\Local\Programs\Python\Python36\;C:\Users\vincent\AppData\Local\Programs\Python\Python39\Scripts\;C:\Users\vincent\AppData\Local\Programs\Python\Python39\;C:\Users\vincent\scoop\apps\nodejs\current\bin;C:\Users\vincent\scoop\apps\nodejs\current;C:\Users\vincent\scoop\apps\yarn\current\Yarn\bin;C:\Users\vincent\scoop\apps\yarn\current\global\node_modules\.bin;C:\Users\vincent\scoop\shims;C:\Users\vincent\AppData\Local\Microsoft\WindowsApps;C:\Program Files (x86)\Sophos\Sophos SSL VPN Client\bin;C:\Users\vincent\AppData\Local\Programs\Microsoft VS Code\bin;C:\Users\vincent\go\bin;C:\Users\vincent\AppData\Local\atom\bin;C:\Users\vincent\AppData\Roaming\npm;C:\Program Files\Azure Data Studio\bin
USERNAME=vincent
OS=Windows_NT
PROCESSOR_IDENTIFIER=Intel64 Family 6 Model 158 Stepping 13, GenuineIntel



---------------  S Y S T E M  ---------------

OS: Windows 10 , 64 bit Build 19041 (10.0.19041.1023)
OS uptime: 2 days 0:19 hours
HyperV virtualization detected

CPU:total 16 (initial active 16) (8 cores per cpu, 2 threads per core) family 6 model 158 stepping 13, cmov, cx8, fxsr, mmx, sse, sse2, sse3, ssse3, sse4.1, sse4.2, popcnt, avx, avx2, aes, clmul, erms, 3dnowpref, lzcnt, ht, tsc, tscinvbit, bmi1, bmi2, adx, fma

Memory: 4k page, system-wide physical 32517M (14673M free)
TotalPageFile size 40453M (AvailPageFile size 10699M)
current process WorkingSet (physical memory assigned to process): 147M, peak: 149M
current process commit charge ("private bytes"): 690M, peak: 692M

vm_info: OpenJDK 64-Bit Server VM (14.0.1+7) for windows-amd64 JRE (14.0.1+7), built on Mar  5 2020 10:30:04 by "mach5one" with MS VC++ 15.9 (VS2017)

END.
