#
# A fatal error has been detected by the Java Runtime Environment:
#
#  EXCEPTION_ACCESS_VIOLATION (0xc0000005) at pc=0x000000006846b517, pid=31248, tid=17768
#
# JRE version: OpenJDK Runtime Environment (14.0.1+7) (build 14.0.1+7)
# Java VM: OpenJDK 64-Bit Server VM (14.0.1+7, mixed mode, sharing, tiered, compressed oops, g1 gc, windows-amd64)
# Problematic frame:
# C  [sqlite-3.35.4-3a1cf213-ddbb-42e4-9ab3-3ef4898708b2-sqlitejdbc.dll+0x6b517]
#
# No core dump will be written. Minidumps are not enabled by default on client versions of Windows
#
# If you would like to submit a bug report, please visit:
#   https://bugreport.java.com/bugreport/crash.jsp
# The crash happened outside the Java Virtual Machine in native code.
# See problematic frame for where to report the bug.
#

---------------  S U M M A R Y ------------

Command Line: -javaagent:C:\Users\vincent\AppData\Local\JetBrains\IntelliJ IDEA Community Edition 2020.1.2\lib\idea_rt.jar=60960:C:\Users\vincent\AppData\Local\JetBrains\IntelliJ IDEA Community Edition 2020.1.2\bin -Dfile.encoding=UTF-8 nl.ssischaefer.savaragerow.v2.SavageRow

Host: Intel(R) Core(TM) i9-9880H CPU @ 2.30GHz, 16 cores, 31G,  Windows 10 , 64 bit Build 19041 (10.0.19041.1023)
Time: Tue Jun 22 11:43:44 2021 W. Europe Daylight Time elapsed time: 1 seconds (0d 0h 0m 1s)

---------------  T H R E A D  ---------------

Current thread (0x000001f3f94d4000):  JavaThread "qtp759002235-41" [_thread_in_native, id=17768, stack(0x0000003316100000,0x0000003316200000)]

Stack: [0x0000003316100000,0x0000003316200000],  sp=0x00000033161fe8b0,  free space=1018k
Native frames: (J=compiled Java code, j=interpreted, Vv=VM code, C=native code)
C  [sqlite-3.35.4-3a1cf213-ddbb-42e4-9ab3-3ef4898708b2-sqlitejdbc.dll+0x6b517]

Java frames: (J=compiled Java code, j=interpreted, Vv=VM code)
j  org.sqlite.core.NativeDB.reset(J)I+0
j  org.sqlite.jdbc3.JDBC3PreparedStatement.executeQuery()Ljava/sql/ResultSet;+39
j  nl.ssischaefer.savaragerow.v2.query.GetRowQuery.execute()Lnl/ssischaefer/savaragerow/v2/query/GetRowQuery;+12
j  nl.ssischaefer.savaragerow.v2.controller.TableRowController.lambda$static$0(Lspark/Request;Lspark/Response;)Ljava/lang/Object;+68
j  nl.ssischaefer.savaragerow.v2.controller.TableRowController$$Lambda$45.handle(Lspark/Request;Lspark/Response;)Ljava/lang/Object;+2
j  spark.RouteImpl$1.handle(Lspark/Request;Lspark/Response;)Ljava/lang/Object;+6
j  spark.http.matching.Routes.execute(Lspark/http/matching/RouteContext;)V+171
j  spark.http.matching.MatcherFilter.doFilter(Ljavax/servlet/ServletRequest;Ljavax/servlet/ServletResponse;Ljavax/servlet/FilterChain;)V+154
j  spark.embeddedserver.jetty.JettyHandler.doHandle(Ljava/lang/String;Lorg/eclipse/jetty/server/Request;Ljavax/servlet/http/HttpServletRequest;Ljavax/servlet/http/HttpServletResponse;)V+19
j  org.eclipse.jetty.server.session.SessionHandler.doScope(Ljava/lang/String;Lorg/eclipse/jetty/server/Request;Ljavax/servlet/http/HttpServletRequest;Ljavax/servlet/http/HttpServletResponse;)V+343
j  org.eclipse.jetty.server.handler.ScopedHandler.handle(Ljava/lang/String;Lorg/eclipse/jetty/server/Request;Ljavax/servlet/http/HttpServletRequest;Ljavax/servlet/http/HttpServletResponse;)V+20
j  org.eclipse.jetty.server.handler.HandlerWrapper.handle(Ljava/lang/String;Lorg/eclipse/jetty/server/Request;Ljavax/servlet/http/HttpServletRequest;Ljavax/servlet/http/HttpServletResponse;)V+18
j  org.eclipse.jetty.server.Server.handle(Lorg/eclipse/jetty/server/HttpChannel;)V+149
j  org.eclipse.jetty.server.HttpChannel.lambda$handle$1()V+69
j  org.eclipse.jetty.server.HttpChannel$$Lambda$125.dispatch()V+4
j  org.eclipse.jetty.server.HttpChannel.dispatch(Ljavax/servlet/DispatcherType;Lorg/eclipse/jetty/server/HttpChannel$Dispatchable;)V+37
j  org.eclipse.jetty.server.HttpChannel.handle()Z+220
j  org.eclipse.jetty.server.HttpConnection.onFillable()V+137
j  org.eclipse.jetty.io.AbstractConnection$ReadCallback.succeeded()V+4
j  org.eclipse.jetty.io.FillInterest.fillable()Z+57
j  org.eclipse.jetty.io.ChannelEndPoint$1.run()V+7
j  org.eclipse.jetty.util.thread.QueuedThreadPool.runJob(Ljava/lang/Runnable;)V+1
j  org.eclipse.jetty.util.thread.QueuedThreadPool$Runner.run()V+279
j  java.lang.Thread.run()V+11 java.base@14.0.1
v  ~StubRoutines::call_stub

siginfo: EXCEPTION_ACCESS_VIOLATION (0xc0000005), reading address 0x000001f3f8540db8


Register to memory mapping:

RIP=0x000000006846b517 sqlite-3.35.4-3a1cf213-ddbb-42e4-9ab3-3ef4898708b2-sqlitejdbc.dll
RAX=0x0 is NULL
RBX=0x000001f3f8540db8 points into unknown readable memory: 08 09 54 f8 f3 01 00 00
RCX=0x000001f3f8540db8 points into unknown readable memory: 08 09 54 f8 f3 01 00 00
RDX=0x00000033161fe9c0 is pointing into the stack for thread: 0x000001f3f94d4000
RSP=0x00000033161fe8b0 is pointing into the stack for thread: 0x000001f3f94d4000
RBP=0x00000033161fe990 is pointing into the stack for thread: 0x000001f3f94d4000
RSI=0x0000000603eb0ef0 is an oop: [Ljava.lang.Object; 
{0x0000000603eb0ef0} - klass: 'java/lang/Object'[]
 - length: 0
RDI=0x0000000000000102 is an unknown value
R8 =0x000001f3f8540db8 points into unknown readable memory: 08 09 54 f8 f3 01 00 00
R9 =0x0000000000000004 is an unknown value
R10=0x000001f3cfff0085 is at code_begin+1477 in an Interpreter codelet
method entry point (kind = native_synchronized)  [0x000001f3cffefac0, 0x000001f3cfff0740]  3200 bytes
R11=0x0000000000000121 is an unknown value
R12=0x0 is NULL
R13={method} {0x000001f3f8b0bad0} 'reset' '(J)I' in 'org/sqlite/core/NativeDB'
R14=0x00000033161fe9c0 is pointing into the stack for thread: 0x000001f3f94d4000
R15=0x000001f3f94d4000 is a thread


Registers:
RAX=0x0000000000000000, RBX=0x000001f3f8540db8, RCX=0x000001f3f8540db8, RDX=0x00000033161fe9c0
RSP=0x00000033161fe8b0, RBP=0x00000033161fe990, RSI=0x0000000603eb0ef0, RDI=0x0000000000000102
R8 =0x000001f3f8540db8, R9 =0x0000000000000004, R10=0x000001f3cfff0085, R11=0x0000000000000121
R12=0x0000000000000000, R13=0x000001f3f8b0bac8, R14=0x00000033161fe9c0, R15=0x000001f3f94d4000
RIP=0x000000006846b517, EFLAGS=0x0000000000010206

Top of Stack: (sp=0x00000033161fe8b0)
0x00000033161fe8b0:   000001f3f8b0bac8 000001f3f94d4000
0x00000033161fe8c0:   0000000000000102 000001f3cffefefd
0x00000033161fe8d0:   00000033161fe900 000001f3f8b0bac8
0x00000033161fe8e0:   000001f3f8b0bac8 000001f3f8b0bac8
0x00000033161fe8f0:   0000000603eb0ef0 000001f3cfff00b4
0x00000033161fe900:   0000000000000102 000001f3cffefddd
0x00000033161fe910:   0000000000000002 00000033161fe990
0x00000033161fe920:   0000000603eb0ef0 0000000603eb0ef0
0x00000033161fe930:   000001f3cffefd84 0000000000000003
0x00000033161fe940:   0000000623b00800 00000033161fe938
0x00000033161fe950:   000001f3f8b0bac8 00000033161fe9c0
0x00000033161fe960:   000001f3f9cb5830 0000000000000000
0x00000033161fe970:   0000000621a3b7c0 000001f3f8b0bac8
0x00000033161fe980:   0000000000000000 00000033161fe9b0
0x00000033161fe990:   00000033161fea10 000001f3cffe9bc0
0x00000033161fe9a0:   0000000000000000 000001f3cffec396 

Instructions: (pc=0x000000006846b517)
0x000000006846b417:   48 89 43 28 eb 17 48 8b 4c 24 40 49 89 c0 48 89
0x000000006846b427:   da 48 81 c1 cf 01 00 00 e8 ac ff fa ff 45 31 ed
0x000000006846b437:   48 8b 43 18 45 89 2c 24 48 89 45 28 48 81 c4 28
0x000000006846b447:   01 00 00 5b 5e 5f 5d 41 5c 41 5d 41 5e 41 5f c3
0x000000006846b457:   48 83 ec 38 48 8d 05 2a 8a ff ff 48 89 44 24 20
0x000000006846b467:   e8 17 f3 ff ff 48 83 c4 38 c3 57 56 53 48 83 ec
0x000000006846b477:   20 48 8b 31 48 89 cb 48 8b 49 10 48 85 c9 74 05
0x000000006846b487:   e8 ed c9 ff ff 48 8b 93 40 01 00 00 48 89 f1 e8
0x000000006846b497:   e0 b1 fb ff 48 8b 93 48 01 00 00 48 85 d2 74 15
0x000000006846b4a7:   48 8b 42 28 48 89 f1 48 89 83 48 01 00 00 e8 8d
0x000000006846b4b7:   a6 fb ff eb df 48 8b 93 50 01 00 00 48 89 f1 e8
0x000000006846b4c7:   33 b3 fb ff 48 8b 53 08 48 89 f1 e8 11 96 fa ff
0x000000006846b4d7:   48 8b 93 90 01 00 00 48 85 d2 74 11 48 8b 7a 18
0x000000006846b4e7:   48 89 f1 e8 f9 95 fa ff 48 89 fa eb ea 48 89 d9
0x000000006846b4f7:   48 83 c4 20 5b 5e 5f e9 87 a4 fb ff 56 53 48 83
0x000000006846b507:   ec 38 31 c0 48 85 c9 48 89 cb 0f 84 84 00 00 00
0x000000006846b517:   48 8b 31 48 8b 4e 18 e8 ce 87 f9 ff 48 83 bb b8
0x000000006846b527:   00 00 00 00 7e 0b 48 89 da 48 89 f1 e8 85 93 fa
0x000000006846b537:   ff 48 89 d9 e8 75 c8 ff ff 48 89 f1 89 c2 c7 43
0x000000006846b547:   24 a3 0d f2 2d c7 43 34 ff ff ff ff c7 43 38 00
0x000000006846b557:   00 00 00 c6 83 c2 00 00 00 02 c7 43 3c 00 00 00
0x000000006846b567:   00 c7 43 30 01 00 00 00 c6 83 c3 00 00 00 ff c7
0x000000006846b577:   43 40 00 00 00 00 48 c7 43 50 00 00 00 00 e8 4d
0x000000006846b587:   f0 fa ff 48 8b 4e 18 89 44 24 2c e8 76 87 f9 ff
0x000000006846b597:   8b 44 24 2c 48 83 c4 38 5b 5e c3 55 57 56 53 48
0x000000006846b5a7:   83 ec 28 48 8b 31 48 89 cf 48 8b 89 a0 00 00 00
0x000000006846b5b7:   e8 54 94 fa ff 48 8b 8f b0 00 00 00 e8 48 94 fa
0x000000006846b5c7:   ff 48 8b 5f 38 48 85 db 74 36 83 7f 20 05 b8 02
0x000000006846b5d7:   00 00 00 75 09 31 c0 83 7f 24 00 0f 95 c0 48 8b
0x000000006846b5e7:   56 28 48 89 d9 48 8d 2c c2 48 83 7d 28 00 75 0b
0x000000006846b5f7:   e8 07 ff ff ff 48 89 5d 28 eb 05 e8 ad c8 ff ff
0x000000006846b607:   48 8b 5f 48 48 85 db 74 10 48 8b 0b e8 9c c8 ff 


Stack slot to memory mapping:
stack at sp + 0 slots: {method} {0x000001f3f8b0bad0} 'reset' '(J)I' in 'org/sqlite/core/NativeDB'
stack at sp + 1 slots: 0x000001f3f94d4000 is a thread
stack at sp + 2 slots: 0x0000000000000102 is an unknown value
stack at sp + 3 slots: 0x000001f3cffefefd is at code_begin+1085 in an Interpreter codelet
method entry point (kind = native_synchronized)  [0x000001f3cffefac0, 0x000001f3cfff0740]  3200 bytes
stack at sp + 4 slots: 0x00000033161fe900 is pointing into the stack for thread: 0x000001f3f94d4000
stack at sp + 5 slots: {method} {0x000001f3f8b0bad0} 'reset' '(J)I' in 'org/sqlite/core/NativeDB'
stack at sp + 6 slots: {method} {0x000001f3f8b0bad0} 'reset' '(J)I' in 'org/sqlite/core/NativeDB'
stack at sp + 7 slots: {method} {0x000001f3f8b0bad0} 'reset' '(J)I' in 'org/sqlite/core/NativeDB'


---------------  P R O C E S S  ---------------

Threads class SMR info:
_java_thread_list=0x000001f3f988eef0, length=34, elements={
0x000001f3f311a000, 0x000001f3f311b800, 0x000001f3f6076000, 0x000001f3f607a000,
0x000001f3f607b800, 0x000001f3f607c800, 0x000001f3f607f800, 0x000001f3f60c0800,
0x000001f3f61cc800, 0x000001f3f61d7000, 0x000001f3f6d98800, 0x000001f3f6d99000,
0x000001f3f7105800, 0x000001f3f7588800, 0x000001f3c606b000, 0x000001f3f723f800,
0x000001f3f7240000, 0x000001f3f75fa800, 0x000001f3f75fb800, 0x000001f3f7682800,
0x000001f3f7685000, 0x000001f3f7686000, 0x000001f3f7689800, 0x000001f3f7683800,
0x000001f3f7687000, 0x000001f3f7688800, 0x000001f3f7687800, 0x000001f3f768a000,
0x000001f3f7684800, 0x000001f3f94d3000, 0x000001f3f94d4000, 0x000001f3f8378800,
0x000001f3f94d4800, 0x000001f3f94d5800
}

Java Threads: ( => current thread )
  0x000001f3f311a000 JavaThread "Reference Handler" daemon [_thread_blocked, id=27964, stack(0x0000003313700000,0x0000003313800000)]
  0x000001f3f311b800 JavaThread "Finalizer" daemon [_thread_blocked, id=29332, stack(0x0000003313800000,0x0000003313900000)]
  0x000001f3f6076000 JavaThread "Signal Dispatcher" daemon [_thread_blocked, id=14512, stack(0x0000003313900000,0x0000003313a00000)]
  0x000001f3f607a000 JavaThread "Attach Listener" daemon [_thread_blocked, id=30924, stack(0x0000003313a00000,0x0000003313b00000)]
  0x000001f3f607b800 JavaThread "Service Thread" daemon [_thread_blocked, id=22036, stack(0x0000003313b00000,0x0000003313c00000)]
  0x000001f3f607c800 JavaThread "C2 CompilerThread0" daemon [_thread_blocked, id=24764, stack(0x0000003313c00000,0x0000003313d00000)]
  0x000001f3f607f800 JavaThread "C1 CompilerThread0" daemon [_thread_blocked, id=31696, stack(0x0000003313d00000,0x0000003313e00000)]
  0x000001f3f60c0800 JavaThread "Sweeper thread" daemon [_thread_blocked, id=30576, stack(0x0000003313e00000,0x0000003313f00000)]
  0x000001f3f61cc800 JavaThread "Common-Cleaner" daemon [_thread_blocked, id=20624, stack(0x0000003313f00000,0x0000003314000000)]
  0x000001f3f61d7000 JavaThread "C1 CompilerThread1" daemon [_thread_blocked, id=30788, stack(0x0000003314000000,0x0000003314100000)]
  0x000001f3f6d98800 JavaThread "Monitor Ctrl-Break" daemon [_thread_in_native, id=28636, stack(0x0000003314300000,0x0000003314400000)]
  0x000001f3f6d99000 JavaThread "Notification Thread" daemon [_thread_blocked, id=27208, stack(0x0000003314400000,0x0000003314500000)]
  0x000001f3f7105800 JavaThread "pool-1-thread-1" [_thread_blocked, id=31576, stack(0x0000003314700000,0x0000003314800000)]
  0x000001f3f7588800 JavaThread "Thread-0" [_thread_blocked, id=18548, stack(0x0000003314800000,0x0000003314900000)]
  0x000001f3c606b000 JavaThread "DestroyJavaVM" [_thread_blocked, id=24016, stack(0x0000003313000000,0x0000003313100000)]
  0x000001f3f723f800 JavaThread "qtp759002235-26" [_thread_in_native, id=9648, stack(0x0000003314900000,0x0000003314a00000)]
  0x000001f3f7240000 JavaThread "qtp759002235-27" [_thread_in_native, id=1632, stack(0x0000003314a00000,0x0000003314b00000)]
  0x000001f3f75fa800 JavaThread "qtp759002235-28" [_thread_in_native, id=11520, stack(0x0000003314b00000,0x0000003314c00000)]
  0x000001f3f75fb800 JavaThread "qtp759002235-29" [_thread_in_native, id=5480, stack(0x0000003314c00000,0x0000003314d00000)]
  0x000001f3f7682800 JavaThread "qtp759002235-30" [_thread_in_native, id=11744, stack(0x0000003314d00000,0x0000003314e00000)]
  0x000001f3f7685000 JavaThread "qtp759002235-31" [_thread_in_native, id=30848, stack(0x0000003314e00000,0x0000003314f00000)]
  0x000001f3f7686000 JavaThread "qtp759002235-32" [_thread_in_native, id=14648, stack(0x0000003314f00000,0x0000003315000000)]
  0x000001f3f7689800 JavaThread "qtp759002235-33" [_thread_in_native, id=27100, stack(0x0000003315000000,0x0000003315100000)]
  0x000001f3f7683800 JavaThread "Session-HouseKeeper-34e85bbd-1" [_thread_blocked, id=8132, stack(0x0000003315100000,0x0000003315200000)]
  0x000001f3f7687000 JavaThread "qtp759002235-35-acceptor-0@af9d49f-ServerConnector@333c2a44{HTTP/1.1, (http/1.1)}{0.0.0.0:9010}" [_thread_blocked, id=25780, stack(0x0000003315f00000,0x0000003316000000)]
  0x000001f3f7688800 JavaThread "qtp759002235-36-acceptor-1@35159ba0-ServerConnector@333c2a44{HTTP/1.1, (http/1.1)}{0.0.0.0:9010}" [_thread_in_native, id=23492, stack(0x0000003316000000,0x0000003316100000)]
  0x000001f3f7687800 JavaThread "qtp759002235-37" [_thread_blocked, id=28720, stack(0x0000003314100000,0x0000003314200000)]
  0x000001f3f768a000 JavaThread "qtp759002235-38" [_thread_blocked, id=4708, stack(0x0000003314200000,0x0000003314300000)]
  0x000001f3f7684800 JavaThread "Connector-Scheduler-333c2a44-1" [_thread_blocked, id=25352, stack(0x0000003314600000,0x0000003314700000)]
  0x000001f3f94d3000 JavaThread "qtp759002235-40" [_thread_in_vm, id=30512, stack(0x0000003315e00000,0x0000003315f00000)]
=>0x000001f3f94d4000 JavaThread "qtp759002235-41" [_thread_in_native, id=17768, stack(0x0000003316100000,0x0000003316200000)]
  0x000001f3f8378800 JavaThread "C2 CompilerThread1" daemon [_thread_blocked, id=11112, stack(0x0000003316200000,0x0000003316300000)]
  0x000001f3f94d4800 JavaThread "C1 CompilerThread2" daemon [_thread_blocked, id=23848, stack(0x0000003316300000,0x0000003316400000)]
  0x000001f3f94d5800 JavaThread "C1 CompilerThread3" daemon [_thread_blocked, id=29900, stack(0x0000003316400000,0x0000003316500000)]

Other Threads:
  0x000001f3f3119000 VMThread "VM Thread" [stack: 0x0000003313600000,0x0000003313700000] [id=31020]
  0x000001f3f6d9c000 WatcherThread [stack: 0x0000003314500000,0x0000003314600000] [id=28748]
  0x000001f3c60f0000 GCTaskThread "GC Thread#0" [stack: 0x0000003313100000,0x0000003313200000] [id=13560]
  0x000001f3f73fc000 GCTaskThread "GC Thread#1" [stack: 0x0000003315200000,0x0000003315300000] [id=20928]
  0x000001f3f73fd000 GCTaskThread "GC Thread#2" [stack: 0x0000003315300000,0x0000003315400000] [id=22616]
  0x000001f3f73fd800 GCTaskThread "GC Thread#3" [stack: 0x0000003315400000,0x0000003315500000] [id=30108]
  0x000001f3f76ea000 GCTaskThread "GC Thread#4" [stack: 0x0000003315500000,0x0000003315600000] [id=28440]
  0x000001f3f76eb000 GCTaskThread "GC Thread#5" [stack: 0x0000003315600000,0x0000003315700000] [id=7312]
  0x000001f3f76ec000 GCTaskThread "GC Thread#6" [stack: 0x0000003315700000,0x0000003315800000] [id=9376]
  0x000001f3f7775800 GCTaskThread "GC Thread#7" [stack: 0x0000003315800000,0x0000003315900000] [id=17424]
  0x000001f3f777b000 GCTaskThread "GC Thread#8" [stack: 0x0000003315900000,0x0000003315a00000] [id=19936]
  0x000001f3f7778000 GCTaskThread "GC Thread#9" [stack: 0x0000003315a00000,0x0000003315b00000] [id=4108]
  0x000001f3f7779000 GCTaskThread "GC Thread#10" [stack: 0x0000003315b00000,0x0000003315c00000] [id=27132]
  0x000001f3f777b800 GCTaskThread "GC Thread#11" [stack: 0x0000003315c00000,0x0000003315d00000] [id=1436]
  0x000001f3f7779800 GCTaskThread "GC Thread#12" [stack: 0x0000003315d00000,0x0000003315e00000] [id=24652]
  0x000001f3c6109800 ConcurrentGCThread "G1 Main Marker" [stack: 0x0000003313200000,0x0000003313300000] [id=29092]
  0x000001f3f2f28800 ConcurrentGCThread "G1 Conc#0" [stack: 0x0000003313300000,0x0000003313400000] [id=26592]
  0x000001f3f30e7800 ConcurrentGCThread "G1 Refine#0" [stack: 0x0000003313400000,0x0000003313500000] [id=31560]
  0x000001f3f30e8800 ConcurrentGCThread "G1 Young RemSet Sampling" [stack: 0x0000003313500000,0x0000003313600000] [id=6216]

Threads with active compile tasks:

VM state:not at safepoint (normal execution)

VM Mutex/Monitor currently owned by a thread: None

Heap address: 0x0000000603e00000, size: 8130 MB, Compressed Oops mode: Zero based, Oop shift amount: 3
Narrow klass base: 0x0000000800000000, Narrow klass shift: 3
Compressed class space size: 1073741824 Address: 0x0000000800b30000

Heap:
 garbage-first heap   total 522240K, used 8213K [0x0000000603e00000, 0x0000000800000000)
  region size 2048K, 3 young (6144K), 1 survivors (2048K)
 Metaspace       used 12091K, capacity 12454K, committed 12544K, reserved 1060864K
  class space    used 1346K, capacity 1485K, committed 1536K, reserved 1048576K
Heap Regions: E=young(eden), S=young(survivor), O=old, HS=humongous(starts), HC=humongous(continues), CS=collection set, F=free, OA=open archive, CA=closed archive, TAMS=top-at-mark-start (previous, next)
|   0|0x0000000603e00000, 0x0000000604000000, 0x0000000604000000|100%| O|  |TAMS 0x0000000603e00000, 0x0000000603e00000| Untracked 
|   1|0x0000000604000000, 0x0000000604200000, 0x0000000604200000|100%| O|  |TAMS 0x0000000604000000, 0x0000000604000000| Untracked 
|   2|0x0000000604200000, 0x0000000604296200, 0x0000000604400000| 29%| O|  |TAMS 0x0000000604200000, 0x0000000604200000| Untracked 
|   3|0x0000000604400000, 0x0000000604400000, 0x0000000604600000|  0%| F|  |TAMS 0x0000000604400000, 0x0000000604400000| Untracked 
|   4|0x0000000604600000, 0x0000000604600000, 0x0000000604800000|  0%| F|  |TAMS 0x0000000604600000, 0x0000000604600000| Untracked 
|   5|0x0000000604800000, 0x0000000604800000, 0x0000000604a00000|  0%| F|  |TAMS 0x0000000604800000, 0x0000000604800000| Untracked 
|   6|0x0000000604a00000, 0x0000000604a00000, 0x0000000604c00000|  0%| F|  |TAMS 0x0000000604a00000, 0x0000000604a00000| Untracked 
|   7|0x0000000604c00000, 0x0000000604c00000, 0x0000000604e00000|  0%| F|  |TAMS 0x0000000604c00000, 0x0000000604c00000| Untracked 
|   8|0x0000000604e00000, 0x0000000604e00000, 0x0000000605000000|  0%| F|  |TAMS 0x0000000604e00000, 0x0000000604e00000| Untracked 
|   9|0x0000000605000000, 0x0000000605000000, 0x0000000605200000|  0%| F|  |TAMS 0x0000000605000000, 0x0000000605000000| Untracked 
|  10|0x0000000605200000, 0x0000000605200000, 0x0000000605400000|  0%| F|  |TAMS 0x0000000605200000, 0x0000000605200000| Untracked 
|  11|0x0000000605400000, 0x0000000605400000, 0x0000000605600000|  0%| F|  |TAMS 0x0000000605400000, 0x0000000605400000| Untracked 
|  12|0x0000000605600000, 0x0000000605600000, 0x0000000605800000|  0%| F|  |TAMS 0x0000000605600000, 0x0000000605600000| Untracked 
|  13|0x0000000605800000, 0x0000000605800000, 0x0000000605a00000|  0%| F|  |TAMS 0x0000000605800000, 0x0000000605800000| Untracked 
|  14|0x0000000605a00000, 0x0000000605a00000, 0x0000000605c00000|  0%| F|  |TAMS 0x0000000605a00000, 0x0000000605a00000| Untracked 
|  15|0x0000000605c00000, 0x0000000605c00000, 0x0000000605e00000|  0%| F|  |TAMS 0x0000000605c00000, 0x0000000605c00000| Untracked 
|  16|0x0000000605e00000, 0x0000000605e00000, 0x0000000606000000|  0%| F|  |TAMS 0x0000000605e00000, 0x0000000605e00000| Untracked 
|  17|0x0000000606000000, 0x0000000606000000, 0x0000000606200000|  0%| F|  |TAMS 0x0000000606000000, 0x0000000606000000| Untracked 
|  18|0x0000000606200000, 0x0000000606200000, 0x0000000606400000|  0%| F|  |TAMS 0x0000000606200000, 0x0000000606200000| Untracked 
|  19|0x0000000606400000, 0x0000000606400000, 0x0000000606600000|  0%| F|  |TAMS 0x0000000606400000, 0x0000000606400000| Untracked 
|  20|0x0000000606600000, 0x0000000606600000, 0x0000000606800000|  0%| F|  |TAMS 0x0000000606600000, 0x0000000606600000| Untracked 
|  21|0x0000000606800000, 0x0000000606800000, 0x0000000606a00000|  0%| F|  |TAMS 0x0000000606800000, 0x0000000606800000| Untracked 
|  22|0x0000000606a00000, 0x0000000606a00000, 0x0000000606c00000|  0%| F|  |TAMS 0x0000000606a00000, 0x0000000606a00000| Untracked 
|  23|0x0000000606c00000, 0x0000000606c00000, 0x0000000606e00000|  0%| F|  |TAMS 0x0000000606c00000, 0x0000000606c00000| Untracked 
|  24|0x0000000606e00000, 0x0000000606e00000, 0x0000000607000000|  0%| F|  |TAMS 0x0000000606e00000, 0x0000000606e00000| Untracked 
|  25|0x0000000607000000, 0x0000000607000000, 0x0000000607200000|  0%| F|  |TAMS 0x0000000607000000, 0x0000000607000000| Untracked 
|  26|0x0000000607200000, 0x0000000607200000, 0x0000000607400000|  0%| F|  |TAMS 0x0000000607200000, 0x0000000607200000| Untracked 
|  27|0x0000000607400000, 0x0000000607400000, 0x0000000607600000|  0%| F|  |TAMS 0x0000000607400000, 0x0000000607400000| Untracked 
|  28|0x0000000607600000, 0x0000000607600000, 0x0000000607800000|  0%| F|  |TAMS 0x0000000607600000, 0x0000000607600000| Untracked 
|  29|0x0000000607800000, 0x0000000607800000, 0x0000000607a00000|  0%| F|  |TAMS 0x0000000607800000, 0x0000000607800000| Untracked 
|  30|0x0000000607a00000, 0x0000000607a00000, 0x0000000607c00000|  0%| F|  |TAMS 0x0000000607a00000, 0x0000000607a00000| Untracked 
|  31|0x0000000607c00000, 0x0000000607c00000, 0x0000000607e00000|  0%| F|  |TAMS 0x0000000607c00000, 0x0000000607c00000| Untracked 
|  32|0x0000000607e00000, 0x0000000607e00000, 0x0000000608000000|  0%| F|  |TAMS 0x0000000607e00000, 0x0000000607e00000| Untracked 
|  33|0x0000000608000000, 0x0000000608000000, 0x0000000608200000|  0%| F|  |TAMS 0x0000000608000000, 0x0000000608000000| Untracked 
|  34|0x0000000608200000, 0x0000000608200000, 0x0000000608400000|  0%| F|  |TAMS 0x0000000608200000, 0x0000000608200000| Untracked 
|  35|0x0000000608400000, 0x0000000608400000, 0x0000000608600000|  0%| F|  |TAMS 0x0000000608400000, 0x0000000608400000| Untracked 
|  36|0x0000000608600000, 0x0000000608600000, 0x0000000608800000|  0%| F|  |TAMS 0x0000000608600000, 0x0000000608600000| Untracked 
|  37|0x0000000608800000, 0x0000000608800000, 0x0000000608a00000|  0%| F|  |TAMS 0x0000000608800000, 0x0000000608800000| Untracked 
|  38|0x0000000608a00000, 0x0000000608a00000, 0x0000000608c00000|  0%| F|  |TAMS 0x0000000608a00000, 0x0000000608a00000| Untracked 
|  39|0x0000000608c00000, 0x0000000608c00000, 0x0000000608e00000|  0%| F|  |TAMS 0x0000000608c00000, 0x0000000608c00000| Untracked 
|  40|0x0000000608e00000, 0x0000000608e00000, 0x0000000609000000|  0%| F|  |TAMS 0x0000000608e00000, 0x0000000608e00000| Untracked 
|  41|0x0000000609000000, 0x0000000609000000, 0x0000000609200000|  0%| F|  |TAMS 0x0000000609000000, 0x0000000609000000| Untracked 
|  42|0x0000000609200000, 0x0000000609200000, 0x0000000609400000|  0%| F|  |TAMS 0x0000000609200000, 0x0000000609200000| Untracked 
|  43|0x0000000609400000, 0x0000000609400000, 0x0000000609600000|  0%| F|  |TAMS 0x0000000609400000, 0x0000000609400000| Untracked 
|  44|0x0000000609600000, 0x0000000609600000, 0x0000000609800000|  0%| F|  |TAMS 0x0000000609600000, 0x0000000609600000| Untracked 
|  45|0x0000000609800000, 0x0000000609800000, 0x0000000609a00000|  0%| F|  |TAMS 0x0000000609800000, 0x0000000609800000| Untracked 
|  46|0x0000000609a00000, 0x0000000609a00000, 0x0000000609c00000|  0%| F|  |TAMS 0x0000000609a00000, 0x0000000609a00000| Untracked 
|  47|0x0000000609c00000, 0x0000000609c00000, 0x0000000609e00000|  0%| F|  |TAMS 0x0000000609c00000, 0x0000000609c00000| Untracked 
|  48|0x0000000609e00000, 0x0000000609e00000, 0x000000060a000000|  0%| F|  |TAMS 0x0000000609e00000, 0x0000000609e00000| Untracked 
|  49|0x000000060a000000, 0x000000060a000000, 0x000000060a200000|  0%| F|  |TAMS 0x000000060a000000, 0x000000060a000000| Untracked 
|  50|0x000000060a200000, 0x000000060a200000, 0x000000060a400000|  0%| F|  |TAMS 0x000000060a200000, 0x000000060a200000| Untracked 
|  51|0x000000060a400000, 0x000000060a400000, 0x000000060a600000|  0%| F|  |TAMS 0x000000060a400000, 0x000000060a400000| Untracked 
|  52|0x000000060a600000, 0x000000060a600000, 0x000000060a800000|  0%| F|  |TAMS 0x000000060a600000, 0x000000060a600000| Untracked 
|  53|0x000000060a800000, 0x000000060a800000, 0x000000060aa00000|  0%| F|  |TAMS 0x000000060a800000, 0x000000060a800000| Untracked 
|  54|0x000000060aa00000, 0x000000060aa00000, 0x000000060ac00000|  0%| F|  |TAMS 0x000000060aa00000, 0x000000060aa00000| Untracked 
|  55|0x000000060ac00000, 0x000000060ac00000, 0x000000060ae00000|  0%| F|  |TAMS 0x000000060ac00000, 0x000000060ac00000| Untracked 
|  56|0x000000060ae00000, 0x000000060ae00000, 0x000000060b000000|  0%| F|  |TAMS 0x000000060ae00000, 0x000000060ae00000| Untracked 
|  57|0x000000060b000000, 0x000000060b000000, 0x000000060b200000|  0%| F|  |TAMS 0x000000060b000000, 0x000000060b000000| Untracked 
|  58|0x000000060b200000, 0x000000060b200000, 0x000000060b400000|  0%| F|  |TAMS 0x000000060b200000, 0x000000060b200000| Untracked 
|  59|0x000000060b400000, 0x000000060b400000, 0x000000060b600000|  0%| F|  |TAMS 0x000000060b400000, 0x000000060b400000| Untracked 
|  60|0x000000060b600000, 0x000000060b600000, 0x000000060b800000|  0%| F|  |TAMS 0x000000060b600000, 0x000000060b600000| Untracked 
|  61|0x000000060b800000, 0x000000060b800000, 0x000000060ba00000|  0%| F|  |TAMS 0x000000060b800000, 0x000000060b800000| Untracked 
|  62|0x000000060ba00000, 0x000000060ba00000, 0x000000060bc00000|  0%| F|  |TAMS 0x000000060ba00000, 0x000000060ba00000| Untracked 
|  63|0x000000060bc00000, 0x000000060bc00000, 0x000000060be00000|  0%| F|  |TAMS 0x000000060bc00000, 0x000000060bc00000| Untracked 
|  64|0x000000060be00000, 0x000000060be00000, 0x000000060c000000|  0%| F|  |TAMS 0x000000060be00000, 0x000000060be00000| Untracked 
|  65|0x000000060c000000, 0x000000060c000000, 0x000000060c200000|  0%| F|  |TAMS 0x000000060c000000, 0x000000060c000000| Untracked 
|  66|0x000000060c200000, 0x000000060c200000, 0x000000060c400000|  0%| F|  |TAMS 0x000000060c200000, 0x000000060c200000| Untracked 
|  67|0x000000060c400000, 0x000000060c400000, 0x000000060c600000|  0%| F|  |TAMS 0x000000060c400000, 0x000000060c400000| Untracked 
|  68|0x000000060c600000, 0x000000060c600000, 0x000000060c800000|  0%| F|  |TAMS 0x000000060c600000, 0x000000060c600000| Untracked 
|  69|0x000000060c800000, 0x000000060c800000, 0x000000060ca00000|  0%| F|  |TAMS 0x000000060c800000, 0x000000060c800000| Untracked 
|  70|0x000000060ca00000, 0x000000060ca00000, 0x000000060cc00000|  0%| F|  |TAMS 0x000000060ca00000, 0x000000060ca00000| Untracked 
|  71|0x000000060cc00000, 0x000000060cc00000, 0x000000060ce00000|  0%| F|  |TAMS 0x000000060cc00000, 0x000000060cc00000| Untracked 
|  72|0x000000060ce00000, 0x000000060ce00000, 0x000000060d000000|  0%| F|  |TAMS 0x000000060ce00000, 0x000000060ce00000| Untracked 
|  73|0x000000060d000000, 0x000000060d000000, 0x000000060d200000|  0%| F|  |TAMS 0x000000060d000000, 0x000000060d000000| Untracked 
|  74|0x000000060d200000, 0x000000060d200000, 0x000000060d400000|  0%| F|  |TAMS 0x000000060d200000, 0x000000060d200000| Untracked 
|  75|0x000000060d400000, 0x000000060d400000, 0x000000060d600000|  0%| F|  |TAMS 0x000000060d400000, 0x000000060d400000| Untracked 
|  76|0x000000060d600000, 0x000000060d600000, 0x000000060d800000|  0%| F|  |TAMS 0x000000060d600000, 0x000000060d600000| Untracked 
|  77|0x000000060d800000, 0x000000060d800000, 0x000000060da00000|  0%| F|  |TAMS 0x000000060d800000, 0x000000060d800000| Untracked 
|  78|0x000000060da00000, 0x000000060da00000, 0x000000060dc00000|  0%| F|  |TAMS 0x000000060da00000, 0x000000060da00000| Untracked 
|  79|0x000000060dc00000, 0x000000060dc00000, 0x000000060de00000|  0%| F|  |TAMS 0x000000060dc00000, 0x000000060dc00000| Untracked 
|  80|0x000000060de00000, 0x000000060de00000, 0x000000060e000000|  0%| F|  |TAMS 0x000000060de00000, 0x000000060de00000| Untracked 
|  81|0x000000060e000000, 0x000000060e000000, 0x000000060e200000|  0%| F|  |TAMS 0x000000060e000000, 0x000000060e000000| Untracked 
|  82|0x000000060e200000, 0x000000060e200000, 0x000000060e400000|  0%| F|  |TAMS 0x000000060e200000, 0x000000060e200000| Untracked 
|  83|0x000000060e400000, 0x000000060e400000, 0x000000060e600000|  0%| F|  |TAMS 0x000000060e400000, 0x000000060e400000| Untracked 
|  84|0x000000060e600000, 0x000000060e600000, 0x000000060e800000|  0%| F|  |TAMS 0x000000060e600000, 0x000000060e600000| Untracked 
|  85|0x000000060e800000, 0x000000060e800000, 0x000000060ea00000|  0%| F|  |TAMS 0x000000060e800000, 0x000000060e800000| Untracked 
|  86|0x000000060ea00000, 0x000000060ea00000, 0x000000060ec00000|  0%| F|  |TAMS 0x000000060ea00000, 0x000000060ea00000| Untracked 
|  87|0x000000060ec00000, 0x000000060ec00000, 0x000000060ee00000|  0%| F|  |TAMS 0x000000060ec00000, 0x000000060ec00000| Untracked 
|  88|0x000000060ee00000, 0x000000060ee00000, 0x000000060f000000|  0%| F|  |TAMS 0x000000060ee00000, 0x000000060ee00000| Untracked 
|  89|0x000000060f000000, 0x000000060f000000, 0x000000060f200000|  0%| F|  |TAMS 0x000000060f000000, 0x000000060f000000| Untracked 
|  90|0x000000060f200000, 0x000000060f200000, 0x000000060f400000|  0%| F|  |TAMS 0x000000060f200000, 0x000000060f200000| Untracked 
|  91|0x000000060f400000, 0x000000060f400000, 0x000000060f600000|  0%| F|  |TAMS 0x000000060f400000, 0x000000060f400000| Untracked 
|  92|0x000000060f600000, 0x000000060f600000, 0x000000060f800000|  0%| F|  |TAMS 0x000000060f600000, 0x000000060f600000| Untracked 
|  93|0x000000060f800000, 0x000000060f800000, 0x000000060fa00000|  0%| F|  |TAMS 0x000000060f800000, 0x000000060f800000| Untracked 
|  94|0x000000060fa00000, 0x000000060fa00000, 0x000000060fc00000|  0%| F|  |TAMS 0x000000060fa00000, 0x000000060fa00000| Untracked 
|  95|0x000000060fc00000, 0x000000060fc00000, 0x000000060fe00000|  0%| F|  |TAMS 0x000000060fc00000, 0x000000060fc00000| Untracked 
|  96|0x000000060fe00000, 0x000000060fe00000, 0x0000000610000000|  0%| F|  |TAMS 0x000000060fe00000, 0x000000060fe00000| Untracked 
|  97|0x0000000610000000, 0x0000000610000000, 0x0000000610200000|  0%| F|  |TAMS 0x0000000610000000, 0x0000000610000000| Untracked 
|  98|0x0000000610200000, 0x0000000610200000, 0x0000000610400000|  0%| F|  |TAMS 0x0000000610200000, 0x0000000610200000| Untracked 
|  99|0x0000000610400000, 0x0000000610400000, 0x0000000610600000|  0%| F|  |TAMS 0x0000000610400000, 0x0000000610400000| Untracked 
| 100|0x0000000610600000, 0x0000000610600000, 0x0000000610800000|  0%| F|  |TAMS 0x0000000610600000, 0x0000000610600000| Untracked 
| 101|0x0000000610800000, 0x0000000610800000, 0x0000000610a00000|  0%| F|  |TAMS 0x0000000610800000, 0x0000000610800000| Untracked 
| 102|0x0000000610a00000, 0x0000000610a00000, 0x0000000610c00000|  0%| F|  |TAMS 0x0000000610a00000, 0x0000000610a00000| Untracked 
| 103|0x0000000610c00000, 0x0000000610c00000, 0x0000000610e00000|  0%| F|  |TAMS 0x0000000610c00000, 0x0000000610c00000| Untracked 
| 104|0x0000000610e00000, 0x0000000610e00000, 0x0000000611000000|  0%| F|  |TAMS 0x0000000610e00000, 0x0000000610e00000| Untracked 
| 105|0x0000000611000000, 0x0000000611000000, 0x0000000611200000|  0%| F|  |TAMS 0x0000000611000000, 0x0000000611000000| Untracked 
| 106|0x0000000611200000, 0x0000000611200000, 0x0000000611400000|  0%| F|  |TAMS 0x0000000611200000, 0x0000000611200000| Untracked 
| 107|0x0000000611400000, 0x0000000611400000, 0x0000000611600000|  0%| F|  |TAMS 0x0000000611400000, 0x0000000611400000| Untracked 
| 108|0x0000000611600000, 0x0000000611600000, 0x0000000611800000|  0%| F|  |TAMS 0x0000000611600000, 0x0000000611600000| Untracked 
| 109|0x0000000611800000, 0x0000000611800000, 0x0000000611a00000|  0%| F|  |TAMS 0x0000000611800000, 0x0000000611800000| Untracked 
| 110|0x0000000611a00000, 0x0000000611a00000, 0x0000000611c00000|  0%| F|  |TAMS 0x0000000611a00000, 0x0000000611a00000| Untracked 
| 111|0x0000000611c00000, 0x0000000611c00000, 0x0000000611e00000|  0%| F|  |TAMS 0x0000000611c00000, 0x0000000611c00000| Untracked 
| 112|0x0000000611e00000, 0x0000000611e00000, 0x0000000612000000|  0%| F|  |TAMS 0x0000000611e00000, 0x0000000611e00000| Untracked 
| 113|0x0000000612000000, 0x0000000612000000, 0x0000000612200000|  0%| F|  |TAMS 0x0000000612000000, 0x0000000612000000| Untracked 
| 114|0x0000000612200000, 0x0000000612200000, 0x0000000612400000|  0%| F|  |TAMS 0x0000000612200000, 0x0000000612200000| Untracked 
| 115|0x0000000612400000, 0x0000000612400000, 0x0000000612600000|  0%| F|  |TAMS 0x0000000612400000, 0x0000000612400000| Untracked 
| 116|0x0000000612600000, 0x0000000612600000, 0x0000000612800000|  0%| F|  |TAMS 0x0000000612600000, 0x0000000612600000| Untracked 
| 117|0x0000000612800000, 0x0000000612800000, 0x0000000612a00000|  0%| F|  |TAMS 0x0000000612800000, 0x0000000612800000| Untracked 
| 118|0x0000000612a00000, 0x0000000612a00000, 0x0000000612c00000|  0%| F|  |TAMS 0x0000000612a00000, 0x0000000612a00000| Untracked 
| 119|0x0000000612c00000, 0x0000000612c00000, 0x0000000612e00000|  0%| F|  |TAMS 0x0000000612c00000, 0x0000000612c00000| Untracked 
| 120|0x0000000612e00000, 0x0000000612e00000, 0x0000000613000000|  0%| F|  |TAMS 0x0000000612e00000, 0x0000000612e00000| Untracked 
| 121|0x0000000613000000, 0x0000000613000000, 0x0000000613200000|  0%| F|  |TAMS 0x0000000613000000, 0x0000000613000000| Untracked 
| 122|0x0000000613200000, 0x0000000613200000, 0x0000000613400000|  0%| F|  |TAMS 0x0000000613200000, 0x0000000613200000| Untracked 
| 123|0x0000000613400000, 0x0000000613400000, 0x0000000613600000|  0%| F|  |TAMS 0x0000000613400000, 0x0000000613400000| Untracked 
| 124|0x0000000613600000, 0x0000000613600000, 0x0000000613800000|  0%| F|  |TAMS 0x0000000613600000, 0x0000000613600000| Untracked 
| 125|0x0000000613800000, 0x0000000613800000, 0x0000000613a00000|  0%| F|  |TAMS 0x0000000613800000, 0x0000000613800000| Untracked 
| 126|0x0000000613a00000, 0x0000000613a00000, 0x0000000613c00000|  0%| F|  |TAMS 0x0000000613a00000, 0x0000000613a00000| Untracked 
| 127|0x0000000613c00000, 0x0000000613c00000, 0x0000000613e00000|  0%| F|  |TAMS 0x0000000613c00000, 0x0000000613c00000| Untracked 
| 128|0x0000000613e00000, 0x0000000613e00000, 0x0000000614000000|  0%| F|  |TAMS 0x0000000613e00000, 0x0000000613e00000| Untracked 
| 129|0x0000000614000000, 0x0000000614000000, 0x0000000614200000|  0%| F|  |TAMS 0x0000000614000000, 0x0000000614000000| Untracked 
| 130|0x0000000614200000, 0x0000000614200000, 0x0000000614400000|  0%| F|  |TAMS 0x0000000614200000, 0x0000000614200000| Untracked 
| 131|0x0000000614400000, 0x0000000614400000, 0x0000000614600000|  0%| F|  |TAMS 0x0000000614400000, 0x0000000614400000| Untracked 
| 132|0x0000000614600000, 0x0000000614600000, 0x0000000614800000|  0%| F|  |TAMS 0x0000000614600000, 0x0000000614600000| Untracked 
| 133|0x0000000614800000, 0x0000000614800000, 0x0000000614a00000|  0%| F|  |TAMS 0x0000000614800000, 0x0000000614800000| Untracked 
| 134|0x0000000614a00000, 0x0000000614a00000, 0x0000000614c00000|  0%| F|  |TAMS 0x0000000614a00000, 0x0000000614a00000| Untracked 
| 135|0x0000000614c00000, 0x0000000614c00000, 0x0000000614e00000|  0%| F|  |TAMS 0x0000000614c00000, 0x0000000614c00000| Untracked 
| 136|0x0000000614e00000, 0x0000000614e00000, 0x0000000615000000|  0%| F|  |TAMS 0x0000000614e00000, 0x0000000614e00000| Untracked 
| 137|0x0000000615000000, 0x0000000615000000, 0x0000000615200000|  0%| F|  |TAMS 0x0000000615000000, 0x0000000615000000| Untracked 
| 138|0x0000000615200000, 0x0000000615200000, 0x0000000615400000|  0%| F|  |TAMS 0x0000000615200000, 0x0000000615200000| Untracked 
| 139|0x0000000615400000, 0x0000000615400000, 0x0000000615600000|  0%| F|  |TAMS 0x0000000615400000, 0x0000000615400000| Untracked 
| 140|0x0000000615600000, 0x0000000615600000, 0x0000000615800000|  0%| F|  |TAMS 0x0000000615600000, 0x0000000615600000| Untracked 
| 141|0x0000000615800000, 0x0000000615800000, 0x0000000615a00000|  0%| F|  |TAMS 0x0000000615800000, 0x0000000615800000| Untracked 
| 142|0x0000000615a00000, 0x0000000615a00000, 0x0000000615c00000|  0%| F|  |TAMS 0x0000000615a00000, 0x0000000615a00000| Untracked 
| 143|0x0000000615c00000, 0x0000000615c00000, 0x0000000615e00000|  0%| F|  |TAMS 0x0000000615c00000, 0x0000000615c00000| Untracked 
| 144|0x0000000615e00000, 0x0000000615e00000, 0x0000000616000000|  0%| F|  |TAMS 0x0000000615e00000, 0x0000000615e00000| Untracked 
| 145|0x0000000616000000, 0x0000000616000000, 0x0000000616200000|  0%| F|  |TAMS 0x0000000616000000, 0x0000000616000000| Untracked 
| 146|0x0000000616200000, 0x0000000616200000, 0x0000000616400000|  0%| F|  |TAMS 0x0000000616200000, 0x0000000616200000| Untracked 
| 147|0x0000000616400000, 0x0000000616400000, 0x0000000616600000|  0%| F|  |TAMS 0x0000000616400000, 0x0000000616400000| Untracked 
| 148|0x0000000616600000, 0x0000000616600000, 0x0000000616800000|  0%| F|  |TAMS 0x0000000616600000, 0x0000000616600000| Untracked 
| 149|0x0000000616800000, 0x0000000616800000, 0x0000000616a00000|  0%| F|  |TAMS 0x0000000616800000, 0x0000000616800000| Untracked 
| 150|0x0000000616a00000, 0x0000000616a00000, 0x0000000616c00000|  0%| F|  |TAMS 0x0000000616a00000, 0x0000000616a00000| Untracked 
| 151|0x0000000616c00000, 0x0000000616c00000, 0x0000000616e00000|  0%| F|  |TAMS 0x0000000616c00000, 0x0000000616c00000| Untracked 
| 152|0x0000000616e00000, 0x0000000616e00000, 0x0000000617000000|  0%| F|  |TAMS 0x0000000616e00000, 0x0000000616e00000| Untracked 
| 153|0x0000000617000000, 0x0000000617000000, 0x0000000617200000|  0%| F|  |TAMS 0x0000000617000000, 0x0000000617000000| Untracked 
| 154|0x0000000617200000, 0x0000000617200000, 0x0000000617400000|  0%| F|  |TAMS 0x0000000617200000, 0x0000000617200000| Untracked 
| 155|0x0000000617400000, 0x0000000617400000, 0x0000000617600000|  0%| F|  |TAMS 0x0000000617400000, 0x0000000617400000| Untracked 
| 156|0x0000000617600000, 0x0000000617600000, 0x0000000617800000|  0%| F|  |TAMS 0x0000000617600000, 0x0000000617600000| Untracked 
| 157|0x0000000617800000, 0x0000000617800000, 0x0000000617a00000|  0%| F|  |TAMS 0x0000000617800000, 0x0000000617800000| Untracked 
| 158|0x0000000617a00000, 0x0000000617a00000, 0x0000000617c00000|  0%| F|  |TAMS 0x0000000617a00000, 0x0000000617a00000| Untracked 
| 159|0x0000000617c00000, 0x0000000617c00000, 0x0000000617e00000|  0%| F|  |TAMS 0x0000000617c00000, 0x0000000617c00000| Untracked 
| 160|0x0000000617e00000, 0x0000000617e00000, 0x0000000618000000|  0%| F|  |TAMS 0x0000000617e00000, 0x0000000617e00000| Untracked 
| 161|0x0000000618000000, 0x0000000618000000, 0x0000000618200000|  0%| F|  |TAMS 0x0000000618000000, 0x0000000618000000| Untracked 
| 162|0x0000000618200000, 0x0000000618200000, 0x0000000618400000|  0%| F|  |TAMS 0x0000000618200000, 0x0000000618200000| Untracked 
| 163|0x0000000618400000, 0x0000000618400000, 0x0000000618600000|  0%| F|  |TAMS 0x0000000618400000, 0x0000000618400000| Untracked 
| 164|0x0000000618600000, 0x0000000618600000, 0x0000000618800000|  0%| F|  |TAMS 0x0000000618600000, 0x0000000618600000| Untracked 
| 165|0x0000000618800000, 0x0000000618800000, 0x0000000618a00000|  0%| F|  |TAMS 0x0000000618800000, 0x0000000618800000| Untracked 
| 166|0x0000000618a00000, 0x0000000618a00000, 0x0000000618c00000|  0%| F|  |TAMS 0x0000000618a00000, 0x0000000618a00000| Untracked 
| 167|0x0000000618c00000, 0x0000000618c00000, 0x0000000618e00000|  0%| F|  |TAMS 0x0000000618c00000, 0x0000000618c00000| Untracked 
| 168|0x0000000618e00000, 0x0000000618e00000, 0x0000000619000000|  0%| F|  |TAMS 0x0000000618e00000, 0x0000000618e00000| Untracked 
| 169|0x0000000619000000, 0x0000000619000000, 0x0000000619200000|  0%| F|  |TAMS 0x0000000619000000, 0x0000000619000000| Untracked 
| 170|0x0000000619200000, 0x0000000619200000, 0x0000000619400000|  0%| F|  |TAMS 0x0000000619200000, 0x0000000619200000| Untracked 
| 171|0x0000000619400000, 0x0000000619400000, 0x0000000619600000|  0%| F|  |TAMS 0x0000000619400000, 0x0000000619400000| Untracked 
| 172|0x0000000619600000, 0x0000000619600000, 0x0000000619800000|  0%| F|  |TAMS 0x0000000619600000, 0x0000000619600000| Untracked 
| 173|0x0000000619800000, 0x0000000619800000, 0x0000000619a00000|  0%| F|  |TAMS 0x0000000619800000, 0x0000000619800000| Untracked 
| 174|0x0000000619a00000, 0x0000000619a00000, 0x0000000619c00000|  0%| F|  |TAMS 0x0000000619a00000, 0x0000000619a00000| Untracked 
| 175|0x0000000619c00000, 0x0000000619c00000, 0x0000000619e00000|  0%| F|  |TAMS 0x0000000619c00000, 0x0000000619c00000| Untracked 
| 176|0x0000000619e00000, 0x0000000619e00000, 0x000000061a000000|  0%| F|  |TAMS 0x0000000619e00000, 0x0000000619e00000| Untracked 
| 177|0x000000061a000000, 0x000000061a000000, 0x000000061a200000|  0%| F|  |TAMS 0x000000061a000000, 0x000000061a000000| Untracked 
| 178|0x000000061a200000, 0x000000061a200000, 0x000000061a400000|  0%| F|  |TAMS 0x000000061a200000, 0x000000061a200000| Untracked 
| 179|0x000000061a400000, 0x000000061a400000, 0x000000061a600000|  0%| F|  |TAMS 0x000000061a400000, 0x000000061a400000| Untracked 
| 180|0x000000061a600000, 0x000000061a600000, 0x000000061a800000|  0%| F|  |TAMS 0x000000061a600000, 0x000000061a600000| Untracked 
| 181|0x000000061a800000, 0x000000061a800000, 0x000000061aa00000|  0%| F|  |TAMS 0x000000061a800000, 0x000000061a800000| Untracked 
| 182|0x000000061aa00000, 0x000000061aa00000, 0x000000061ac00000|  0%| F|  |TAMS 0x000000061aa00000, 0x000000061aa00000| Untracked 
| 183|0x000000061ac00000, 0x000000061ac00000, 0x000000061ae00000|  0%| F|  |TAMS 0x000000061ac00000, 0x000000061ac00000| Untracked 
| 184|0x000000061ae00000, 0x000000061ae00000, 0x000000061b000000|  0%| F|  |TAMS 0x000000061ae00000, 0x000000061ae00000| Untracked 
| 185|0x000000061b000000, 0x000000061b000000, 0x000000061b200000|  0%| F|  |TAMS 0x000000061b000000, 0x000000061b000000| Untracked 
| 186|0x000000061b200000, 0x000000061b200000, 0x000000061b400000|  0%| F|  |TAMS 0x000000061b200000, 0x000000061b200000| Untracked 
| 187|0x000000061b400000, 0x000000061b400000, 0x000000061b600000|  0%| F|  |TAMS 0x000000061b400000, 0x000000061b400000| Untracked 
| 188|0x000000061b600000, 0x000000061b600000, 0x000000061b800000|  0%| F|  |TAMS 0x000000061b600000, 0x000000061b600000| Untracked 
| 189|0x000000061b800000, 0x000000061b800000, 0x000000061ba00000|  0%| F|  |TAMS 0x000000061b800000, 0x000000061b800000| Untracked 
| 190|0x000000061ba00000, 0x000000061ba00000, 0x000000061bc00000|  0%| F|  |TAMS 0x000000061ba00000, 0x000000061ba00000| Untracked 
| 191|0x000000061bc00000, 0x000000061bc00000, 0x000000061be00000|  0%| F|  |TAMS 0x000000061bc00000, 0x000000061bc00000| Untracked 
| 192|0x000000061be00000, 0x000000061be00000, 0x000000061c000000|  0%| F|  |TAMS 0x000000061be00000, 0x000000061be00000| Untracked 
| 193|0x000000061c000000, 0x000000061c000000, 0x000000061c200000|  0%| F|  |TAMS 0x000000061c000000, 0x000000061c000000| Untracked 
| 194|0x000000061c200000, 0x000000061c200000, 0x000000061c400000|  0%| F|  |TAMS 0x000000061c200000, 0x000000061c200000| Untracked 
| 195|0x000000061c400000, 0x000000061c400000, 0x000000061c600000|  0%| F|  |TAMS 0x000000061c400000, 0x000000061c400000| Untracked 
| 196|0x000000061c600000, 0x000000061c600000, 0x000000061c800000|  0%| F|  |TAMS 0x000000061c600000, 0x000000061c600000| Untracked 
| 197|0x000000061c800000, 0x000000061c800000, 0x000000061ca00000|  0%| F|  |TAMS 0x000000061c800000, 0x000000061c800000| Untracked 
| 198|0x000000061ca00000, 0x000000061ca00000, 0x000000061cc00000|  0%| F|  |TAMS 0x000000061ca00000, 0x000000061ca00000| Untracked 
| 199|0x000000061cc00000, 0x000000061cc00000, 0x000000061ce00000|  0%| F|  |TAMS 0x000000061cc00000, 0x000000061cc00000| Untracked 
| 200|0x000000061ce00000, 0x000000061ce00000, 0x000000061d000000|  0%| F|  |TAMS 0x000000061ce00000, 0x000000061ce00000| Untracked 
| 201|0x000000061d000000, 0x000000061d000000, 0x000000061d200000|  0%| F|  |TAMS 0x000000061d000000, 0x000000061d000000| Untracked 
| 202|0x000000061d200000, 0x000000061d200000, 0x000000061d400000|  0%| F|  |TAMS 0x000000061d200000, 0x000000061d200000| Untracked 
| 203|0x000000061d400000, 0x000000061d400000, 0x000000061d600000|  0%| F|  |TAMS 0x000000061d400000, 0x000000061d400000| Untracked 
| 204|0x000000061d600000, 0x000000061d600000, 0x000000061d800000|  0%| F|  |TAMS 0x000000061d600000, 0x000000061d600000| Untracked 
| 205|0x000000061d800000, 0x000000061d800000, 0x000000061da00000|  0%| F|  |TAMS 0x000000061d800000, 0x000000061d800000| Untracked 
| 206|0x000000061da00000, 0x000000061da00000, 0x000000061dc00000|  0%| F|  |TAMS 0x000000061da00000, 0x000000061da00000| Untracked 
| 207|0x000000061dc00000, 0x000000061dc00000, 0x000000061de00000|  0%| F|  |TAMS 0x000000061dc00000, 0x000000061dc00000| Untracked 
| 208|0x000000061de00000, 0x000000061de00000, 0x000000061e000000|  0%| F|  |TAMS 0x000000061de00000, 0x000000061de00000| Untracked 
| 209|0x000000061e000000, 0x000000061e000000, 0x000000061e200000|  0%| F|  |TAMS 0x000000061e000000, 0x000000061e000000| Untracked 
| 210|0x000000061e200000, 0x000000061e200000, 0x000000061e400000|  0%| F|  |TAMS 0x000000061e200000, 0x000000061e200000| Untracked 
| 211|0x000000061e400000, 0x000000061e400000, 0x000000061e600000|  0%| F|  |TAMS 0x000000061e400000, 0x000000061e400000| Untracked 
| 212|0x000000061e600000, 0x000000061e600000, 0x000000061e800000|  0%| F|  |TAMS 0x000000061e600000, 0x000000061e600000| Untracked 
| 213|0x000000061e800000, 0x000000061e800000, 0x000000061ea00000|  0%| F|  |TAMS 0x000000061e800000, 0x000000061e800000| Untracked 
| 214|0x000000061ea00000, 0x000000061ea00000, 0x000000061ec00000|  0%| F|  |TAMS 0x000000061ea00000, 0x000000061ea00000| Untracked 
| 215|0x000000061ec00000, 0x000000061ec00000, 0x000000061ee00000|  0%| F|  |TAMS 0x000000061ec00000, 0x000000061ec00000| Untracked 
| 216|0x000000061ee00000, 0x000000061ee00000, 0x000000061f000000|  0%| F|  |TAMS 0x000000061ee00000, 0x000000061ee00000| Untracked 
| 217|0x000000061f000000, 0x000000061f000000, 0x000000061f200000|  0%| F|  |TAMS 0x000000061f000000, 0x000000061f000000| Untracked 
| 218|0x000000061f200000, 0x000000061f200000, 0x000000061f400000|  0%| F|  |TAMS 0x000000061f200000, 0x000000061f200000| Untracked 
| 219|0x000000061f400000, 0x000000061f400000, 0x000000061f600000|  0%| F|  |TAMS 0x000000061f400000, 0x000000061f400000| Untracked 
| 220|0x000000061f600000, 0x000000061f600000, 0x000000061f800000|  0%| F|  |TAMS 0x000000061f600000, 0x000000061f600000| Untracked 
| 221|0x000000061f800000, 0x000000061f800000, 0x000000061fa00000|  0%| F|  |TAMS 0x000000061f800000, 0x000000061f800000| Untracked 
| 222|0x000000061fa00000, 0x000000061fa00000, 0x000000061fc00000|  0%| F|  |TAMS 0x000000061fa00000, 0x000000061fa00000| Untracked 
| 223|0x000000061fc00000, 0x000000061fc00000, 0x000000061fe00000|  0%| F|  |TAMS 0x000000061fc00000, 0x000000061fc00000| Untracked 
| 224|0x000000061fe00000, 0x000000061fe00000, 0x0000000620000000|  0%| F|  |TAMS 0x000000061fe00000, 0x000000061fe00000| Untracked 
| 225|0x0000000620000000, 0x0000000620000000, 0x0000000620200000|  0%| F|  |TAMS 0x0000000620000000, 0x0000000620000000| Untracked 
| 226|0x0000000620200000, 0x0000000620200000, 0x0000000620400000|  0%| F|  |TAMS 0x0000000620200000, 0x0000000620200000| Untracked 
| 227|0x0000000620400000, 0x0000000620400000, 0x0000000620600000|  0%| F|  |TAMS 0x0000000620400000, 0x0000000620400000| Untracked 
| 228|0x0000000620600000, 0x0000000620600000, 0x0000000620800000|  0%| F|  |TAMS 0x0000000620600000, 0x0000000620600000| Untracked 
| 229|0x0000000620800000, 0x0000000620800000, 0x0000000620a00000|  0%| F|  |TAMS 0x0000000620800000, 0x0000000620800000| Untracked 
| 230|0x0000000620a00000, 0x0000000620a00000, 0x0000000620c00000|  0%| F|  |TAMS 0x0000000620a00000, 0x0000000620a00000| Untracked 
| 231|0x0000000620c00000, 0x0000000620c00000, 0x0000000620e00000|  0%| F|  |TAMS 0x0000000620c00000, 0x0000000620c00000| Untracked 
| 232|0x0000000620e00000, 0x0000000620e00000, 0x0000000621000000|  0%| F|  |TAMS 0x0000000620e00000, 0x0000000620e00000| Untracked 
| 233|0x0000000621000000, 0x0000000621000000, 0x0000000621200000|  0%| F|  |TAMS 0x0000000621000000, 0x0000000621000000| Untracked 
| 234|0x0000000621200000, 0x0000000621200000, 0x0000000621400000|  0%| F|  |TAMS 0x0000000621200000, 0x0000000621200000| Untracked 
| 235|0x0000000621400000, 0x0000000621400000, 0x0000000621600000|  0%| F|  |TAMS 0x0000000621400000, 0x0000000621400000| Untracked 
| 236|0x0000000621600000, 0x0000000621600000, 0x0000000621800000|  0%| F|  |TAMS 0x0000000621600000, 0x0000000621600000| Untracked 
| 237|0x0000000621800000, 0x0000000621800000, 0x0000000621a00000|  0%| F|  |TAMS 0x0000000621800000, 0x0000000621800000| Untracked 
| 238|0x0000000621a00000, 0x0000000621b6f288, 0x0000000621c00000| 71%| S|CS|TAMS 0x0000000621a00000, 0x0000000621a00000| Complete 
| 239|0x0000000621c00000, 0x0000000621c00000, 0x0000000621e00000|  0%| F|  |TAMS 0x0000000621c00000, 0x0000000621c00000| Untracked 
| 240|0x0000000621e00000, 0x0000000621e00000, 0x0000000622000000|  0%| F|  |TAMS 0x0000000621e00000, 0x0000000621e00000| Untracked 
| 241|0x0000000622000000, 0x0000000622000000, 0x0000000622200000|  0%| F|  |TAMS 0x0000000622000000, 0x0000000622000000| Untracked 
| 242|0x0000000622200000, 0x0000000622200000, 0x0000000622400000|  0%| F|  |TAMS 0x0000000622200000, 0x0000000622200000| Untracked 
| 243|0x0000000622400000, 0x0000000622400000, 0x0000000622600000|  0%| F|  |TAMS 0x0000000622400000, 0x0000000622400000| Untracked 
| 244|0x0000000622600000, 0x0000000622600000, 0x0000000622800000|  0%| F|  |TAMS 0x0000000622600000, 0x0000000622600000| Untracked 
| 245|0x0000000622800000, 0x0000000622800000, 0x0000000622a00000|  0%| F|  |TAMS 0x0000000622800000, 0x0000000622800000| Untracked 
| 246|0x0000000622a00000, 0x0000000622a00000, 0x0000000622c00000|  0%| F|  |TAMS 0x0000000622a00000, 0x0000000622a00000| Untracked 
| 247|0x0000000622c00000, 0x0000000622c00000, 0x0000000622e00000|  0%| F|  |TAMS 0x0000000622c00000, 0x0000000622c00000| Untracked 
| 248|0x0000000622e00000, 0x0000000622e00000, 0x0000000623000000|  0%| F|  |TAMS 0x0000000622e00000, 0x0000000622e00000| Untracked 
| 249|0x0000000623000000, 0x0000000623000000, 0x0000000623200000|  0%| F|  |TAMS 0x0000000623000000, 0x0000000623000000| Untracked 
| 250|0x0000000623200000, 0x0000000623200000, 0x0000000623400000|  0%| F|  |TAMS 0x0000000623200000, 0x0000000623200000| Untracked 
| 251|0x0000000623400000, 0x0000000623400000, 0x0000000623600000|  0%| F|  |TAMS 0x0000000623400000, 0x0000000623400000| Untracked 
| 252|0x0000000623600000, 0x0000000623610020, 0x0000000623800000|  3%| E|  |TAMS 0x0000000623600000, 0x0000000623600000| Complete 
| 253|0x0000000623800000, 0x0000000623a00000, 0x0000000623a00000|100%| E|CS|TAMS 0x0000000623800000, 0x0000000623800000| Complete 
| 254|0x0000000623a00000, 0x0000000623c00000, 0x0000000623c00000|100%| E|CS|TAMS 0x0000000623a00000, 0x0000000623a00000| Complete 

Card table byte_map: [0x000001f3e0f90000,0x000001f3e1f80000] _byte_map_base: 0x000001f3ddf71000

Marking Bits (Prev, Next): (CMBitMap*) 0x000001f3c60f0af8, (CMBitMap*) 0x000001f3c60f0b38
 Prev Bits: [0x000001f3e2f70000, 0x000001f3eae78000)
 Next Bits: [0x000001f3eae80000, 0x000001f3f2d88000)

Polling page: 0x000001f3c6110000

Metaspace:

Usage:
  Non-class:     10.84 MB capacity,    10.67 MB ( 98%) used,   148.24 KB (  1%) free+waste,    25.75 KB ( <1%) overhead. 
      Class:      1.48 MB capacity,     1.34 MB ( 90%) used,   132.63 KB (  9%) free+waste,    13.94 KB ( <1%) overhead. 
       Both:     12.32 MB capacity,    12.01 MB ( 97%) used,   280.87 KB (  2%) free+waste,    39.69 KB ( <1%) overhead. 

Virtual space:
  Non-class space:       12.00 MB reserved,      11.00 MB ( 92%) committed 
      Class space:        1.00 GB reserved,       1.50 MB ( <1%) committed 
             Both:        1.01 GB reserved,      12.50 MB (  1%) committed 

Chunk freelists:
   Non-Class:  38.00 KB
       Class:  19.00 KB
        Both:  57.00 KB

MaxMetaspaceSize: 17179869184.00 GB
CompressedClassSpaceSize: 1.00 GB

CodeHeap 'non-profiled nmethods': size=119168Kb used=766Kb max_used=766Kb free=118401Kb
 bounds [0x000001f3d7b80000, 0x000001f3d7df0000, 0x000001f3defe0000]
CodeHeap 'profiled nmethods': size=119104Kb used=3480Kb max_used=3480Kb free=115623Kb
 bounds [0x000001f3d0730000, 0x000001f3d0aa0000, 0x000001f3d7b80000]
CodeHeap 'non-nmethods': size=7488Kb used=2913Kb max_used=2942Kb free=4574Kb
 bounds [0x000001f3cffe0000, 0x000001f3d02e0000, 0x000001f3d0730000]
 total_blobs=2906 nmethods=1736 adapters=399
 compilation: enabled
              stopped_count=0, restarted_count=0
 full_count=0

Compilation events (20 events):
Event: 1.934 Thread 0x000001f3f8378800 1668       4       java.nio.Buffer::position (55 bytes)
Event: 1.935 Thread 0x000001f3f94d4800 nmethod 1670 0x000001f3d0a73710 code [0x000001f3d0a738a0, 0x000001f3d0a73a18]
Event: 1.935 Thread 0x000001f3f8378800 nmethod 1668 0x000001f3d7c36890 code [0x000001f3d7c36a20, 0x000001f3d7c36b18]
Event: 1.936 Thread 0x000001f3f8378800 1671       4       java.lang.ref.SoftReference::get (29 bytes)
Event: 1.936 Thread 0x000001f3f8378800 nmethod 1671 0x000001f3d7c36c10 code [0x000001f3d7c36da0, 0x000001f3d7c36e98]
Event: 1.938 Thread 0x000001f3f607c800 nmethod 1669 0x000001f3d7c36f10 code [0x000001f3d7c37100, 0x000001f3d7c375b8]
Event: 1.951 Thread 0x000001f3f607f800 1672 %     3       org.sqlite.SQLiteJDBCLoader::contentsEquals @ 37 (78 bytes)
Event: 1.951 Thread 0x000001f3f8378800 1673       4       java.io.BufferedInputStream::getBufIfOpen (21 bytes)
Event: 1.951 Thread 0x000001f3f607f800 nmethod 1672% 0x000001f3d0a73a90 code [0x000001f3d0a73cc0, 0x000001f3d0a747b8]
Event: 1.951 Thread 0x000001f3f94d5800 1674       3       org.sqlite.SQLiteJDBCLoader::contentsEquals (78 bytes)
Event: 1.951 Thread 0x000001f3f8378800 nmethod 1673 0x000001f3d7c37890 code [0x000001f3d7c37a20, 0x000001f3d7c37ad8]
Event: 1.951 Thread 0x000001f3f94d5800 nmethod 1674 0x000001f3d0a74a90 code [0x000001f3d0a74cc0, 0x000001f3d0a75738]
Event: 1.952 Thread 0x000001f3f607c800 1675 %     4       org.sqlite.SQLiteJDBCLoader::contentsEquals @ 37 (78 bytes)
Event: 1.957 Thread 0x000001f3f607c800 nmethod 1675% 0x000001f3d7c37b90 code [0x000001f3d7c37da0, 0x000001f3d7c38918]
Event: 1.961 Thread 0x000001f3f94d4800 1676       3       java.io.FilterInputStream::read (11 bytes)
Event: 1.961 Thread 0x000001f3f94d4800 nmethod 1676 0x000001f3d0a75a10 code [0x000001f3d0a75bc0, 0x000001f3d0a75da8]
Event: 1.964 Thread 0x000001f3f94d4800 1677       3       java.io.BufferedInputStream::fill (203 bytes)
Event: 1.964 Thread 0x000001f3f61d7000 1678       3       java.io.BufferedInputStream::getInIfOpen (21 bytes)
Event: 1.964 Thread 0x000001f3f61d7000 nmethod 1678 0x000001f3d0a75e90 code [0x000001f3d0a76040, 0x000001f3d0a76268]
Event: 1.965 Thread 0x000001f3f94d4800 nmethod 1677 0x000001f3d0a76310 code [0x000001f3d0a76580, 0x000001f3d0a77368]

GC Heap History (4 events):
Event: 0.437 GC heap before
{Heap before GC invocations=0 (full 0):
 garbage-first heap   total 522240K, used 22528K [0x0000000603e00000, 0x0000000800000000)
  region size 2048K, 12 young (24576K), 0 survivors (0K)
 Metaspace       used 5680K, capacity 7087K, committed 7296K, reserved 1056768K
  class space    used 629K, capacity 799K, committed 896K, reserved 1048576K
}
Event: 0.441 GC heap after
{Heap after GC invocations=1 (full 0):
 garbage-first heap   total 522240K, used 4720K [0x0000000603e00000, 0x0000000800000000)
  region size 2048K, 2 young (4096K), 2 survivors (4096K)
 Metaspace       used 5680K, capacity 7087K, committed 7296K, reserved 1056768K
  class space    used 629K, capacity 799K, committed 896K, reserved 1048576K
}
Event: 1.927 GC heap before
{Heap before GC invocations=1 (full 0):
 garbage-first heap   total 522240K, used 31344K [0x0000000603e00000, 0x0000000800000000)
  region size 2048K, 16 young (32768K), 2 survivors (4096K)
 Metaspace       used 11309K, capacity 11757K, committed 11904K, reserved 1060864K
  class space    used 1246K, capacity 1386K, committed 1408K, reserved 1048576K
}
Event: 1.930 GC heap after
{Heap after GC invocations=2 (full 0):
 garbage-first heap   total 522240K, used 6165K [0x0000000603e00000, 0x0000000800000000)
  region size 2048K, 1 young (2048K), 1 survivors (2048K)
 Metaspace       used 11309K, capacity 11757K, committed 11904K, reserved 1060864K
  class space    used 1246K, capacity 1386K, committed 1408K, reserved 1048576K
}

Deoptimization events (20 events):
Event: 1.955 Thread 0x000001f3f94d3000 DEOPT PACKING pc=0x000001f3d0a746d6 sp=0x0000003315efdef0
Event: 1.955 Thread 0x000001f3f94d3000 DEOPT UNPACKING pc=0x000001f3d002964e sp=0x0000003315efd3f8 mode 0
Event: 1.956 Thread 0x000001f3f94d3000 DEOPT PACKING pc=0x000001f3d0a746d6 sp=0x0000003315efdef0
Event: 1.956 Thread 0x000001f3f94d3000 DEOPT UNPACKING pc=0x000001f3d002964e sp=0x0000003315efd3f8 mode 0
Event: 1.956 Thread 0x000001f3f94d3000 DEOPT PACKING pc=0x000001f3d0a746d6 sp=0x0000003315efdef0
Event: 1.956 Thread 0x000001f3f94d3000 DEOPT UNPACKING pc=0x000001f3d002964e sp=0x0000003315efd3f8 mode 0
Event: 1.956 Thread 0x000001f3f94d3000 DEOPT PACKING pc=0x000001f3d0a746d6 sp=0x0000003315efdef0
Event: 1.956 Thread 0x000001f3f94d3000 DEOPT UNPACKING pc=0x000001f3d002964e sp=0x0000003315efd3f8 mode 0
Event: 1.956 Thread 0x000001f3f94d3000 DEOPT PACKING pc=0x000001f3d0a746d6 sp=0x0000003315efdef0
Event: 1.956 Thread 0x000001f3f94d3000 DEOPT UNPACKING pc=0x000001f3d002964e sp=0x0000003315efd3f8 mode 0
Event: 1.956 Thread 0x000001f3f94d3000 DEOPT PACKING pc=0x000001f3d0a746d6 sp=0x0000003315efdef0
Event: 1.956 Thread 0x000001f3f94d3000 DEOPT UNPACKING pc=0x000001f3d002964e sp=0x0000003315efd3f8 mode 0
Event: 1.957 Thread 0x000001f3f94d3000 DEOPT PACKING pc=0x000001f3d0a746d6 sp=0x0000003315efdef0
Event: 1.957 Thread 0x000001f3f94d3000 DEOPT UNPACKING pc=0x000001f3d002964e sp=0x0000003315efd3f8 mode 0
Event: 1.957 Thread 0x000001f3f94d3000 DEOPT PACKING pc=0x000001f3d0a746d6 sp=0x0000003315efdef0
Event: 1.957 Thread 0x000001f3f94d3000 DEOPT UNPACKING pc=0x000001f3d002964e sp=0x0000003315efd3f8 mode 0
Event: 1.966 Thread 0x000001f3f94d3000 Uncommon trap: trap_request=0xffffff45 fr.pc=0x000001f3d7c38560 relative=0x00000000000007c0
Event: 1.966 Thread 0x000001f3f94d3000 Uncommon trap: reason=unstable_if action=reinterpret pc=0x000001f3d7c38560 method=org.sqlite.SQLiteJDBCLoader.contentsEquals(Ljava/io/InputStream;Ljava/io/InputStream;)Z @ 39 c2
Event: 1.966 Thread 0x000001f3f94d3000 DEOPT PACKING pc=0x000001f3d7c38560 sp=0x0000003315efdf20
Event: 1.966 Thread 0x000001f3f94d3000 DEOPT UNPACKING pc=0x000001f3d002912f sp=0x0000003315efdef8 mode 2

Classes unloaded (0 events):
No events

Classes redefined (0 events):
No events

Internal exceptions (20 events):
Event: 0.273 Thread 0x000001f3c606b000 Exception <a 'java/lang/NoSuchMethodError'{0x00000006233c5af8}: 'void java.lang.invoke.DirectMethodHandle$Holder.invokeSpecial(java.lang.Object, java.lang.Object, int)'> (0x00000006233c5af8) 
thrown [./open/src/hotspot/share/interpreter/linkResolver.cpp, line 766]
Event: 0.280 Thread 0x000001f3c606b000 Exception <a 'java/lang/NoSuchMethodError'{0x00000006230213d8}: 'org.slf4j.impl.StaticMDCBinder org.slf4j.impl.StaticMDCBinder.getSingleton()'> (0x00000006230213d8) 
thrown [./open/src/hotspot/share/interpreter/linkResolver.cpp, line 766]
Event: 0.285 Thread 0x000001f3c606b000 Exception <a 'java/lang/NoSuchMethodError'{0x0000000623060768}: 'void java.lang.invoke.DirectMethodHandle$Holder.invokeSpecial(java.lang.Object, java.lang.Object)'> (0x0000000623060768) 
thrown [./open/src/hotspot/share/interpreter/linkResolver.cpp, line 766]
Event: 0.292 Thread 0x000001f3c606b000 Exception <a 'java/lang/NoSuchMethodError'{0x0000000623077a78}: 'java.lang.Object java.lang.invoke.DirectMethodHandle$Holder.invokeStaticInit(java.lang.Object, java.lang.Object, java.lang.Object)'> (0x0000000623077a78) 
thrown [./open/src/hotspot/share/interpreter/linkResolver.cpp, line 766]
Event: 0.302 Thread 0x000001f3c606b000 Exception <a 'java/lang/NoSuchMethodError'{0x0000000622e2eb50}: 'void java.lang.invoke.DirectMethodHandle$Holder.invokeStatic(java.lang.Object, java.lang.Object, java.lang.Object, java.lang.Object)'> (0x0000000622e2eb50) 
thrown [./open/src/hotspot/share/interpreter/linkResolver.cpp, line 766]
Event: 0.342 Thread 0x000001f3f7588800 Exception <a 'java/lang/NoSuchMethodError'{0x0000000622cc1c58}: 'void java.lang.invoke.DirectMethodHandle$Holder.invokeStaticInit(java.lang.Object)'> (0x0000000622cc1c58) 
thrown [./open/src/hotspot/share/interpreter/linkResolver.cpp, line 766]
Event: 0.352 Thread 0x000001f3f7588800 Implicit null exception at 0x000001f3d7ba8de8 to 0x000001f3d7ba8e7a
Event: 0.352 Thread 0x000001f3f7588800 Implicit null exception at 0x000001f3d7bab52f to 0x000001f3d7bab5ad
Event: 0.403 Thread 0x000001f3f7588800 Exception <a 'java/lang/NoSuchMethodError'{0x00000006228d6a40}: 'int java.lang.invoke.DirectMethodHandle$Holder.invokeInterface(java.lang.Object, java.lang.Object)'> (0x00000006228d6a40) 
thrown [./open/src/hotspot/share/interpreter/linkResolver.cpp, line 766]
Event: 0.417 Thread 0x000001f3f7588800 Exception <a 'java/lang/NoSuchMethodError'{0x00000006224955b8}: 'java.lang.Object java.lang.invoke.DirectMethodHandle$Holder.invokeStaticInit(java.lang.Object, int, int, int, int)'> (0x00000006224955b8) 
thrown [./open/src/hotspot/share/interpreter/linkResolver.cpp, line 766]
Event: 0.434 Thread 0x000001f3f7588800 Exception <a 'java/lang/NoSuchMethodError'{0x00000006225dee00}: 'java.lang.Object java.lang.invoke.DirectMethodHandle$Holder.invokeStatic(java.lang.Object, int, java.lang.Object)'> (0x00000006225dee00) 
thrown [./open/src/hotspot/share/interpreter/linkResolver.cpp, line 766]
Event: 0.494 Thread 0x000001f3f7588800 Exception <a 'java/lang/NoSuchMethodError'{0x0000000623bb6d90}: 'java.lang.Object java.lang.invoke.DirectMethodHandle$Holder.invokeStaticInit(java.lang.Object, java.lang.Object, int, int, int, int)'> (0x0000000623bb6d90) 
thrown [./open/src/hotspot/share/interpreter/linkResolver.cpp, line 766]
Event: 0.498 Thread 0x000001f3f7588800 Exception <a 'java/lang/NoSuchMethodError'{0x0000000623bc23c0}: 'void java.lang.invoke.DirectMethodHandle$Holder.invokeInterface(java.lang.Object, java.lang.Object)'> (0x0000000623bc23c0) 
thrown [./open/src/hotspot/share/interpreter/linkResolver.cpp, line 766]
Event: 1.776 Thread 0x000001f3f94d3000 Exception <a 'java/lang/NoSuchMethodError'{0x00000006231c0d50}: 'void java.lang.invoke.DirectMethodHandle$Holder.invokeSpecial(java.lang.Object, java.lang.Object, java.lang.Object, java.lang.Object)'> (0x00000006231c0d50) 
thrown [./open/src/hotspot/share/interpreter/linkResolver.cpp, line 766]
Event: 1.776 Thread 0x000001f3f94d4000 Exception <a 'java/lang/NoSuchMethodError'{0x00000006231e0970}: 'void java.lang.invoke.DirectMethodHandle$Holder.invokeSpecial(java.lang.Object, java.lang.Object, java.lang.Object, java.lang.Object)'> (0x00000006231e0970) 
thrown [./open/src/hotspot/share/interpreter/linkResolver.cpp, line 766]
Event: 1.776 Thread 0x000001f3f94d3000 Exception <a 'java/lang/NoSuchMethodError'{0x00000006231c36a0}: 'void java.lang.invoke.Invokers$Holder.invoke_MT(java.lang.Object, java.lang.Object, java.lang.Object, java.lang.Object)'> (0x00000006231c36a0) 
thrown [./open/src/hotspot/share/interpreter/linkResolver.cpp, line 766]
Event: 1.776 Thread 0x000001f3f94d4000 Exception <a 'java/lang/NoSuchMethodError'{0x00000006231e3270}: 'void java.lang.invoke.Invokers$Holder.invoke_MT(java.lang.Object, java.lang.Object, java.lang.Object, java.lang.Object)'> (0x00000006231e3270) 
thrown [./open/src/hotspot/share/interpreter/linkResolver.cpp, line 766]
Event: 1.795 Thread 0x000001f3f94d3000 Exception <a 'sun/nio/fs/WindowsException'{0x0000000622efdc20}> (0x0000000622efdc20) 
thrown [./open/src/hotspot/share/prims/jni.cpp, line 599]
Event: 1.795 Thread 0x000001f3f94d4000 Exception <a 'sun/nio/fs/WindowsException'{0x0000000622ef4c38}> (0x0000000622ef4c38) 
thrown [./open/src/hotspot/share/prims/jni.cpp, line 599]
Event: 1.916 Thread 0x000001f3f94d3000 Exception <a 'java/lang/NoSuchMethodError'{0x0000000621d917c8}: 'int java.lang.invoke.DirectMethodHandle$Holder.invokeSpecialIFC(java.lang.Object, java.lang.Object, int)'> (0x0000000621d917c8) 
thrown [./open/src/hotspot/share/interpreter/linkResolver.cpp, line 766]

Events (20 events):
Event: 1.935 Executing VM operation: HandshakeOneThread done
Event: 1.935 Executing VM operation: HandshakeOneThread
Event: 1.935 Executing VM operation: HandshakeOneThread done
Event: 1.937 loading class java/io/FileOutputStream$1
Event: 1.937 loading class java/io/FileOutputStream$1 done
Event: 1.946 loading class java/io/DeleteOnExitHook
Event: 1.946 loading class java/io/DeleteOnExitHook done
Event: 1.946 loading class java/io/DeleteOnExitHook$1
Event: 1.946 loading class java/io/DeleteOnExitHook$1 done
Event: 1.973 Loaded shared library C:\Users\vincent\AppData\Local\Temp\sqlite-3.35.4-3a1cf213-ddbb-42e4-9ab3-3ef4898708b2-sqlitejdbc.dll
Event: 1.980 loading class java/util/regex/Pattern$BnM
Event: 1.981 loading class java/util/regex/Pattern$BnM done
Event: 1.981 loading class java/util/regex/Pattern$SliceS
Event: 1.981 loading class java/util/regex/Pattern$SliceS done
Event: 1.981 Executing VM operation: HandshakeOneThread
Event: 1.981 Executing VM operation: HandshakeOneThread done
Event: 1.982 loading class java/util/regex/Pattern$SliceI
Event: 1.982 loading class java/util/regex/Pattern$SliceI done
Event: 1.982 Executing VM operation: HandshakeOneThread
Event: 1.983 Executing VM operation: HandshakeOneThread done


Dynamic libraries:
0x00007ff6eeb40000 - 0x00007ff6eeb4d000 	C:\Users\vincent\.jdks\openjdk-14.0.1\bin\java.exe
0x00007ffff4310000 - 0x00007ffff4505000 	C:\WINDOWS\SYSTEM32\ntdll.dll
0x00007ffff2380000 - 0x00007ffff243d000 	C:\WINDOWS\System32\KERNEL32.dll
0x00007ffff16e0000 - 0x00007ffff17f9000 	C:\Windows\system32\hmpalert.dll
0x00007ffff1cf0000 - 0x00007ffff1fb8000 	C:\WINDOWS\System32\KERNELBASE.dll
0x00007ffff1a50000 - 0x00007ffff1b50000 	C:\WINDOWS\System32\ucrtbase.dll
0x00007fffec620000 - 0x00007fffec638000 	C:\Users\vincent\.jdks\openjdk-14.0.1\bin\jli.dll
0x00007fffe0010000 - 0x00007fffe0025000 	C:\Users\vincent\.jdks\openjdk-14.0.1\bin\VCRUNTIME140.dll
0x00007ffff25b0000 - 0x00007ffff2750000 	C:\WINDOWS\System32\USER32.dll
0x00007ffff2110000 - 0x00007ffff2132000 	C:\WINDOWS\System32\win32u.dll
0x00007ffff2ca0000 - 0x00007ffff2cca000 	C:\WINDOWS\System32\GDI32.dll
0x00007ffff1b80000 - 0x00007ffff1c8b000 	C:\WINDOWS\System32\gdi32full.dll
0x00007ffff1fc0000 - 0x00007ffff205d000 	C:\WINDOWS\System32\msvcp_win.dll
0x00007fffd5a50000 - 0x00007fffd5cea000 	C:\WINDOWS\WinSxS\amd64_microsoft.windows.common-controls_6595b64144ccf1df_6.0.19041.1052_none_60b8f8fd71f5e8cb\COMCTL32.dll
0x00007ffff4230000 - 0x00007ffff42ce000 	C:\WINDOWS\System32\msvcrt.dll
0x00007ffff2de0000 - 0x00007ffff2e10000 	C:\WINDOWS\System32\IMM32.DLL
0x00007fffdae20000 - 0x00007fffdaebb000 	C:\Users\vincent\.jdks\openjdk-14.0.1\bin\msvcp140.dll
0x00007fff62ea0000 - 0x00007fff639be000 	C:\Users\vincent\.jdks\openjdk-14.0.1\bin\server\jvm.dll
0x00007ffff3e30000 - 0x00007ffff3edc000 	C:\WINDOWS\System32\ADVAPI32.dll
0x00007ffff3890000 - 0x00007ffff392b000 	C:\WINDOWS\System32\sechost.dll
0x00007ffff2f00000 - 0x00007ffff302b000 	C:\WINDOWS\System32\RPCRT4.dll
0x00007ffff2ef0000 - 0x00007ffff2ef8000 	C:\WINDOWS\System32\PSAPI.DLL
0x00007fffdfe90000 - 0x00007fffdfeb7000 	C:\WINDOWS\SYSTEM32\WINMM.dll
0x00007fffd59a0000 - 0x00007fffd59a9000 	C:\WINDOWS\SYSTEM32\WSOCK32.dll
0x00007ffff2820000 - 0x00007ffff288b000 	C:\WINDOWS\System32\WS2_32.dll
0x00007fffeba40000 - 0x00007fffeba4a000 	C:\WINDOWS\SYSTEM32\VERSION.dll
0x00007ffff0210000 - 0x00007ffff0222000 	C:\WINDOWS\SYSTEM32\kernel.appcore.dll
0x00007fffe0000000 - 0x00007fffe000a000 	C:\Users\vincent\.jdks\openjdk-14.0.1\bin\jimage.dll
0x00007fffefee0000 - 0x00007ffff00c4000 	C:\WINDOWS\SYSTEM32\DBGHELP.DLL
0x00007fffd2690000 - 0x00007fffd26bc000 	C:\WINDOWS\SYSTEM32\dbgcore.DLL
0x00007ffff2140000 - 0x00007ffff21c3000 	C:\WINDOWS\System32\bcryptPrimitives.dll
0x00007fffda610000 - 0x00007fffda61e000 	C:\Users\vincent\.jdks\openjdk-14.0.1\bin\instrument.dll
0x00007fffda620000 - 0x00007fffda645000 	C:\Users\vincent\.jdks\openjdk-14.0.1\bin\java.dll
0x00007fffdabb0000 - 0x00007fffdabc6000 	C:\Users\vincent\.jdks\openjdk-14.0.1\bin\zip.dll
0x00007ffff3030000 - 0x00007ffff376f000 	C:\WINDOWS\System32\SHELL32.dll
0x00007fffef310000 - 0x00007fffefaa0000 	C:\WINDOWS\SYSTEM32\windows.storage.dll
0x00007ffff2890000 - 0x00007ffff2be5000 	C:\WINDOWS\System32\combase.dll
0x00007ffff12d0000 - 0x00007ffff12fc000 	C:\WINDOWS\SYSTEM32\Wldp.dll
0x00007ffff2bf0000 - 0x00007ffff2c9e000 	C:\WINDOWS\System32\SHCORE.dll
0x00007ffff3db0000 - 0x00007ffff3e05000 	C:\WINDOWS\System32\shlwapi.dll
0x00007ffff1990000 - 0x00007ffff19af000 	C:\WINDOWS\SYSTEM32\profapi.dll
0x00007fffda5f0000 - 0x00007fffda609000 	C:\Users\vincent\.jdks\openjdk-14.0.1\bin\net.dll
0x00007fffea000000 - 0x00007fffea10b000 	C:\WINDOWS\SYSTEM32\WINHTTP.dll
0x00007ffff10b0000 - 0x00007ffff111a000 	C:\WINDOWS\system32\mswsock.dll
0x00007fffda5d0000 - 0x00007fffda5e2000 	C:\Users\vincent\.jdks\openjdk-14.0.1\bin\nio.dll
0x00007fffda5c0000 - 0x00007fffda5d0000 	C:\Users\vincent\.jdks\openjdk-14.0.1\bin\verify.dll
0x00007fffda5a0000 - 0x00007fffda5ba000 	C:\Users\vincent\AppData\Local\JetBrains\IntelliJ IDEA Community Edition 2020.1.2\bin\breakgen64.dll
0x00007fffda050000 - 0x00007fffda059000 	C:\Users\vincent\.jdks\openjdk-14.0.1\bin\management.dll
0x00007fffd9ca0000 - 0x00007fffd9cab000 	C:\Users\vincent\.jdks\openjdk-14.0.1\bin\management_ext.dll
0x00007ffff0d70000 - 0x00007ffff0dab000 	C:\WINDOWS\SYSTEM32\IPHLPAPI.DLL
0x00007ffff4220000 - 0x00007ffff4228000 	C:\WINDOWS\System32\NSI.dll
0x00007fffed6c0000 - 0x00007fffed6d7000 	C:\WINDOWS\SYSTEM32\dhcpcsvc6.DLL
0x00007fffed600000 - 0x00007fffed61d000 	C:\WINDOWS\SYSTEM32\dhcpcsvc.DLL
0x00007ffff0dc0000 - 0x00007ffff0e8c000 	C:\WINDOWS\SYSTEM32\DNSAPI.dll
0x00007ffff1310000 - 0x00007ffff1328000 	C:\WINDOWS\SYSTEM32\CRYPTSP.dll
0x00007ffff0a00000 - 0x00007ffff0a34000 	C:\WINDOWS\system32\rsaenh.dll
0x00007ffff1b50000 - 0x00007ffff1b77000 	C:\WINDOWS\System32\bcrypt.dll
0x00007ffff1910000 - 0x00007ffff193e000 	C:\WINDOWS\SYSTEM32\USERENV.dll
0x00007ffff1230000 - 0x00007ffff123c000 	C:\WINDOWS\SYSTEM32\CRYPTBASE.dll
0x0000000068400000 - 0x0000000068503000 	C:\Users\vincent\AppData\Local\Temp\sqlite-3.35.4-3a1cf213-ddbb-42e4-9ab3-3ef4898708b2-sqlitejdbc.dll

dbghelp: loaded successfully - version: 4.0.5 - missing functions: none
symbol engine: initialized successfully - sym options: 0x614 - pdb path: .;C:\Users\vincent\.jdks\openjdk-14.0.1\bin;C:\WINDOWS\SYSTEM32;C:\WINDOWS\WinSxS\amd64_microsoft.windows.common-controls_6595b64144ccf1df_6.0.19041.1052_none_60b8f8fd71f5e8cb;C:\Users\vincent\.jdks\openjdk-14.0.1\bin\server;C:\Users\vincent\AppData\Local\JetBrains\IntelliJ IDEA Community Edition 2020.1.2\bin;C:\Users\vincent\AppData\Local\Temp

VM Arguments:
jvm_args: -javaagent:C:\Users\vincent\AppData\Local\JetBrains\IntelliJ IDEA Community Edition 2020.1.2\lib\idea_rt.jar=60960:C:\Users\vincent\AppData\Local\JetBrains\IntelliJ IDEA Community Edition 2020.1.2\bin -Dfile.encoding=UTF-8 
java_command: nl.ssischaefer.savaragerow.v2.SavageRow
java_class_path (initial): C:\Users\vincent\git\savagerow\target\classes;C:\Users\vincent\.m2\repository\org\springframework\boot\spring-boot-starter-web\2.3.2.RELEASE\spring-boot-starter-web-2.3.2.RELEASE.jar;C:\Users\vincent\.m2\repository\org\springframework\boot\spring-boot-starter\2.3.2.RELEASE\spring-boot-starter-2.3.2.RELEASE.jar;C:\Users\vincent\.m2\repository\org\springframework\boot\spring-boot\2.3.2.RELEASE\spring-boot-2.3.2.RELEASE.jar;C:\Users\vincent\.m2\repository\org\springframework\boot\spring-boot-autoconfigure\2.3.2.RELEASE\spring-boot-autoconfigure-2.3.2.RELEASE.jar;C:\Users\vincent\.m2\repository\org\springframework\boot\spring-boot-starter-logging\2.3.2.RELEASE\spring-boot-starter-logging-2.3.2.RELEASE.jar;C:\Users\vincent\.m2\repository\ch\qos\logback\logback-classic\1.2.3\logback-classic-1.2.3.jar;C:\Users\vincent\.m2\repository\ch\qos\logback\logback-core\1.2.3\logback-core-1.2.3.jar;C:\Users\vincent\.m2\repository\org\apache\logging\log4j\log4j-to-slf4j\2.13.3\log4j-to-slf4j-2.13.3.jar;C:\Users\vincent\.m2\repository\org\apache\logging\log4j\log4j-api\2.13.3\log4j-api-2.13.3.jar;C:\Users\vincent\.m2\repository\org\slf4j\jul-to-slf4j\1.7.30\jul-to-slf4j-1.7.30.jar;C:\Users\vincent\.m2\repository\jakarta\annotation\jakarta.annotation-api\1.3.5\jakarta.annotation-api-1.3.5.jar;C:\Users\vincent\.m2\repository\org\yaml\snakeyaml\1.26\snakeyaml-1.26.jar;C:\Users\vincent\.m2\repository\org\springframework\boot\spring-boot-starter-json\2.3.2.RELEASE\spring-boot-starter-json-2.3.2.RELEASE.jar;C:\Users\vincent\.m2\repository\com\fasterxml\jackson\core\jackson-databind\2.11.1\jackson-databind-2.11.1.jar;C:\Users\vincent\.m2\repository\com\fasterxml\jackson\core\jackson-annotations\2.11.1\jackson-annotations-2.11.1.jar;C:\Users\vincent\.m2\repository\com\fasterxml\jackson\datatype\jackson-datatype-jdk8\2.11.1\jackson-datatype-jdk8-2.11.1.jar;C:\Users\vincent\.m2\repository\com\fasterxml\jackson\datatype\jackson-datatype-jsr310\2.11.1\jackson-datatype
Launcher Type: SUN_STANDARD

[Global flags]
     intx CICompilerCount                          = 12                                        {product} {ergonomic}
     uint ConcGCThreads                            = 3                                         {product} {ergonomic}
     uint G1ConcRefinementThreads                  = 13                                        {product} {ergonomic}
   size_t G1HeapRegionSize                         = 2097152                                   {product} {ergonomic}
    uintx GCDrainStackTargetSize                   = 64                                        {product} {ergonomic}
   size_t InitialHeapSize                          = 534773760                                 {product} {ergonomic}
   size_t MarkStackSize                            = 4194304                                   {product} {ergonomic}
   size_t MaxHeapSize                              = 8524922880                                {product} {ergonomic}
   size_t MaxNewSize                               = 5114953728                                {product} {ergonomic}
   size_t MinHeapDeltaBytes                        = 2097152                                   {product} {ergonomic}
   size_t MinHeapSize                              = 8388608                                   {product} {ergonomic}
    uintx NonNMethodCodeHeapSize                   = 7602480                                {pd product} {ergonomic}
    uintx NonProfiledCodeHeapSize                  = 122027880                              {pd product} {ergonomic}
    uintx ProfiledCodeHeapSize                     = 122027880                              {pd product} {ergonomic}
    uintx ReservedCodeCacheSize                    = 251658240                              {pd product} {ergonomic}
     bool SegmentedCodeCache                       = true                                      {product} {ergonomic}
   size_t SoftMaxHeapSize                          = 8524922880                             {manageable} {ergonomic}
     bool UseCompressedClassPointers               = true                                 {lp64_product} {ergonomic}
     bool UseCompressedOops                        = true                                 {lp64_product} {ergonomic}
     bool UseG1GC                                  = true                                      {product} {ergonomic}
     bool UseLargePagesIndividualAllocation        = false                                  {pd product} {ergonomic}

Logging:
Log output configuration:
 #0: stdout all=warning uptime,level,tags
 #1: stderr all=off uptime,level,tags

Environment Variables:
JAVA_HOME=C:\Program Files\Java\jdk-11.0.8
PATH=C:\Users\vincent\Documents\bdeploy-win64-2.5.2\bin;C:\Windows\system32;C:\Windows;C:\Windows\System32\Wbem;C:\Windows\System32\WindowsPowerShell\v1.0\;C:\Windows\System32\OpenSSH\;C:\Program Files (x86)\NVIDIA Corporation\PhysX\Common;C:\Program Files (x86)\Enterprise Vault\EVClient\x64\;C:\WINDOWS\system32;C:\WINDOWS;C:\WINDOWS\System32\Wbem;C:\WINDOWS\System32\WindowsPowerShell\v1.0\;C:\WINDOWS\System32\OpenSSH\;C:\Go\bin;C:\Program Files\Java\jdk-11.0.8\bin;C:\apache-maven-3.6.3\bin;C:\protobuf-3.13.0\bin;C:\Program Files\Microsoft SQL Server\Client SDK\ODBC\170\Tools\Binn\;C:\Program Files (x86)\Microsoft SQL Server\150\Tools\Binn\;C:\Program Files\Microsoft SQL Server\150\Tools\Binn\;C:\Program Files\Microsoft SQL Server\150\DTS\Binn\;C:\Program Files (x86)\Microsoft SQL Server\150\DTS\Binn\;C:\Program Files\Azure Data Studio\bin;C:\Program Files\Docker\Docker\resources\bin;C:\ProgramData\DockerDesktop\version-bin;C:\Program Files\PuTTY\;C:\Program Files\nodejs\;C:\Program Files\Git\cmd;C:\Users\vincent\AppData\Local\Programs\Python\Python36\Scripts\;C:\Users\vincent\AppData\Local\Programs\Python\Python36\;C:\Users\vincent\AppData\Local\Programs\Python\Python39\Scripts\;C:\Users\vincent\AppData\Local\Programs\Python\Python39\;C:\Users\vincent\scoop\apps\nodejs\current\bin;C:\Users\vincent\scoop\apps\nodejs\current;C:\Users\vincent\scoop\apps\yarn\current\Yarn\bin;C:\Users\vincent\scoop\apps\yarn\current\global\node_modules\.bin;C:\Users\vincent\scoop\shims;C:\Users\vincent\AppData\Local\Microsoft\WindowsApps;C:\Program Files (x86)\Sophos\Sophos SSL VPN Client\bin;C:\Users\vincent\AppData\Local\Programs\Microsoft VS Code\bin;C:\Users\vincent\go\bin;C:\Users\vincent\AppData\Local\atom\bin;C:\Users\vincent\AppData\Roaming\npm;C:\Program Files\Azure Data Studio\bin
USERNAME=vincent
OS=Windows_NT
PROCESSOR_IDENTIFIER=Intel64 Family 6 Model 158 Stepping 13, GenuineIntel



---------------  S Y S T E M  ---------------

OS: Windows 10 , 64 bit Build 19041 (10.0.19041.1023)
OS uptime: 2 days 0:05 hours
HyperV virtualization detected

CPU:total 16 (initial active 16) (8 cores per cpu, 2 threads per core) family 6 model 158 stepping 13, cmov, cx8, fxsr, mmx, sse, sse2, sse3, ssse3, sse4.1, sse4.2, popcnt, avx, avx2, aes, clmul, erms, 3dnowpref, lzcnt, ht, tsc, tscinvbit, bmi1, bmi2, adx, fma

Memory: 4k page, system-wide physical 32517M (14614M free)
TotalPageFile size 40453M (AvailPageFile size 10809M)
current process WorkingSet (physical memory assigned to process): 142M, peak: 142M
current process commit charge ("private bytes"): 684M, peak: 685M

vm_info: OpenJDK 64-Bit Server VM (14.0.1+7) for windows-amd64 JRE (14.0.1+7), built on Mar  5 2020 10:30:04 by "mach5one" with MS VC++ 15.9 (VS2017)

END.
