#
# A fatal error has been detected by the Java Runtime Environment:
#
#  EXCEPTION_ACCESS_VIOLATION (0xc0000005) at pc=0x000000006842d0f2, pid=30500, tid=20900
#
# JRE version: OpenJDK Runtime Environment (14.0.1+7) (build 14.0.1+7)
# Java VM: OpenJDK 64-Bit Server VM (14.0.1+7, mixed mode, sharing, tiered, compressed oops, g1 gc, windows-amd64)
# Problematic frame:
# C  [sqlite-3.35.4-049babaf-60ca-4547-8557-da1be0e06c4b-sqlitejdbc.dll+0x2d0f2]
#
# No core dump will be written. Minidumps are not enabled by default on client versions of Windows
#
# If you would like to submit a bug report, please visit:
#   https://bugreport.java.com/bugreport/crash.jsp
# The crash happened outside the Java Virtual Machine in native code.
# See problematic frame for where to report the bug.
#

---------------  S U M M A R Y ------------

Command Line: -javaagent:C:\Users\vincent\AppData\Local\JetBrains\IdeaIC2020.1\testAgent\intellij-coverage-agent-1.0.508.jar=C:\Users\vincent\AppData\Local\Temp\coverageargs -javaagent:C:\Users\vincent\AppData\Local\JetBrains\IntelliJ IDEA Community Edition 2020.1.2\lib\idea_rt.jar=51681:C:\Users\vincent\AppData\Local\JetBrains\IntelliJ IDEA Community Edition 2020.1.2\bin -Dfile.encoding=UTF-8 nl.ssischaefer.savaragerow.v2.SavageRow

Host: Intel(R) Core(TM) i9-9880H CPU @ 2.30GHz, 16 cores, 31G,  Windows 10 , 64 bit Build 19041 (10.0.19041.1023)
Time: Tue Jun 22 11:57:08 2021 W. Europe Daylight Time elapsed time: 2 seconds (0d 0h 0m 2s)

---------------  T H R E A D  ---------------

Current thread (0x000002047dc21000):  JavaThread "qtp1549115573-42" [_thread_in_native, id=20900, stack(0x0000008172100000,0x0000008172200000)]

Stack: [0x0000008172100000,0x0000008172200000],  sp=0x00000081721fe420,  free space=1017k
Native frames: (J=compiled Java code, j=interpreted, Vv=VM code, C=native code)
C  [sqlite-3.35.4-049babaf-60ca-4547-8557-da1be0e06c4b-sqlitejdbc.dll+0x2d0f2]

Java frames: (J=compiled Java code, j=interpreted, Vv=VM code)
j  org.sqlite.core.NativeDB.column_name_utf8(JI)Ljava/nio/ByteBuffer;+0
j  org.sqlite.core.NativeDB.column_name(JI)Ljava/lang/String;+3
j  org.sqlite.jdbc3.JDBC3ResultSet.getColumnName(I)Ljava/lang/String;+16
j  nl.ssischaefer.savaragerow.v2.query.GetRowQuery.execute()Lnl/ssischaefer/savaragerow/v2/query/GetRowQuery;+113
j  nl.ssischaefer.savaragerow.v2.controller.TableRowController.lambda$static$0(Lspark/Request;Lspark/Response;)Ljava/lang/Object;+113
j  nl.ssischaefer.savaragerow.v2.controller.TableRowController$$Lambda$46.handle(Lspark/Request;Lspark/Response;)Ljava/lang/Object;+2
j  spark.RouteImpl$1.handle(Lspark/Request;Lspark/Response;)Ljava/lang/Object;+6
j  spark.http.matching.Routes.execute(Lspark/http/matching/RouteContext;)V+171
j  spark.http.matching.MatcherFilter.doFilter(Ljavax/servlet/ServletRequest;Ljavax/servlet/ServletResponse;Ljavax/servlet/FilterChain;)V+154
j  spark.embeddedserver.jetty.JettyHandler.doHandle(Ljava/lang/String;Lorg/eclipse/jetty/server/Request;Ljavax/servlet/http/HttpServletRequest;Ljavax/servlet/http/HttpServletResponse;)V+19
j  org.eclipse.jetty.server.session.SessionHandler.doScope(Ljava/lang/String;Lorg/eclipse/jetty/server/Request;Ljavax/servlet/http/HttpServletRequest;Ljavax/servlet/http/HttpServletResponse;)V+343
j  org.eclipse.jetty.server.handler.ScopedHandler.handle(Ljava/lang/String;Lorg/eclipse/jetty/server/Request;Ljavax/servlet/http/HttpServletRequest;Ljavax/servlet/http/HttpServletResponse;)V+20
j  org.eclipse.jetty.server.handler.HandlerWrapper.handle(Ljava/lang/String;Lorg/eclipse/jetty/server/Request;Ljavax/servlet/http/HttpServletRequest;Ljavax/servlet/http/HttpServletResponse;)V+18
j  org.eclipse.jetty.server.Server.handle(Lorg/eclipse/jetty/server/HttpChannel;)V+149
j  org.eclipse.jetty.server.HttpChannel.lambda$handle$1()V+69
j  org.eclipse.jetty.server.HttpChannel$$Lambda$125.dispatch()V+4
j  org.eclipse.jetty.server.HttpChannel.dispatch(Ljavax/servlet/DispatcherType;Lorg/eclipse/jetty/server/HttpChannel$Dispatchable;)V+37
j  org.eclipse.jetty.server.HttpChannel.handle()Z+220
j  org.eclipse.jetty.server.HttpConnection.onFillable()V+137
j  org.eclipse.jetty.io.AbstractConnection$ReadCallback.succeeded()V+4
j  org.eclipse.jetty.io.FillInterest.fillable()Z+57
j  org.eclipse.jetty.io.ChannelEndPoint$1.run()V+7
j  org.eclipse.jetty.util.thread.QueuedThreadPool.runJob(Ljava/lang/Runnable;)V+1
j  org.eclipse.jetty.util.thread.QueuedThreadPool$Runner.run()V+279
j  java.lang.Thread.run()V+11 java.base@14.0.1
v  ~StubRoutines::call_stub

siginfo: EXCEPTION_ACCESS_VIOLATION (0xc0000005), reading address 0x000002047e319398


Register to memory mapping:

RIP=0x000000006842d0f2 sqlite-3.35.4-049babaf-60ca-4547-8557-da1be0e06c4b-sqlitejdbc.dll
RAX=0x0000000068402a29 sqlite-3.35.4-049babaf-60ca-4547-8557-da1be0e06c4b-sqlitejdbc.dll
RBX=0x000002047dc21310 points into unknown readable memory: a0 1a 86 63 ff 7f 00 00
RCX=0x000002047e3192d8 points into unknown readable memory: 48 e4 31 7e 04 02 00 00
RDX=0x0000000000000007 is an unknown value
RSP=0x00000081721fe420 is pointing into the stack for thread: 0x000002047dc21000
RBP=0x00000081721fe550 is pointing into the stack for thread: 0x000002047dc21000
RSI=0x0000000621a0eda0 is an oop: [I 
{0x0000000621a0eda0} - klass: {type array int}
 - length: 92
RDI=0x000000000000003e is an unknown value
R8 =0x0 is NULL
R9 =0x0 is NULL
R10=0x0000020466340085 is at code_begin+1477 in an Interpreter codelet
method entry point (kind = native_synchronized)  [0x000002046633fac0, 0x0000020466340740]  3200 bytes
R11=0x0000000000000120 is an unknown value
R12=0x0 is NULL
R13={method} {0x000002041101dc98} 'column_name_utf8' '(JI)Ljava/nio/ByteBuffer;' in 'org/sqlite/core/NativeDB'
R14=0x00000081721fe588 is pointing into the stack for thread: 0x000002047dc21000
R15=0x000002047dc21000 is a thread


Registers:
RAX=0x0000000068402a29, RBX=0x000002047dc21310, RCX=0x000002047e3192d8, RDX=0x0000000000000007
RSP=0x00000081721fe420, RBP=0x00000081721fe550, RSI=0x0000000621a0eda0, RDI=0x000000000000003e
R8 =0x0000000000000000, R9 =0x0000000000000000, R10=0x0000020466340085, R11=0x0000000000000120
R12=0x0000000000000000, R13=0x000002041101dc90, R14=0x00000081721fe588, R15=0x000002047dc21000
RIP=0x000000006842d0f2, EFLAGS=0x0000000000010202

Top of Stack: (sp=0x00000081721fe420)
0x00000081721fe420:   00007b08e7448ce6 000000062357a110
0x00000081721fe430:   000002047dc21000 00000081721fe4f8
0x00000081721fe440:   000002041101dc90 0000000000000000
0x00000081721fe450:   000002047dc21310 0000000621a0eda0
0x00000081721fe460:   000000000000003e 0000000068402a49
0x00000081721fe470:   0000020478f0a5f8 000002047d418320
0x00000081721fe480:   0000020478f0a5f8 0000000000000000
0x00000081721fe490:   00000081721fe588 000002041101dc90
0x00000081721fe4a0:   000000000000003e 00000204663400b4
0x00000081721fe4b0:   000002047d418320 000002047dc21000
0x00000081721fe4c0:   000000000000003e 000002046633fddd
0x00000081721fe4d0:   0000000000000002 00000081721fe550
0x00000081721fe4e0:   0000000621a0eda0 000002047dc21000
0x00000081721fe4f0:   000002046633fd84 0000000000000003
0x00000081721fe500:   00000006237e90a8 00000081721fe4f8
0x00000081721fe510:   000002041101dc90 00000081721fe588 

Instructions: (pc=0x000000006842d0f2)
0x000000006842cff2:   44 89 e1 88 c2 e8 d9 3e fe ff c1 e2 04 01 d0 88
0x000000006842d002:   04 3e 48 ff c7 48 8d 43 02 48 83 ff 10 74 05 48
0x000000006842d012:   89 c3 eb ae 80 7b 02 7d 48 8d 53 03 48 0f 44 c2
0x000000006842d022:   80 38 00 75 23 48 89 f0 eb 20 e8 dd eb ff ff 83
0x000000006842d032:   f8 10 75 14 48 89 d9 48 83 c4 28 5b 5e 5f 5d 41
0x000000006842d042:   5c 41 5d e9 11 ed ff ff 31 c0 48 83 c4 28 5b 5e
0x000000006842d052:   5f 5d 41 5c 41 5d c3 53 48 83 ec 30 48 89 cb 49
0x000000006842d062:   8b 08 48 8d 54 24 20 e8 07 ff ff ff 48 85 c0 74
0x000000006842d072:   16 49 83 c9 ff 41 b8 10 00 00 00 48 89 c2 48 89
0x000000006842d082:   d9 e8 79 45 ff ff 90 48 83 c4 30 5b c3 56 53 48
0x000000006842d092:   83 ec 68 48 89 ce 49 8b 08 48 8d 54 24 2b e8 d0
0x000000006842d0a2:   fe ff ff 48 85 c0 74 26 48 8d 5c 24 3b 48 89 c1
0x000000006842d0b2:   48 89 da e8 0a 41 fe ff 49 83 c9 ff 41 b8 24 00
0x000000006842d0c2:   00 00 48 89 da 48 89 f1 e8 1b 46 ff ff 90 48 83
0x000000006842d0d2:   c4 68 5b 5e c3 ba 03 00 00 00 e9 24 ec ff ff ba
0x000000006842d0e2:   02 00 00 00 e9 1a ec ff ff 57 56 53 48 83 ec 30
0x000000006842d0f2:   0f b7 99 c0 00 00 00 48 89 cf 44 89 44 24 28 39
0x000000006842d102:   da 7d 6c 89 d0 83 e8 00 78 65 48 8b 31 41 0f af
0x000000006842d112:   d9 48 8b 4e 18 01 d3 e8 d3 6b fd ff 44 8b 44 24
0x000000006842d122:   28 48 63 d3 48 8b 8f 98 00 00 00 45 85 c0 74 0e
0x000000006842d132:   48 6b d2 38 48 01 d1 e8 a3 ff ff ff eb 0c 48 6b
0x000000006842d142:   d2 38 48 01 d1 e8 eb eb ff ff 80 7e 63 00 74 0a
0x000000006842d152:   48 89 f1 e8 02 d4 fe ff 31 c0 48 8b 4e 18 48 89
0x000000006842d162:   44 24 28 e8 a3 6b fd ff 48 8b 44 24 28 eb 02 31
0x000000006842d172:   c0 48 83 c4 30 5b 5e 5f c3 45 31 c9 45 31 c0 e9
0x000000006842d182:   65 ff ff ff 45 31 c9 41 b8 01 00 00 00 e9 57 ff
0x000000006842d192:   ff ff 41 b9 01 00 00 00 45 31 c0 e9 49 ff ff ff
0x000000006842d1a2:   41 b9 01 00 00 00 41 b8 01 00 00 00 e9 38 ff ff
0x000000006842d1b2:   ff 41 b9 02 00 00 00 45 31 c0 e9 2a ff ff ff 41
0x000000006842d1c2:   b9 02 00 00 00 41 b8 01 00 00 00 e9 19 ff ff ff
0x000000006842d1d2:   41 b9 03 00 00 00 45 31 c0 e9 0b ff ff ff 41 b9
0x000000006842d1e2:   03 00 00 00 41 b8 01 00 00 00 e9 fa fe ff ff 41 


Stack slot to memory mapping:
stack at sp + 0 slots: 0x00007b08e7448ce6 is an unknown value
stack at sp + 1 slots: 0x000000062357a110 is an oop: [C 
{0x000000062357a110} - klass: {type array char}
 - length: 10
stack at sp + 2 slots: 0x000002047dc21000 is a thread
stack at sp + 3 slots: 0x00000081721fe4f8 is pointing into the stack for thread: 0x000002047dc21000
stack at sp + 4 slots: {method} {0x000002041101dc98} 'column_name_utf8' '(JI)Ljava/nio/ByteBuffer;' in 'org/sqlite/core/NativeDB'
stack at sp + 5 slots: 0x0 is NULL
stack at sp + 6 slots: 0x000002047dc21310 points into unknown readable memory: a0 1a 86 63 ff 7f 00 00
stack at sp + 7 slots: 0x0000000621a0eda0 is an oop: [I 
{0x0000000621a0eda0} - klass: {type array int}
 - length: 92


---------------  P R O C E S S  ---------------

Threads class SMR info:
_java_thread_list=0x000002047ec15080, length=35, elements={
0x0000020478f0c800, 0x0000020478f0d800, 0x000002047be59000, 0x000002047be5c000,
0x000002047be5e000, 0x000002047be5f000, 0x000002047be61800, 0x000002047be66000,
0x000002047bf87000, 0x000002047cbec000, 0x000002047cbed000, 0x000002047ce35000,
0x000002047d0fd800, 0x000002045dbca800, 0x000002047d371000, 0x000002047d3e6800,
0x000002047d41c800, 0x000002047d3b7800, 0x000002047d426800, 0x000002047d410800,
0x000002047d40e000, 0x000002047d413000, 0x000002047d40f000, 0x000002047d411800,
0x000002047d40f800, 0x000002047d40d800, 0x000002047d414000, 0x000002047d412000,
0x000002047dc21000, 0x000002047dc25000, 0x000002047dc5e800, 0x000002047d856000,
0x000002047d857000, 0x000002047d858000, 0x000002047d859000
}

Java Threads: ( => current thread )
  0x0000020478f0c800 JavaThread "Reference Handler" daemon [_thread_blocked, id=29488, stack(0x0000008171500000,0x0000008171600000)]
  0x0000020478f0d800 JavaThread "Finalizer" daemon [_thread_blocked, id=17768, stack(0x0000008171600000,0x0000008171700000)]
  0x000002047be59000 JavaThread "Signal Dispatcher" daemon [_thread_blocked, id=30512, stack(0x0000008171700000,0x0000008171800000)]
  0x000002047be5c000 JavaThread "Attach Listener" daemon [_thread_blocked, id=18548, stack(0x0000008171800000,0x0000008171900000)]
  0x000002047be5e000 JavaThread "Service Thread" daemon [_thread_blocked, id=24016, stack(0x0000008171900000,0x0000008171a00000)]
  0x000002047be5f000 JavaThread "C2 CompilerThread0" daemon [_thread_blocked, id=16016, stack(0x0000008171a00000,0x0000008171b00000)]
  0x000002047be61800 JavaThread "C1 CompilerThread0" daemon [_thread_blocked, id=2464, stack(0x0000008171b00000,0x0000008171c00000)]
  0x000002047be66000 JavaThread "Sweeper thread" daemon [_thread_blocked, id=26100, stack(0x0000008171c00000,0x0000008171d00000)]
  0x000002047bf87000 JavaThread "Common-Cleaner" daemon [_thread_blocked, id=24084, stack(0x0000008171d00000,0x0000008171e00000)]
  0x000002047cbec000 JavaThread "Monitor Ctrl-Break" daemon [_thread_in_native, id=24536, stack(0x0000008172200000,0x0000008172300000)]
  0x000002047cbed000 JavaThread "Notification Thread" daemon [_thread_blocked, id=13948, stack(0x0000008172300000,0x0000008172400000)]
  0x000002047ce35000 JavaThread "pool-1-thread-1" [_thread_blocked, id=11524, stack(0x0000008172500000,0x0000008172600000)]
  0x000002047d0fd800 JavaThread "Thread-2" [_thread_blocked, id=26464, stack(0x0000008172600000,0x0000008172700000)]
  0x000002045dbca800 JavaThread "DestroyJavaVM" [_thread_blocked, id=19700, stack(0x0000008170e00000,0x0000008170f00000)]
  0x000002047d371000 JavaThread "qtp1549115573-28" [_thread_in_native, id=28432, stack(0x0000008172700000,0x0000008172800000)]
  0x000002047d3e6800 JavaThread "qtp1549115573-29" [_thread_in_native, id=9056, stack(0x0000008172800000,0x0000008172900000)]
  0x000002047d41c800 JavaThread "qtp1549115573-30" [_thread_in_native, id=15476, stack(0x0000008173400000,0x0000008173500000)]
  0x000002047d3b7800 JavaThread "qtp1549115573-31" [_thread_in_native, id=19680, stack(0x0000008173500000,0x0000008173600000)]
  0x000002047d426800 JavaThread "qtp1549115573-32" [_thread_in_native, id=31132, stack(0x0000008173600000,0x0000008173700000)]
  0x000002047d410800 JavaThread "qtp1549115573-33" [_thread_in_native, id=31488, stack(0x0000008173700000,0x0000008173800000)]
  0x000002047d40e000 JavaThread "qtp1549115573-34" [_thread_in_native, id=10152, stack(0x0000008173800000,0x0000008173900000)]
  0x000002047d413000 JavaThread "qtp1549115573-35" [_thread_in_native, id=16976, stack(0x0000008173900000,0x0000008173a00000)]
  0x000002047d40f000 JavaThread "Session-HouseKeeper-8c79120-1" [_thread_blocked, id=25496, stack(0x0000008173a00000,0x0000008173b00000)]
  0x000002047d411800 JavaThread "qtp1549115573-37-acceptor-1@58752ab5-ServerConnector@85b7a3{HTTP/1.1, (http/1.1)}{0.0.0.0:9010}" [_thread_blocked, id=4576, stack(0x0000008173d00000,0x0000008173e00000)]
  0x000002047d40f800 JavaThread "qtp1549115573-38-acceptor-0@4bc886a2-ServerConnector@85b7a3{HTTP/1.1, (http/1.1)}{0.0.0.0:9010}" [_thread_in_native, id=27468, stack(0x0000008173e00000,0x0000008173f00000)]
  0x000002047d40d800 JavaThread "qtp1549115573-39" [_thread_blocked, id=19928, stack(0x0000008171e00000,0x0000008171f00000)]
  0x000002047d414000 JavaThread "qtp1549115573-40" [_thread_blocked, id=30492, stack(0x0000008171f00000,0x0000008172000000)]
  0x000002047d412000 JavaThread "Connector-Scheduler-85b7a3-1" [_thread_blocked, id=26528, stack(0x0000008172000000,0x0000008172100000)]
=>0x000002047dc21000 JavaThread "qtp1549115573-42" [_thread_in_native, id=20900, stack(0x0000008172100000,0x0000008172200000)]
  0x000002047dc25000 JavaThread "qtp1549115573-43" [_thread_in_vm, id=3416, stack(0x0000008173b00000,0x0000008173c00000)]
  0x000002047dc5e800 JavaThread "C1 CompilerThread1" daemon [_thread_blocked, id=29052, stack(0x0000008173c00000,0x0000008173d00000)]
  0x000002047d856000 JavaThread "C1 CompilerThread2" daemon [_thread_blocked, id=9980, stack(0x0000008173f00000,0x0000008174000000)]
  0x000002047d857000 JavaThread "C1 CompilerThread3" daemon [_thread_blocked, id=28068, stack(0x0000008174000000,0x0000008174100000)]
  0x000002047d858000 JavaThread "C2 CompilerThread1" daemon [_thread_blocked, id=26884, stack(0x0000008174100000,0x0000008174200000)]
  0x000002047d859000 JavaThread "C2 CompilerThread2" daemon [_thread_blocked, id=3452, stack(0x0000008174200000,0x0000008174300000)]

Other Threads:
  0x0000020478f09800 VMThread "VM Thread" [stack: 0x0000008171400000,0x0000008171500000] [id=12620]
  0x000002047cd50800 WatcherThread [stack: 0x0000008172400000,0x0000008172500000] [id=9944]
  0x000002045dc51800 GCTaskThread "GC Thread#0" [stack: 0x0000008170f00000,0x0000008171000000] [id=29216]
  0x000002047d3dc000 GCTaskThread "GC Thread#1" [stack: 0x0000008172900000,0x0000008172a00000] [id=13264]
  0x000002047d3dd800 GCTaskThread "GC Thread#2" [stack: 0x0000008172a00000,0x0000008172b00000] [id=24368]
  0x000002047d3de000 GCTaskThread "GC Thread#3" [stack: 0x0000008172b00000,0x0000008172c00000] [id=18968]
  0x000002047d3df000 GCTaskThread "GC Thread#4" [stack: 0x0000008172c00000,0x0000008172d00000] [id=540]
  0x000002047d3e0800 GCTaskThread "GC Thread#5" [stack: 0x0000008172d00000,0x0000008172e00000] [id=10488]
  0x000002047d398800 GCTaskThread "GC Thread#6" [stack: 0x0000008172e00000,0x0000008172f00000] [id=17828]
  0x000002047d39c000 GCTaskThread "GC Thread#7" [stack: 0x0000008172f00000,0x0000008173000000] [id=21392]
  0x000002047d3ad000 GCTaskThread "GC Thread#8" [stack: 0x0000008173000000,0x0000008173100000] [id=20256]
  0x000002047d3ae000 GCTaskThread "GC Thread#9" [stack: 0x0000008173100000,0x0000008173200000] [id=27312]
  0x000002047d3af800 GCTaskThread "GC Thread#10" [stack: 0x0000008173200000,0x0000008173300000] [id=24060]
  0x000002047d3b0800 GCTaskThread "GC Thread#11" [stack: 0x0000008173300000,0x0000008173400000] [id=4428]
  0x000002047f677000 GCTaskThread "GC Thread#12" [stack: 0x0000008174300000,0x0000008174400000] [id=25064]
  0x0000020478d18000 ConcurrentGCThread "G1 Main Marker" [stack: 0x0000008171000000,0x0000008171100000] [id=18504]
  0x000002045dc6b000 ConcurrentGCThread "G1 Conc#0" [stack: 0x0000008171100000,0x0000008171200000] [id=27828]
  0x0000020478ed3800 ConcurrentGCThread "G1 Refine#0" [stack: 0x0000008171200000,0x0000008171300000] [id=19872]
  0x0000020478ed4800 ConcurrentGCThread "G1 Young RemSet Sampling" [stack: 0x0000008171300000,0x0000008171400000] [id=30836]

Threads with active compile tasks:

VM state:not at safepoint (normal execution)

VM Mutex/Monitor currently owned by a thread: None

Heap address: 0x0000000603e00000, size: 8130 MB, Compressed Oops mode: Zero based, Oop shift amount: 3
Narrow klass base: 0x0000000800000000, Narrow klass shift: 3
Compressed class space size: 1073741824 Address: 0x0000000800b30000

Heap:
 garbage-first heap   total 522240K, used 16800K [0x0000000603e00000, 0x0000000800000000)
  region size 2048K, 7 young (14336K), 1 survivors (2048K)
 Metaspace       used 12638K, capacity 12925K, committed 13056K, reserved 1060864K
  class space    used 1365K, capacity 1514K, committed 1536K, reserved 1048576K
Heap Regions: E=young(eden), S=young(survivor), O=old, HS=humongous(starts), HC=humongous(continues), CS=collection set, F=free, OA=open archive, CA=closed archive, TAMS=top-at-mark-start (previous, next)
|   0|0x0000000603e00000, 0x0000000604000000, 0x0000000604000000|100%| O|  |TAMS 0x0000000603e00000, 0x0000000603e00000| Untracked 
|   1|0x0000000604000000, 0x0000000604200000, 0x0000000604200000|100%| O|  |TAMS 0x0000000604000000, 0x0000000604000000| Untracked 
|   2|0x0000000604200000, 0x00000006042d4a00, 0x0000000604400000| 41%| O|  |TAMS 0x0000000604200000, 0x0000000604200000| Untracked 
|   3|0x0000000604400000, 0x0000000604400000, 0x0000000604600000|  0%| F|  |TAMS 0x0000000604400000, 0x0000000604400000| Untracked 
|   4|0x0000000604600000, 0x0000000604600000, 0x0000000604800000|  0%| F|  |TAMS 0x0000000604600000, 0x0000000604600000| Untracked 
|   5|0x0000000604800000, 0x0000000604800000, 0x0000000604a00000|  0%| F|  |TAMS 0x0000000604800000, 0x0000000604800000| Untracked 
|   6|0x0000000604a00000, 0x0000000604a00000, 0x0000000604c00000|  0%| F|  |TAMS 0x0000000604a00000, 0x0000000604a00000| Untracked 
|   7|0x0000000604c00000, 0x0000000604c00000, 0x0000000604e00000|  0%| F|  |TAMS 0x0000000604c00000, 0x0000000604c00000| Untracked 
|   8|0x0000000604e00000, 0x0000000604e00000, 0x0000000605000000|  0%| F|  |TAMS 0x0000000604e00000, 0x0000000604e00000| Untracked 
|   9|0x0000000605000000, 0x0000000605000000, 0x0000000605200000|  0%| F|  |TAMS 0x0000000605000000, 0x0000000605000000| Untracked 
|  10|0x0000000605200000, 0x0000000605200000, 0x0000000605400000|  0%| F|  |TAMS 0x0000000605200000, 0x0000000605200000| Untracked 
|  11|0x0000000605400000, 0x0000000605400000, 0x0000000605600000|  0%| F|  |TAMS 0x0000000605400000, 0x0000000605400000| Untracked 
|  12|0x0000000605600000, 0x0000000605600000, 0x0000000605800000|  0%| F|  |TAMS 0x0000000605600000, 0x0000000605600000| Untracked 
|  13|0x0000000605800000, 0x0000000605800000, 0x0000000605a00000|  0%| F|  |TAMS 0x0000000605800000, 0x0000000605800000| Untracked 
|  14|0x0000000605a00000, 0x0000000605a00000, 0x0000000605c00000|  0%| F|  |TAMS 0x0000000605a00000, 0x0000000605a00000| Untracked 
|  15|0x0000000605c00000, 0x0000000605c00000, 0x0000000605e00000|  0%| F|  |TAMS 0x0000000605c00000, 0x0000000605c00000| Untracked 
|  16|0x0000000605e00000, 0x0000000605e00000, 0x0000000606000000|  0%| F|  |TAMS 0x0000000605e00000, 0x0000000605e00000| Untracked 
|  17|0x0000000606000000, 0x0000000606000000, 0x0000000606200000|  0%| F|  |TAMS 0x0000000606000000, 0x0000000606000000| Untracked 
|  18|0x0000000606200000, 0x0000000606200000, 0x0000000606400000|  0%| F|  |TAMS 0x0000000606200000, 0x0000000606200000| Untracked 
|  19|0x0000000606400000, 0x0000000606400000, 0x0000000606600000|  0%| F|  |TAMS 0x0000000606400000, 0x0000000606400000| Untracked 
|  20|0x0000000606600000, 0x0000000606600000, 0x0000000606800000|  0%| F|  |TAMS 0x0000000606600000, 0x0000000606600000| Untracked 
|  21|0x0000000606800000, 0x0000000606800000, 0x0000000606a00000|  0%| F|  |TAMS 0x0000000606800000, 0x0000000606800000| Untracked 
|  22|0x0000000606a00000, 0x0000000606a00000, 0x0000000606c00000|  0%| F|  |TAMS 0x0000000606a00000, 0x0000000606a00000| Untracked 
|  23|0x0000000606c00000, 0x0000000606c00000, 0x0000000606e00000|  0%| F|  |TAMS 0x0000000606c00000, 0x0000000606c00000| Untracked 
|  24|0x0000000606e00000, 0x0000000606e00000, 0x0000000607000000|  0%| F|  |TAMS 0x0000000606e00000, 0x0000000606e00000| Untracked 
|  25|0x0000000607000000, 0x0000000607000000, 0x0000000607200000|  0%| F|  |TAMS 0x0000000607000000, 0x0000000607000000| Untracked 
|  26|0x0000000607200000, 0x0000000607200000, 0x0000000607400000|  0%| F|  |TAMS 0x0000000607200000, 0x0000000607200000| Untracked 
|  27|0x0000000607400000, 0x0000000607400000, 0x0000000607600000|  0%| F|  |TAMS 0x0000000607400000, 0x0000000607400000| Untracked 
|  28|0x0000000607600000, 0x0000000607600000, 0x0000000607800000|  0%| F|  |TAMS 0x0000000607600000, 0x0000000607600000| Untracked 
|  29|0x0000000607800000, 0x0000000607800000, 0x0000000607a00000|  0%| F|  |TAMS 0x0000000607800000, 0x0000000607800000| Untracked 
|  30|0x0000000607a00000, 0x0000000607a00000, 0x0000000607c00000|  0%| F|  |TAMS 0x0000000607a00000, 0x0000000607a00000| Untracked 
|  31|0x0000000607c00000, 0x0000000607c00000, 0x0000000607e00000|  0%| F|  |TAMS 0x0000000607c00000, 0x0000000607c00000| Untracked 
|  32|0x0000000607e00000, 0x0000000607e00000, 0x0000000608000000|  0%| F|  |TAMS 0x0000000607e00000, 0x0000000607e00000| Untracked 
|  33|0x0000000608000000, 0x0000000608000000, 0x0000000608200000|  0%| F|  |TAMS 0x0000000608000000, 0x0000000608000000| Untracked 
|  34|0x0000000608200000, 0x0000000608200000, 0x0000000608400000|  0%| F|  |TAMS 0x0000000608200000, 0x0000000608200000| Untracked 
|  35|0x0000000608400000, 0x0000000608400000, 0x0000000608600000|  0%| F|  |TAMS 0x0000000608400000, 0x0000000608400000| Untracked 
|  36|0x0000000608600000, 0x0000000608600000, 0x0000000608800000|  0%| F|  |TAMS 0x0000000608600000, 0x0000000608600000| Untracked 
|  37|0x0000000608800000, 0x0000000608800000, 0x0000000608a00000|  0%| F|  |TAMS 0x0000000608800000, 0x0000000608800000| Untracked 
|  38|0x0000000608a00000, 0x0000000608a00000, 0x0000000608c00000|  0%| F|  |TAMS 0x0000000608a00000, 0x0000000608a00000| Untracked 
|  39|0x0000000608c00000, 0x0000000608c00000, 0x0000000608e00000|  0%| F|  |TAMS 0x0000000608c00000, 0x0000000608c00000| Untracked 
|  40|0x0000000608e00000, 0x0000000608e00000, 0x0000000609000000|  0%| F|  |TAMS 0x0000000608e00000, 0x0000000608e00000| Untracked 
|  41|0x0000000609000000, 0x0000000609000000, 0x0000000609200000|  0%| F|  |TAMS 0x0000000609000000, 0x0000000609000000| Untracked 
|  42|0x0000000609200000, 0x0000000609200000, 0x0000000609400000|  0%| F|  |TAMS 0x0000000609200000, 0x0000000609200000| Untracked 
|  43|0x0000000609400000, 0x0000000609400000, 0x0000000609600000|  0%| F|  |TAMS 0x0000000609400000, 0x0000000609400000| Untracked 
|  44|0x0000000609600000, 0x0000000609600000, 0x0000000609800000|  0%| F|  |TAMS 0x0000000609600000, 0x0000000609600000| Untracked 
|  45|0x0000000609800000, 0x0000000609800000, 0x0000000609a00000|  0%| F|  |TAMS 0x0000000609800000, 0x0000000609800000| Untracked 
|  46|0x0000000609a00000, 0x0000000609a00000, 0x0000000609c00000|  0%| F|  |TAMS 0x0000000609a00000, 0x0000000609a00000| Untracked 
|  47|0x0000000609c00000, 0x0000000609c00000, 0x0000000609e00000|  0%| F|  |TAMS 0x0000000609c00000, 0x0000000609c00000| Untracked 
|  48|0x0000000609e00000, 0x0000000609e00000, 0x000000060a000000|  0%| F|  |TAMS 0x0000000609e00000, 0x0000000609e00000| Untracked 
|  49|0x000000060a000000, 0x000000060a000000, 0x000000060a200000|  0%| F|  |TAMS 0x000000060a000000, 0x000000060a000000| Untracked 
|  50|0x000000060a200000, 0x000000060a200000, 0x000000060a400000|  0%| F|  |TAMS 0x000000060a200000, 0x000000060a200000| Untracked 
|  51|0x000000060a400000, 0x000000060a400000, 0x000000060a600000|  0%| F|  |TAMS 0x000000060a400000, 0x000000060a400000| Untracked 
|  52|0x000000060a600000, 0x000000060a600000, 0x000000060a800000|  0%| F|  |TAMS 0x000000060a600000, 0x000000060a600000| Untracked 
|  53|0x000000060a800000, 0x000000060a800000, 0x000000060aa00000|  0%| F|  |TAMS 0x000000060a800000, 0x000000060a800000| Untracked 
|  54|0x000000060aa00000, 0x000000060aa00000, 0x000000060ac00000|  0%| F|  |TAMS 0x000000060aa00000, 0x000000060aa00000| Untracked 
|  55|0x000000060ac00000, 0x000000060ac00000, 0x000000060ae00000|  0%| F|  |TAMS 0x000000060ac00000, 0x000000060ac00000| Untracked 
|  56|0x000000060ae00000, 0x000000060ae00000, 0x000000060b000000|  0%| F|  |TAMS 0x000000060ae00000, 0x000000060ae00000| Untracked 
|  57|0x000000060b000000, 0x000000060b000000, 0x000000060b200000|  0%| F|  |TAMS 0x000000060b000000, 0x000000060b000000| Untracked 
|  58|0x000000060b200000, 0x000000060b200000, 0x000000060b400000|  0%| F|  |TAMS 0x000000060b200000, 0x000000060b200000| Untracked 
|  59|0x000000060b400000, 0x000000060b400000, 0x000000060b600000|  0%| F|  |TAMS 0x000000060b400000, 0x000000060b400000| Untracked 
|  60|0x000000060b600000, 0x000000060b600000, 0x000000060b800000|  0%| F|  |TAMS 0x000000060b600000, 0x000000060b600000| Untracked 
|  61|0x000000060b800000, 0x000000060b800000, 0x000000060ba00000|  0%| F|  |TAMS 0x000000060b800000, 0x000000060b800000| Untracked 
|  62|0x000000060ba00000, 0x000000060ba00000, 0x000000060bc00000|  0%| F|  |TAMS 0x000000060ba00000, 0x000000060ba00000| Untracked 
|  63|0x000000060bc00000, 0x000000060bc00000, 0x000000060be00000|  0%| F|  |TAMS 0x000000060bc00000, 0x000000060bc00000| Untracked 
|  64|0x000000060be00000, 0x000000060be00000, 0x000000060c000000|  0%| F|  |TAMS 0x000000060be00000, 0x000000060be00000| Untracked 
|  65|0x000000060c000000, 0x000000060c000000, 0x000000060c200000|  0%| F|  |TAMS 0x000000060c000000, 0x000000060c000000| Untracked 
|  66|0x000000060c200000, 0x000000060c200000, 0x000000060c400000|  0%| F|  |TAMS 0x000000060c200000, 0x000000060c200000| Untracked 
|  67|0x000000060c400000, 0x000000060c400000, 0x000000060c600000|  0%| F|  |TAMS 0x000000060c400000, 0x000000060c400000| Untracked 
|  68|0x000000060c600000, 0x000000060c600000, 0x000000060c800000|  0%| F|  |TAMS 0x000000060c600000, 0x000000060c600000| Untracked 
|  69|0x000000060c800000, 0x000000060c800000, 0x000000060ca00000|  0%| F|  |TAMS 0x000000060c800000, 0x000000060c800000| Untracked 
|  70|0x000000060ca00000, 0x000000060ca00000, 0x000000060cc00000|  0%| F|  |TAMS 0x000000060ca00000, 0x000000060ca00000| Untracked 
|  71|0x000000060cc00000, 0x000000060cc00000, 0x000000060ce00000|  0%| F|  |TAMS 0x000000060cc00000, 0x000000060cc00000| Untracked 
|  72|0x000000060ce00000, 0x000000060ce00000, 0x000000060d000000|  0%| F|  |TAMS 0x000000060ce00000, 0x000000060ce00000| Untracked 
|  73|0x000000060d000000, 0x000000060d000000, 0x000000060d200000|  0%| F|  |TAMS 0x000000060d000000, 0x000000060d000000| Untracked 
|  74|0x000000060d200000, 0x000000060d200000, 0x000000060d400000|  0%| F|  |TAMS 0x000000060d200000, 0x000000060d200000| Untracked 
|  75|0x000000060d400000, 0x000000060d400000, 0x000000060d600000|  0%| F|  |TAMS 0x000000060d400000, 0x000000060d400000| Untracked 
|  76|0x000000060d600000, 0x000000060d600000, 0x000000060d800000|  0%| F|  |TAMS 0x000000060d600000, 0x000000060d600000| Untracked 
|  77|0x000000060d800000, 0x000000060d800000, 0x000000060da00000|  0%| F|  |TAMS 0x000000060d800000, 0x000000060d800000| Untracked 
|  78|0x000000060da00000, 0x000000060da00000, 0x000000060dc00000|  0%| F|  |TAMS 0x000000060da00000, 0x000000060da00000| Untracked 
|  79|0x000000060dc00000, 0x000000060dc00000, 0x000000060de00000|  0%| F|  |TAMS 0x000000060dc00000, 0x000000060dc00000| Untracked 
|  80|0x000000060de00000, 0x000000060de00000, 0x000000060e000000|  0%| F|  |TAMS 0x000000060de00000, 0x000000060de00000| Untracked 
|  81|0x000000060e000000, 0x000000060e000000, 0x000000060e200000|  0%| F|  |TAMS 0x000000060e000000, 0x000000060e000000| Untracked 
|  82|0x000000060e200000, 0x000000060e200000, 0x000000060e400000|  0%| F|  |TAMS 0x000000060e200000, 0x000000060e200000| Untracked 
|  83|0x000000060e400000, 0x000000060e400000, 0x000000060e600000|  0%| F|  |TAMS 0x000000060e400000, 0x000000060e400000| Untracked 
|  84|0x000000060e600000, 0x000000060e600000, 0x000000060e800000|  0%| F|  |TAMS 0x000000060e600000, 0x000000060e600000| Untracked 
|  85|0x000000060e800000, 0x000000060e800000, 0x000000060ea00000|  0%| F|  |TAMS 0x000000060e800000, 0x000000060e800000| Untracked 
|  86|0x000000060ea00000, 0x000000060ea00000, 0x000000060ec00000|  0%| F|  |TAMS 0x000000060ea00000, 0x000000060ea00000| Untracked 
|  87|0x000000060ec00000, 0x000000060ec00000, 0x000000060ee00000|  0%| F|  |TAMS 0x000000060ec00000, 0x000000060ec00000| Untracked 
|  88|0x000000060ee00000, 0x000000060ee00000, 0x000000060f000000|  0%| F|  |TAMS 0x000000060ee00000, 0x000000060ee00000| Untracked 
|  89|0x000000060f000000, 0x000000060f000000, 0x000000060f200000|  0%| F|  |TAMS 0x000000060f000000, 0x000000060f000000| Untracked 
|  90|0x000000060f200000, 0x000000060f200000, 0x000000060f400000|  0%| F|  |TAMS 0x000000060f200000, 0x000000060f200000| Untracked 
|  91|0x000000060f400000, 0x000000060f400000, 0x000000060f600000|  0%| F|  |TAMS 0x000000060f400000, 0x000000060f400000| Untracked 
|  92|0x000000060f600000, 0x000000060f600000, 0x000000060f800000|  0%| F|  |TAMS 0x000000060f600000, 0x000000060f600000| Untracked 
|  93|0x000000060f800000, 0x000000060f800000, 0x000000060fa00000|  0%| F|  |TAMS 0x000000060f800000, 0x000000060f800000| Untracked 
|  94|0x000000060fa00000, 0x000000060fa00000, 0x000000060fc00000|  0%| F|  |TAMS 0x000000060fa00000, 0x000000060fa00000| Untracked 
|  95|0x000000060fc00000, 0x000000060fc00000, 0x000000060fe00000|  0%| F|  |TAMS 0x000000060fc00000, 0x000000060fc00000| Untracked 
|  96|0x000000060fe00000, 0x000000060fe00000, 0x0000000610000000|  0%| F|  |TAMS 0x000000060fe00000, 0x000000060fe00000| Untracked 
|  97|0x0000000610000000, 0x0000000610000000, 0x0000000610200000|  0%| F|  |TAMS 0x0000000610000000, 0x0000000610000000| Untracked 
|  98|0x0000000610200000, 0x0000000610200000, 0x0000000610400000|  0%| F|  |TAMS 0x0000000610200000, 0x0000000610200000| Untracked 
|  99|0x0000000610400000, 0x0000000610400000, 0x0000000610600000|  0%| F|  |TAMS 0x0000000610400000, 0x0000000610400000| Untracked 
| 100|0x0000000610600000, 0x0000000610600000, 0x0000000610800000|  0%| F|  |TAMS 0x0000000610600000, 0x0000000610600000| Untracked 
| 101|0x0000000610800000, 0x0000000610800000, 0x0000000610a00000|  0%| F|  |TAMS 0x0000000610800000, 0x0000000610800000| Untracked 
| 102|0x0000000610a00000, 0x0000000610a00000, 0x0000000610c00000|  0%| F|  |TAMS 0x0000000610a00000, 0x0000000610a00000| Untracked 
| 103|0x0000000610c00000, 0x0000000610c00000, 0x0000000610e00000|  0%| F|  |TAMS 0x0000000610c00000, 0x0000000610c00000| Untracked 
| 104|0x0000000610e00000, 0x0000000610e00000, 0x0000000611000000|  0%| F|  |TAMS 0x0000000610e00000, 0x0000000610e00000| Untracked 
| 105|0x0000000611000000, 0x0000000611000000, 0x0000000611200000|  0%| F|  |TAMS 0x0000000611000000, 0x0000000611000000| Untracked 
| 106|0x0000000611200000, 0x0000000611200000, 0x0000000611400000|  0%| F|  |TAMS 0x0000000611200000, 0x0000000611200000| Untracked 
| 107|0x0000000611400000, 0x0000000611400000, 0x0000000611600000|  0%| F|  |TAMS 0x0000000611400000, 0x0000000611400000| Untracked 
| 108|0x0000000611600000, 0x0000000611600000, 0x0000000611800000|  0%| F|  |TAMS 0x0000000611600000, 0x0000000611600000| Untracked 
| 109|0x0000000611800000, 0x0000000611800000, 0x0000000611a00000|  0%| F|  |TAMS 0x0000000611800000, 0x0000000611800000| Untracked 
| 110|0x0000000611a00000, 0x0000000611a00000, 0x0000000611c00000|  0%| F|  |TAMS 0x0000000611a00000, 0x0000000611a00000| Untracked 
| 111|0x0000000611c00000, 0x0000000611c00000, 0x0000000611e00000|  0%| F|  |TAMS 0x0000000611c00000, 0x0000000611c00000| Untracked 
| 112|0x0000000611e00000, 0x0000000611e00000, 0x0000000612000000|  0%| F|  |TAMS 0x0000000611e00000, 0x0000000611e00000| Untracked 
| 113|0x0000000612000000, 0x0000000612000000, 0x0000000612200000|  0%| F|  |TAMS 0x0000000612000000, 0x0000000612000000| Untracked 
| 114|0x0000000612200000, 0x0000000612200000, 0x0000000612400000|  0%| F|  |TAMS 0x0000000612200000, 0x0000000612200000| Untracked 
| 115|0x0000000612400000, 0x0000000612400000, 0x0000000612600000|  0%| F|  |TAMS 0x0000000612400000, 0x0000000612400000| Untracked 
| 116|0x0000000612600000, 0x0000000612600000, 0x0000000612800000|  0%| F|  |TAMS 0x0000000612600000, 0x0000000612600000| Untracked 
| 117|0x0000000612800000, 0x0000000612800000, 0x0000000612a00000|  0%| F|  |TAMS 0x0000000612800000, 0x0000000612800000| Untracked 
| 118|0x0000000612a00000, 0x0000000612a00000, 0x0000000612c00000|  0%| F|  |TAMS 0x0000000612a00000, 0x0000000612a00000| Untracked 
| 119|0x0000000612c00000, 0x0000000612c00000, 0x0000000612e00000|  0%| F|  |TAMS 0x0000000612c00000, 0x0000000612c00000| Untracked 
| 120|0x0000000612e00000, 0x0000000612e00000, 0x0000000613000000|  0%| F|  |TAMS 0x0000000612e00000, 0x0000000612e00000| Untracked 
| 121|0x0000000613000000, 0x0000000613000000, 0x0000000613200000|  0%| F|  |TAMS 0x0000000613000000, 0x0000000613000000| Untracked 
| 122|0x0000000613200000, 0x0000000613200000, 0x0000000613400000|  0%| F|  |TAMS 0x0000000613200000, 0x0000000613200000| Untracked 
| 123|0x0000000613400000, 0x0000000613400000, 0x0000000613600000|  0%| F|  |TAMS 0x0000000613400000, 0x0000000613400000| Untracked 
| 124|0x0000000613600000, 0x0000000613600000, 0x0000000613800000|  0%| F|  |TAMS 0x0000000613600000, 0x0000000613600000| Untracked 
| 125|0x0000000613800000, 0x0000000613800000, 0x0000000613a00000|  0%| F|  |TAMS 0x0000000613800000, 0x0000000613800000| Untracked 
| 126|0x0000000613a00000, 0x0000000613a00000, 0x0000000613c00000|  0%| F|  |TAMS 0x0000000613a00000, 0x0000000613a00000| Untracked 
| 127|0x0000000613c00000, 0x0000000613c00000, 0x0000000613e00000|  0%| F|  |TAMS 0x0000000613c00000, 0x0000000613c00000| Untracked 
| 128|0x0000000613e00000, 0x0000000613e00000, 0x0000000614000000|  0%| F|  |TAMS 0x0000000613e00000, 0x0000000613e00000| Untracked 
| 129|0x0000000614000000, 0x0000000614000000, 0x0000000614200000|  0%| F|  |TAMS 0x0000000614000000, 0x0000000614000000| Untracked 
| 130|0x0000000614200000, 0x0000000614200000, 0x0000000614400000|  0%| F|  |TAMS 0x0000000614200000, 0x0000000614200000| Untracked 
| 131|0x0000000614400000, 0x0000000614400000, 0x0000000614600000|  0%| F|  |TAMS 0x0000000614400000, 0x0000000614400000| Untracked 
| 132|0x0000000614600000, 0x0000000614600000, 0x0000000614800000|  0%| F|  |TAMS 0x0000000614600000, 0x0000000614600000| Untracked 
| 133|0x0000000614800000, 0x0000000614800000, 0x0000000614a00000|  0%| F|  |TAMS 0x0000000614800000, 0x0000000614800000| Untracked 
| 134|0x0000000614a00000, 0x0000000614a00000, 0x0000000614c00000|  0%| F|  |TAMS 0x0000000614a00000, 0x0000000614a00000| Untracked 
| 135|0x0000000614c00000, 0x0000000614c00000, 0x0000000614e00000|  0%| F|  |TAMS 0x0000000614c00000, 0x0000000614c00000| Untracked 
| 136|0x0000000614e00000, 0x0000000614e00000, 0x0000000615000000|  0%| F|  |TAMS 0x0000000614e00000, 0x0000000614e00000| Untracked 
| 137|0x0000000615000000, 0x0000000615000000, 0x0000000615200000|  0%| F|  |TAMS 0x0000000615000000, 0x0000000615000000| Untracked 
| 138|0x0000000615200000, 0x0000000615200000, 0x0000000615400000|  0%| F|  |TAMS 0x0000000615200000, 0x0000000615200000| Untracked 
| 139|0x0000000615400000, 0x0000000615400000, 0x0000000615600000|  0%| F|  |TAMS 0x0000000615400000, 0x0000000615400000| Untracked 
| 140|0x0000000615600000, 0x0000000615600000, 0x0000000615800000|  0%| F|  |TAMS 0x0000000615600000, 0x0000000615600000| Untracked 
| 141|0x0000000615800000, 0x0000000615800000, 0x0000000615a00000|  0%| F|  |TAMS 0x0000000615800000, 0x0000000615800000| Untracked 
| 142|0x0000000615a00000, 0x0000000615a00000, 0x0000000615c00000|  0%| F|  |TAMS 0x0000000615a00000, 0x0000000615a00000| Untracked 
| 143|0x0000000615c00000, 0x0000000615c00000, 0x0000000615e00000|  0%| F|  |TAMS 0x0000000615c00000, 0x0000000615c00000| Untracked 
| 144|0x0000000615e00000, 0x0000000615e00000, 0x0000000616000000|  0%| F|  |TAMS 0x0000000615e00000, 0x0000000615e00000| Untracked 
| 145|0x0000000616000000, 0x0000000616000000, 0x0000000616200000|  0%| F|  |TAMS 0x0000000616000000, 0x0000000616000000| Untracked 
| 146|0x0000000616200000, 0x0000000616200000, 0x0000000616400000|  0%| F|  |TAMS 0x0000000616200000, 0x0000000616200000| Untracked 
| 147|0x0000000616400000, 0x0000000616400000, 0x0000000616600000|  0%| F|  |TAMS 0x0000000616400000, 0x0000000616400000| Untracked 
| 148|0x0000000616600000, 0x0000000616600000, 0x0000000616800000|  0%| F|  |TAMS 0x0000000616600000, 0x0000000616600000| Untracked 
| 149|0x0000000616800000, 0x0000000616800000, 0x0000000616a00000|  0%| F|  |TAMS 0x0000000616800000, 0x0000000616800000| Untracked 
| 150|0x0000000616a00000, 0x0000000616a00000, 0x0000000616c00000|  0%| F|  |TAMS 0x0000000616a00000, 0x0000000616a00000| Untracked 
| 151|0x0000000616c00000, 0x0000000616c00000, 0x0000000616e00000|  0%| F|  |TAMS 0x0000000616c00000, 0x0000000616c00000| Untracked 
| 152|0x0000000616e00000, 0x0000000616e00000, 0x0000000617000000|  0%| F|  |TAMS 0x0000000616e00000, 0x0000000616e00000| Untracked 
| 153|0x0000000617000000, 0x0000000617000000, 0x0000000617200000|  0%| F|  |TAMS 0x0000000617000000, 0x0000000617000000| Untracked 
| 154|0x0000000617200000, 0x0000000617200000, 0x0000000617400000|  0%| F|  |TAMS 0x0000000617200000, 0x0000000617200000| Untracked 
| 155|0x0000000617400000, 0x0000000617400000, 0x0000000617600000|  0%| F|  |TAMS 0x0000000617400000, 0x0000000617400000| Untracked 
| 156|0x0000000617600000, 0x0000000617600000, 0x0000000617800000|  0%| F|  |TAMS 0x0000000617600000, 0x0000000617600000| Untracked 
| 157|0x0000000617800000, 0x0000000617800000, 0x0000000617a00000|  0%| F|  |TAMS 0x0000000617800000, 0x0000000617800000| Untracked 
| 158|0x0000000617a00000, 0x0000000617a00000, 0x0000000617c00000|  0%| F|  |TAMS 0x0000000617a00000, 0x0000000617a00000| Untracked 
| 159|0x0000000617c00000, 0x0000000617c00000, 0x0000000617e00000|  0%| F|  |TAMS 0x0000000617c00000, 0x0000000617c00000| Untracked 
| 160|0x0000000617e00000, 0x0000000617e00000, 0x0000000618000000|  0%| F|  |TAMS 0x0000000617e00000, 0x0000000617e00000| Untracked 
| 161|0x0000000618000000, 0x0000000618000000, 0x0000000618200000|  0%| F|  |TAMS 0x0000000618000000, 0x0000000618000000| Untracked 
| 162|0x0000000618200000, 0x0000000618200000, 0x0000000618400000|  0%| F|  |TAMS 0x0000000618200000, 0x0000000618200000| Untracked 
| 163|0x0000000618400000, 0x0000000618400000, 0x0000000618600000|  0%| F|  |TAMS 0x0000000618400000, 0x0000000618400000| Untracked 
| 164|0x0000000618600000, 0x0000000618600000, 0x0000000618800000|  0%| F|  |TAMS 0x0000000618600000, 0x0000000618600000| Untracked 
| 165|0x0000000618800000, 0x0000000618800000, 0x0000000618a00000|  0%| F|  |TAMS 0x0000000618800000, 0x0000000618800000| Untracked 
| 166|0x0000000618a00000, 0x0000000618a00000, 0x0000000618c00000|  0%| F|  |TAMS 0x0000000618a00000, 0x0000000618a00000| Untracked 
| 167|0x0000000618c00000, 0x0000000618c00000, 0x0000000618e00000|  0%| F|  |TAMS 0x0000000618c00000, 0x0000000618c00000| Untracked 
| 168|0x0000000618e00000, 0x0000000618e00000, 0x0000000619000000|  0%| F|  |TAMS 0x0000000618e00000, 0x0000000618e00000| Untracked 
| 169|0x0000000619000000, 0x0000000619000000, 0x0000000619200000|  0%| F|  |TAMS 0x0000000619000000, 0x0000000619000000| Untracked 
| 170|0x0000000619200000, 0x0000000619200000, 0x0000000619400000|  0%| F|  |TAMS 0x0000000619200000, 0x0000000619200000| Untracked 
| 171|0x0000000619400000, 0x0000000619400000, 0x0000000619600000|  0%| F|  |TAMS 0x0000000619400000, 0x0000000619400000| Untracked 
| 172|0x0000000619600000, 0x0000000619600000, 0x0000000619800000|  0%| F|  |TAMS 0x0000000619600000, 0x0000000619600000| Untracked 
| 173|0x0000000619800000, 0x0000000619800000, 0x0000000619a00000|  0%| F|  |TAMS 0x0000000619800000, 0x0000000619800000| Untracked 
| 174|0x0000000619a00000, 0x0000000619a00000, 0x0000000619c00000|  0%| F|  |TAMS 0x0000000619a00000, 0x0000000619a00000| Untracked 
| 175|0x0000000619c00000, 0x0000000619c00000, 0x0000000619e00000|  0%| F|  |TAMS 0x0000000619c00000, 0x0000000619c00000| Untracked 
| 176|0x0000000619e00000, 0x0000000619e00000, 0x000000061a000000|  0%| F|  |TAMS 0x0000000619e00000, 0x0000000619e00000| Untracked 
| 177|0x000000061a000000, 0x000000061a000000, 0x000000061a200000|  0%| F|  |TAMS 0x000000061a000000, 0x000000061a000000| Untracked 
| 178|0x000000061a200000, 0x000000061a200000, 0x000000061a400000|  0%| F|  |TAMS 0x000000061a200000, 0x000000061a200000| Untracked 
| 179|0x000000061a400000, 0x000000061a400000, 0x000000061a600000|  0%| F|  |TAMS 0x000000061a400000, 0x000000061a400000| Untracked 
| 180|0x000000061a600000, 0x000000061a600000, 0x000000061a800000|  0%| F|  |TAMS 0x000000061a600000, 0x000000061a600000| Untracked 
| 181|0x000000061a800000, 0x000000061a800000, 0x000000061aa00000|  0%| F|  |TAMS 0x000000061a800000, 0x000000061a800000| Untracked 
| 182|0x000000061aa00000, 0x000000061aa00000, 0x000000061ac00000|  0%| F|  |TAMS 0x000000061aa00000, 0x000000061aa00000| Untracked 
| 183|0x000000061ac00000, 0x000000061ac00000, 0x000000061ae00000|  0%| F|  |TAMS 0x000000061ac00000, 0x000000061ac00000| Untracked 
| 184|0x000000061ae00000, 0x000000061ae00000, 0x000000061b000000|  0%| F|  |TAMS 0x000000061ae00000, 0x000000061ae00000| Untracked 
| 185|0x000000061b000000, 0x000000061b000000, 0x000000061b200000|  0%| F|  |TAMS 0x000000061b000000, 0x000000061b000000| Untracked 
| 186|0x000000061b200000, 0x000000061b200000, 0x000000061b400000|  0%| F|  |TAMS 0x000000061b200000, 0x000000061b200000| Untracked 
| 187|0x000000061b400000, 0x000000061b400000, 0x000000061b600000|  0%| F|  |TAMS 0x000000061b400000, 0x000000061b400000| Untracked 
| 188|0x000000061b600000, 0x000000061b600000, 0x000000061b800000|  0%| F|  |TAMS 0x000000061b600000, 0x000000061b600000| Untracked 
| 189|0x000000061b800000, 0x000000061b800000, 0x000000061ba00000|  0%| F|  |TAMS 0x000000061b800000, 0x000000061b800000| Untracked 
| 190|0x000000061ba00000, 0x000000061ba00000, 0x000000061bc00000|  0%| F|  |TAMS 0x000000061ba00000, 0x000000061ba00000| Untracked 
| 191|0x000000061bc00000, 0x000000061bc00000, 0x000000061be00000|  0%| F|  |TAMS 0x000000061bc00000, 0x000000061bc00000| Untracked 
| 192|0x000000061be00000, 0x000000061be00000, 0x000000061c000000|  0%| F|  |TAMS 0x000000061be00000, 0x000000061be00000| Untracked 
| 193|0x000000061c000000, 0x000000061c000000, 0x000000061c200000|  0%| F|  |TAMS 0x000000061c000000, 0x000000061c000000| Untracked 
| 194|0x000000061c200000, 0x000000061c200000, 0x000000061c400000|  0%| F|  |TAMS 0x000000061c200000, 0x000000061c200000| Untracked 
| 195|0x000000061c400000, 0x000000061c400000, 0x000000061c600000|  0%| F|  |TAMS 0x000000061c400000, 0x000000061c400000| Untracked 
| 196|0x000000061c600000, 0x000000061c600000, 0x000000061c800000|  0%| F|  |TAMS 0x000000061c600000, 0x000000061c600000| Untracked 
| 197|0x000000061c800000, 0x000000061c800000, 0x000000061ca00000|  0%| F|  |TAMS 0x000000061c800000, 0x000000061c800000| Untracked 
| 198|0x000000061ca00000, 0x000000061ca00000, 0x000000061cc00000|  0%| F|  |TAMS 0x000000061ca00000, 0x000000061ca00000| Untracked 
| 199|0x000000061cc00000, 0x000000061cc00000, 0x000000061ce00000|  0%| F|  |TAMS 0x000000061cc00000, 0x000000061cc00000| Untracked 
| 200|0x000000061ce00000, 0x000000061ce00000, 0x000000061d000000|  0%| F|  |TAMS 0x000000061ce00000, 0x000000061ce00000| Untracked 
| 201|0x000000061d000000, 0x000000061d000000, 0x000000061d200000|  0%| F|  |TAMS 0x000000061d000000, 0x000000061d000000| Untracked 
| 202|0x000000061d200000, 0x000000061d200000, 0x000000061d400000|  0%| F|  |TAMS 0x000000061d200000, 0x000000061d200000| Untracked 
| 203|0x000000061d400000, 0x000000061d400000, 0x000000061d600000|  0%| F|  |TAMS 0x000000061d400000, 0x000000061d400000| Untracked 
| 204|0x000000061d600000, 0x000000061d600000, 0x000000061d800000|  0%| F|  |TAMS 0x000000061d600000, 0x000000061d600000| Untracked 
| 205|0x000000061d800000, 0x000000061d800000, 0x000000061da00000|  0%| F|  |TAMS 0x000000061d800000, 0x000000061d800000| Untracked 
| 206|0x000000061da00000, 0x000000061da00000, 0x000000061dc00000|  0%| F|  |TAMS 0x000000061da00000, 0x000000061da00000| Untracked 
| 207|0x000000061dc00000, 0x000000061dc00000, 0x000000061de00000|  0%| F|  |TAMS 0x000000061dc00000, 0x000000061dc00000| Untracked 
| 208|0x000000061de00000, 0x000000061de00000, 0x000000061e000000|  0%| F|  |TAMS 0x000000061de00000, 0x000000061de00000| Untracked 
| 209|0x000000061e000000, 0x000000061e000000, 0x000000061e200000|  0%| F|  |TAMS 0x000000061e000000, 0x000000061e000000| Untracked 
| 210|0x000000061e200000, 0x000000061e200000, 0x000000061e400000|  0%| F|  |TAMS 0x000000061e200000, 0x000000061e200000| Untracked 
| 211|0x000000061e400000, 0x000000061e400000, 0x000000061e600000|  0%| F|  |TAMS 0x000000061e400000, 0x000000061e400000| Untracked 
| 212|0x000000061e600000, 0x000000061e600000, 0x000000061e800000|  0%| F|  |TAMS 0x000000061e600000, 0x000000061e600000| Untracked 
| 213|0x000000061e800000, 0x000000061e800000, 0x000000061ea00000|  0%| F|  |TAMS 0x000000061e800000, 0x000000061e800000| Untracked 
| 214|0x000000061ea00000, 0x000000061ea00000, 0x000000061ec00000|  0%| F|  |TAMS 0x000000061ea00000, 0x000000061ea00000| Untracked 
| 215|0x000000061ec00000, 0x000000061ec00000, 0x000000061ee00000|  0%| F|  |TAMS 0x000000061ec00000, 0x000000061ec00000| Untracked 
| 216|0x000000061ee00000, 0x000000061ee00000, 0x000000061f000000|  0%| F|  |TAMS 0x000000061ee00000, 0x000000061ee00000| Untracked 
| 217|0x000000061f000000, 0x000000061f000000, 0x000000061f200000|  0%| F|  |TAMS 0x000000061f000000, 0x000000061f000000| Untracked 
| 218|0x000000061f200000, 0x000000061f200000, 0x000000061f400000|  0%| F|  |TAMS 0x000000061f200000, 0x000000061f200000| Untracked 
| 219|0x000000061f400000, 0x000000061f400000, 0x000000061f600000|  0%| F|  |TAMS 0x000000061f400000, 0x000000061f400000| Untracked 
| 220|0x000000061f600000, 0x000000061f600000, 0x000000061f800000|  0%| F|  |TAMS 0x000000061f600000, 0x000000061f600000| Untracked 
| 221|0x000000061f800000, 0x000000061f800000, 0x000000061fa00000|  0%| F|  |TAMS 0x000000061f800000, 0x000000061f800000| Untracked 
| 222|0x000000061fa00000, 0x000000061fa00000, 0x000000061fc00000|  0%| F|  |TAMS 0x000000061fa00000, 0x000000061fa00000| Untracked 
| 223|0x000000061fc00000, 0x000000061fc00000, 0x000000061fe00000|  0%| F|  |TAMS 0x000000061fc00000, 0x000000061fc00000| Untracked 
| 224|0x000000061fe00000, 0x000000061fe00000, 0x0000000620000000|  0%| F|  |TAMS 0x000000061fe00000, 0x000000061fe00000| Untracked 
| 225|0x0000000620000000, 0x0000000620000000, 0x0000000620200000|  0%| F|  |TAMS 0x0000000620000000, 0x0000000620000000| Untracked 
| 226|0x0000000620200000, 0x0000000620200000, 0x0000000620400000|  0%| F|  |TAMS 0x0000000620200000, 0x0000000620200000| Untracked 
| 227|0x0000000620400000, 0x0000000620400000, 0x0000000620600000|  0%| F|  |TAMS 0x0000000620400000, 0x0000000620400000| Untracked 
| 228|0x0000000620600000, 0x0000000620600000, 0x0000000620800000|  0%| F|  |TAMS 0x0000000620600000, 0x0000000620600000| Untracked 
| 229|0x0000000620800000, 0x0000000620800000, 0x0000000620a00000|  0%| F|  |TAMS 0x0000000620800000, 0x0000000620800000| Untracked 
| 230|0x0000000620a00000, 0x0000000620a00000, 0x0000000620c00000|  0%| F|  |TAMS 0x0000000620a00000, 0x0000000620a00000| Untracked 
| 231|0x0000000620c00000, 0x0000000620c00000, 0x0000000620e00000|  0%| F|  |TAMS 0x0000000620c00000, 0x0000000620c00000| Untracked 
| 232|0x0000000620e00000, 0x0000000620e00000, 0x0000000621000000|  0%| F|  |TAMS 0x0000000620e00000, 0x0000000620e00000| Untracked 
| 233|0x0000000621000000, 0x0000000621000000, 0x0000000621200000|  0%| F|  |TAMS 0x0000000621000000, 0x0000000621000000| Untracked 
| 234|0x0000000621200000, 0x0000000621200000, 0x0000000621400000|  0%| F|  |TAMS 0x0000000621200000, 0x0000000621200000| Untracked 
| 235|0x0000000621400000, 0x0000000621400000, 0x0000000621600000|  0%| F|  |TAMS 0x0000000621400000, 0x0000000621400000| Untracked 
| 236|0x0000000621600000, 0x0000000621600000, 0x0000000621800000|  0%| F|  |TAMS 0x0000000621600000, 0x0000000621600000| Untracked 
| 237|0x0000000621800000, 0x0000000621800000, 0x0000000621a00000|  0%| F|  |TAMS 0x0000000621800000, 0x0000000621800000| Untracked 
| 238|0x0000000621a00000, 0x0000000621b93940, 0x0000000621c00000| 78%| S|CS|TAMS 0x0000000621a00000, 0x0000000621a00000| Complete 
| 239|0x0000000621c00000, 0x0000000621c00000, 0x0000000621e00000|  0%| F|  |TAMS 0x0000000621c00000, 0x0000000621c00000| Untracked 
| 240|0x0000000621e00000, 0x0000000621e00000, 0x0000000622000000|  0%| F|  |TAMS 0x0000000621e00000, 0x0000000621e00000| Untracked 
| 241|0x0000000622000000, 0x0000000622000000, 0x0000000622200000|  0%| F|  |TAMS 0x0000000622000000, 0x0000000622000000| Untracked 
| 242|0x0000000622200000, 0x0000000622200000, 0x0000000622400000|  0%| F|  |TAMS 0x0000000622200000, 0x0000000622200000| Untracked 
| 243|0x0000000622400000, 0x0000000622400000, 0x0000000622600000|  0%| F|  |TAMS 0x0000000622400000, 0x0000000622400000| Untracked 
| 244|0x0000000622600000, 0x0000000622600000, 0x0000000622800000|  0%| F|  |TAMS 0x0000000622600000, 0x0000000622600000| Untracked 
| 245|0x0000000622800000, 0x0000000622800000, 0x0000000622a00000|  0%| F|  |TAMS 0x0000000622800000, 0x0000000622800000| Untracked 
| 246|0x0000000622a00000, 0x0000000622a00000, 0x0000000622c00000|  0%| F|  |TAMS 0x0000000622a00000, 0x0000000622a00000| Untracked 
| 247|0x0000000622c00000, 0x0000000622c00000, 0x0000000622e00000|  0%| F|  |TAMS 0x0000000622c00000, 0x0000000622c00000| Untracked 
| 248|0x0000000622e00000, 0x0000000622e00000, 0x0000000623000000|  0%| F|  |TAMS 0x0000000622e00000, 0x0000000622e00000| Untracked 
| 249|0x0000000623000000, 0x0000000623200000, 0x0000000623200000|100%| E|  |TAMS 0x0000000623000000, 0x0000000623000000| Complete 
| 250|0x0000000623200000, 0x0000000623400000, 0x0000000623400000|100%| E|CS|TAMS 0x0000000623200000, 0x0000000623200000| Complete 
| 251|0x0000000623400000, 0x0000000623600000, 0x0000000623600000|100%| E|CS|TAMS 0x0000000623400000, 0x0000000623400000| Complete 
| 252|0x0000000623600000, 0x0000000623800000, 0x0000000623800000|100%| E|CS|TAMS 0x0000000623600000, 0x0000000623600000| Complete 
| 253|0x0000000623800000, 0x0000000623a00000, 0x0000000623a00000|100%| E|CS|TAMS 0x0000000623800000, 0x0000000623800000| Complete 
| 254|0x0000000623a00000, 0x0000000623c00000, 0x0000000623c00000|100%| E|CS|TAMS 0x0000000623a00000, 0x0000000623a00000| Complete 

Card table byte_map: [0x0000020476ba0000,0x0000020477b90000] _byte_map_base: 0x0000020473b81000

Marking Bits (Prev, Next): (CMBitMap*) 0x000002045dc52048, (CMBitMap*) 0x000002045dc52088
 Prev Bits: [0x0000020400000000, 0x0000020407f08000)
 Next Bits: [0x0000020407f10000, 0x000002040fe18000)

Polling page: 0x000002045bad0000

Metaspace:

Usage:
  Non-class:     11.46 MB capacity,    11.24 MB ( 98%) used,   200.05 KB (  2%) free+waste,    25.94 KB ( <1%) overhead. 
      Class:      1.51 MB capacity,     1.37 MB ( 91%) used,   127.24 KB (  8%) free+waste,    13.81 KB ( <1%) overhead. 
       Both:     12.97 MB capacity,    12.61 MB ( 97%) used,   327.29 KB (  2%) free+waste,    39.75 KB ( <1%) overhead. 

Virtual space:
  Non-class space:       12.00 MB reserved,      11.50 MB ( 96%) committed 
      Class space:        1.00 GB reserved,       1.63 MB ( <1%) committed 
             Both:        1.01 GB reserved,      13.13 MB (  1%) committed 

Chunk freelists:
   Non-Class:  45.00 KB
       Class:  22.00 KB
        Both:  67.00 KB

MaxMetaspaceSize: 17179869184.00 GB
CompressedClassSpaceSize: 1.00 GB

CodeHeap 'non-profiled nmethods': size=119168Kb used=801Kb max_used=801Kb free=118366Kb
 bounds [0x000002046ded0000, 0x000002046e140000, 0x0000020475330000]
CodeHeap 'profiled nmethods': size=119104Kb used=3864Kb max_used=3864Kb free=115239Kb
 bounds [0x0000020466a80000, 0x0000020466e50000, 0x000002046ded0000]
CodeHeap 'non-nmethods': size=7488Kb used=2912Kb max_used=2949Kb free=4575Kb
 bounds [0x0000020466330000, 0x0000020466620000, 0x0000020466a80000]
 total_blobs=3064 nmethods=1875 adapters=403
 compilation: enabled
              stopped_count=0, restarted_count=0
 full_count=0

Compilation events (20 events):
Event: 2.888 Thread 0x000002047be61800 nmethod 1792 0x0000020466e18310 code [0x0000020466e184a0, 0x0000020466e186b8]
Event: 2.888 Thread 0x000002047be61800 1790       3       com.intellij.rt.coverage.data.ClassData::touchLine (11 bytes)
Event: 2.888 Thread 0x000002047d859000 1797       4       java.nio.Buffer::remaining (10 bytes)
Event: 2.888 Thread 0x000002047be61800 nmethod 1790 0x0000020466e18790 code [0x0000020466e18920, 0x0000020466e18a78]
Event: 2.888 Thread 0x000002047be61800 1795       3       java.nio.ByteBuffer::hasArray (20 bytes)
Event: 2.888 Thread 0x000002047d857000 1791       1       java.nio.charset.CharsetDecoder::charset (5 bytes)
Event: 2.888 Thread 0x000002047d856000 nmethod 1789 0x0000020466e18b90 code [0x0000020466e18da0, 0x0000020466e195c8]
Event: 2.888 Thread 0x000002047d856000 1794       1       java.nio.charset.CharsetDecoder::averageCharsPerByte (5 bytes)
Event: 2.888 Thread 0x000002047d859000 nmethod 1797 0x000002046df8cc10 code [0x000002046df8cd80, 0x000002046df8cdf8]
Event: 2.889 Thread 0x000002047d856000 nmethod 1794 0x000002046df8cf10 code [0x000002046df8d0a0, 0x000002046df8d178]
Event: 2.889 Thread 0x000002047d856000 1798       3       java.util.regex.Matcher::search (154 bytes)
Event: 2.889 Thread 0x000002047be61800 nmethod 1795 0x0000020466e19890 code [0x0000020466e19a20, 0x0000020466e19bd8]
Event: 2.889 Thread 0x000002047d857000 nmethod 1791 0x000002046df8d210 code [0x000002046df8d3a0, 0x000002046df8d478]
Event: 2.889 Thread 0x000002047be61800 1796       1       org.sqlite.SQLiteConnection::getDatabase (5 bytes)
Event: 2.889 Thread 0x000002047d857000 1799       3       java.util.regex.ASCII::toLower (16 bytes)
Event: 2.889 Thread 0x000002047be61800 nmethod 1796 0x000002046df8d510 code [0x000002046df8d6a0, 0x000002046df8d778]
Event: 2.889 Thread 0x000002047be61800 1800       3       java.util.regex.ASCII::isUpper (18 bytes)
Event: 2.889 Thread 0x000002047d857000 nmethod 1799 0x0000020466e19c90 code [0x0000020466e19e40, 0x0000020466e1a038]
Event: 2.889 Thread 0x000002047be61800 nmethod 1800 0x0000020466e1a110 code [0x0000020466e1a2a0, 0x0000020466e1a3f8]
Event: 2.889 Thread 0x000002047d856000 nmethod 1798 0x0000020466e1a490 code [0x0000020466e1a680, 0x0000020466e1ac58]

GC Heap History (4 events):
Event: 0.423 GC heap before
{Heap before GC invocations=0 (full 0):
 garbage-first heap   total 522240K, used 22528K [0x0000000603e00000, 0x0000000800000000)
  region size 2048K, 12 young (24576K), 0 survivors (0K)
 Metaspace       used 5546K, capacity 6839K, committed 6912K, reserved 1056768K
  class space    used 590K, capacity 758K, committed 768K, reserved 1048576K
}
Event: 0.426 GC heap after
{Heap after GC invocations=1 (full 0):
 garbage-first heap   total 522240K, used 5185K [0x0000000603e00000, 0x0000000800000000)
  region size 2048K, 2 young (4096K), 2 survivors (4096K)
 Metaspace       used 5546K, capacity 6839K, committed 6912K, reserved 1056768K
  class space    used 590K, capacity 758K, committed 768K, reserved 1048576K
}
Event: 2.771 GC heap before
{Heap before GC invocations=1 (full 0):
 garbage-first heap   total 522240K, used 31809K [0x0000000603e00000, 0x0000000800000000)
  region size 2048K, 16 young (32768K), 2 survivors (4096K)
 Metaspace       used 10557K, capacity 10806K, committed 11008K, reserved 1058816K
  class space    used 1109K, capacity 1209K, committed 1280K, reserved 1048576K
}
Event: 2.774 GC heap after
{Heap after GC invocations=2 (full 0):
 garbage-first heap   total 522240K, used 6560K [0x0000000603e00000, 0x0000000800000000)
  region size 2048K, 1 young (2048K), 1 survivors (2048K)
 Metaspace       used 10557K, capacity 10806K, committed 11008K, reserved 1058816K
  class space    used 1109K, capacity 1209K, committed 1280K, reserved 1048576K
}

Deoptimization events (20 events):
Event: 2.860 Thread 0x000002047dc25000 DEOPT PACKING pc=0x0000020466e137d6 sp=0x0000008173bfe130
Event: 2.860 Thread 0x000002047dc25000 DEOPT UNPACKING pc=0x000002046637964e sp=0x0000008173bfd638 mode 0
Event: 2.861 Thread 0x000002047dc25000 DEOPT PACKING pc=0x0000020466e137d6 sp=0x0000008173bfe130
Event: 2.861 Thread 0x000002047dc25000 DEOPT UNPACKING pc=0x000002046637964e sp=0x0000008173bfd638 mode 0
Event: 2.861 Thread 0x000002047dc25000 DEOPT PACKING pc=0x0000020466e137d6 sp=0x0000008173bfe130
Event: 2.861 Thread 0x000002047dc25000 DEOPT UNPACKING pc=0x000002046637964e sp=0x0000008173bfd638 mode 0
Event: 2.861 Thread 0x000002047dc25000 DEOPT PACKING pc=0x0000020466e137d6 sp=0x0000008173bfe130
Event: 2.861 Thread 0x000002047dc25000 DEOPT UNPACKING pc=0x000002046637964e sp=0x0000008173bfd638 mode 0
Event: 2.861 Thread 0x000002047dc25000 DEOPT PACKING pc=0x0000020466e137d6 sp=0x0000008173bfe130
Event: 2.861 Thread 0x000002047dc25000 DEOPT UNPACKING pc=0x000002046637964e sp=0x0000008173bfd638 mode 0
Event: 2.861 Thread 0x000002047dc25000 DEOPT PACKING pc=0x0000020466e137d6 sp=0x0000008173bfe130
Event: 2.861 Thread 0x000002047dc25000 DEOPT UNPACKING pc=0x000002046637964e sp=0x0000008173bfd638 mode 0
Event: 2.862 Thread 0x000002047dc25000 DEOPT PACKING pc=0x0000020466e137d6 sp=0x0000008173bfe130
Event: 2.862 Thread 0x000002047dc25000 DEOPT UNPACKING pc=0x000002046637964e sp=0x0000008173bfd638 mode 0
Event: 2.862 Thread 0x000002047dc25000 DEOPT PACKING pc=0x0000020466e137d6 sp=0x0000008173bfe130
Event: 2.862 Thread 0x000002047dc25000 DEOPT UNPACKING pc=0x000002046637964e sp=0x0000008173bfd638 mode 0
Event: 2.871 Thread 0x000002047dc25000 Uncommon trap: trap_request=0xffffff45 fr.pc=0x000002046df8b6e0 relative=0x00000000000007c0
Event: 2.871 Thread 0x000002047dc25000 Uncommon trap: reason=unstable_if action=reinterpret pc=0x000002046df8b6e0 method=org.sqlite.SQLiteJDBCLoader.contentsEquals(Ljava/io/InputStream;Ljava/io/InputStream;)Z @ 39 c2
Event: 2.871 Thread 0x000002047dc25000 DEOPT PACKING pc=0x000002046df8b6e0 sp=0x0000008173bfe160
Event: 2.871 Thread 0x000002047dc25000 DEOPT UNPACKING pc=0x000002046637912f sp=0x0000008173bfe138 mode 2

Classes unloaded (0 events):
No events

Classes redefined (0 events):
No events

Internal exceptions (20 events):
Event: 0.264 Thread 0x000002045dbca800 Exception <a 'java/io/FileNotFoundException'{0x00000006230df288}> (0x00000006230df288) 
thrown [./open/src/hotspot/share/prims/jni.cpp, line 599]
Event: 0.289 Thread 0x000002045dbca800 Exception <a 'java/lang/NoSuchMethodError'{0x0000000622e08d20}: 'void java.lang.invoke.DirectMethodHandle$Holder.invokeSpecial(java.lang.Object, java.lang.Object, int)'> (0x0000000622e08d20) 
thrown [./open/src/hotspot/share/interpreter/linkResolver.cpp, line 766]
Event: 0.296 Thread 0x000002045dbca800 Exception <a 'java/lang/NoSuchMethodError'{0x0000000622e6a5c8}: 'org.slf4j.impl.StaticMDCBinder org.slf4j.impl.StaticMDCBinder.getSingleton()'> (0x0000000622e6a5c8) 
thrown [./open/src/hotspot/share/interpreter/linkResolver.cpp, line 766]
Event: 0.302 Thread 0x000002045dbca800 Exception <a 'java/lang/NoSuchMethodError'{0x0000000622f3b410}: 'void java.lang.invoke.DirectMethodHandle$Holder.invokeSpecial(java.lang.Object, java.lang.Object)'> (0x0000000622f3b410) 
thrown [./open/src/hotspot/share/interpreter/linkResolver.cpp, line 766]
Event: 0.308 Thread 0x000002045dbca800 Exception <a 'java/lang/NoSuchMethodError'{0x0000000622f5f398}: 'java.lang.Object java.lang.invoke.DirectMethodHandle$Holder.invokeStaticInit(java.lang.Object, java.lang.Object, java.lang.Object)'> (0x0000000622f5f398) 
thrown [./open/src/hotspot/share/interpreter/linkResolver.cpp, line 766]
Event: 0.321 Thread 0x000002045dbca800 Exception <a 'java/lang/NoSuchMethodError'{0x0000000622d6af28}: 'void java.lang.invoke.DirectMethodHandle$Holder.invokeStatic(java.lang.Object, java.lang.Object, java.lang.Object, java.lang.Object)'> (0x0000000622d6af28) 
thrown [./open/src/hotspot/share/interpreter/linkResolver.cpp, line 766]
Event: 0.355 Thread 0x000002047d0fd800 Exception <a 'java/lang/NoSuchMethodError'{0x000000062286a0c8}: 'void java.lang.invoke.DirectMethodHandle$Holder.invokeStaticInit(java.lang.Object)'> (0x000000062286a0c8) 
thrown [./open/src/hotspot/share/interpreter/linkResolver.cpp, line 766]
Event: 0.365 Thread 0x000002047d0fd800 Implicit null exception at 0x000002046dee9e68 to 0x000002046dee9efa
Event: 0.420 Thread 0x000002047d0fd800 Exception <a 'java/lang/NoSuchMethodError'{0x00000006225b97b0}: 'int java.lang.invoke.DirectMethodHandle$Holder.invokeInterface(java.lang.Object, java.lang.Object)'> (0x00000006225b97b0) 
thrown [./open/src/hotspot/share/interpreter/linkResolver.cpp, line 766]
Event: 0.440 Thread 0x000002047d0fd800 Exception <a 'java/lang/NoSuchMethodError'{0x000000062393fd30}: 'java.lang.Object java.lang.invoke.DirectMethodHandle$Holder.invokeStaticInit(java.lang.Object, int, int, int, int)'> (0x000000062393fd30) 
thrown [./open/src/hotspot/share/interpreter/linkResolver.cpp, line 766]
Event: 0.458 Thread 0x000002047d0fd800 Exception <a 'java/lang/NoSuchMethodError'{0x00000006236b27e0}: 'java.lang.Object java.lang.invoke.DirectMethodHandle$Holder.invokeStatic(java.lang.Object, int, java.lang.Object)'> (0x00000006236b27e0) 
thrown [./open/src/hotspot/share/interpreter/linkResolver.cpp, line 766]
Event: 0.513 Thread 0x000002047d0fd800 Exception <a 'java/lang/NoSuchMethodError'{0x00000006234b8748}: 'java.lang.Object java.lang.invoke.DirectMethodHandle$Holder.invokeStaticInit(java.lang.Object, java.lang.Object, int, int, int, int)'> (0x00000006234b8748) 
thrown [./open/src/hotspot/share/interpreter/linkResolver.cpp, line 766]
Event: 0.518 Thread 0x000002047d0fd800 Exception <a 'java/lang/NoSuchMethodError'{0x00000006234cfbe8}: 'void java.lang.invoke.DirectMethodHandle$Holder.invokeInterface(java.lang.Object, java.lang.Object)'> (0x00000006234cfbe8) 
thrown [./open/src/hotspot/share/interpreter/linkResolver.cpp, line 766]
Event: 2.673 Thread 0x000002047dc21000 Exception <a 'java/lang/NoSuchMethodError'{0x0000000622cd0d00}: 'void java.lang.invoke.DirectMethodHandle$Holder.invokeSpecial(java.lang.Object, java.lang.Object, java.lang.Object, java.lang.Object)'> (0x0000000622cd0d00) 
thrown [./open/src/hotspot/share/interpreter/linkResolver.cpp, line 766]
Event: 2.673 Thread 0x000002047dc25000 Exception <a 'java/lang/NoSuchMethodError'{0x0000000622cf5908}: 'void java.lang.invoke.DirectMethodHandle$Holder.invokeSpecial(java.lang.Object, java.lang.Object, java.lang.Object, java.lang.Object)'> (0x0000000622cf5908) 
thrown [./open/src/hotspot/share/interpreter/linkResolver.cpp, line 766]
Event: 2.673 Thread 0x000002047dc25000 Exception <a 'java/lang/NoSuchMethodError'{0x0000000622cf8258}: 'void java.lang.invoke.Invokers$Holder.invoke_MT(java.lang.Object, java.lang.Object, java.lang.Object, java.lang.Object)'> (0x0000000622cf8258) 
thrown [./open/src/hotspot/share/interpreter/linkResolver.cpp, line 766]
Event: 2.673 Thread 0x000002047dc21000 Exception <a 'java/lang/NoSuchMethodError'{0x0000000622cd3600}: 'void java.lang.invoke.Invokers$Holder.invoke_MT(java.lang.Object, java.lang.Object, java.lang.Object, java.lang.Object)'> (0x0000000622cd3600) 
thrown [./open/src/hotspot/share/interpreter/linkResolver.cpp, line 766]
Event: 2.695 Thread 0x000002047dc21000 Exception <a 'sun/nio/fs/WindowsException'{0x0000000622a55190}> (0x0000000622a55190) 
thrown [./open/src/hotspot/share/prims/jni.cpp, line 599]
Event: 2.695 Thread 0x000002047dc25000 Exception <a 'sun/nio/fs/WindowsException'{0x0000000622a59780}> (0x0000000622a59780) 
thrown [./open/src/hotspot/share/prims/jni.cpp, line 599]
Event: 2.824 Thread 0x000002047dc21000 Exception <a 'java/lang/NoSuchMethodError'{0x00000006234f66b8}: 'int java.lang.invoke.DirectMethodHandle$Holder.invokeSpecialIFC(java.lang.Object, java.lang.Object, int)'> (0x00000006234f66b8) 
thrown [./open/src/hotspot/share/interpreter/linkResolver.cpp, line 766]

Events (20 events):
Event: 2.882 loading class org/sqlite/core/CoreStatement
Event: 2.882 loading class org/sqlite/core/CoreStatement done
Event: 2.882 loading class org/sqlite/core/CoreResultSet
Event: 2.882 loading class org/sqlite/core/CoreResultSet done
Event: 2.883 loading class org/sqlite/jdbc4/JDBC4ResultSet
Event: 2.883 loading class org/sqlite/jdbc4/JDBC4ResultSet done
Event: 2.883 loading class org/sqlite/jdbc3/JDBC3ResultSet
Event: 2.883 loading class org/sqlite/jdbc3/JDBC3ResultSet done
Event: 2.885 loading class org/sqlite/jdbc4/JDBC4PreparedStatement
Event: 2.885 loading class org/sqlite/jdbc4/JDBC4PreparedStatement done
Event: 2.885 loading class org/sqlite/jdbc3/JDBC3PreparedStatement
Event: 2.885 loading class org/sqlite/jdbc3/JDBC3PreparedStatement done
Event: 2.885 loading class org/sqlite/core/CorePreparedStatement
Event: 2.885 loading class org/sqlite/core/CorePreparedStatement done
Event: 2.886 loading class java/util/regex/Pattern$SliceI
Event: 2.886 loading class java/util/regex/Pattern$SliceI done
Event: 2.886 Executing VM operation: HandshakeOneThread
Event: 2.886 Executing VM operation: HandshakeOneThread done
Event: 2.887 loading class org/sqlite/jdbc3/JDBC3DatabaseMetaData$ImportedKeyFinder
Event: 2.887 loading class org/sqlite/jdbc3/JDBC3DatabaseMetaData$ImportedKeyFinder done


Dynamic libraries:
0x00007ff6eeb40000 - 0x00007ff6eeb4d000 	C:\Users\vincent\.jdks\openjdk-14.0.1\bin\java.exe
0x00007ffff4310000 - 0x00007ffff4505000 	C:\WINDOWS\SYSTEM32\ntdll.dll
0x00007ffff2380000 - 0x00007ffff243d000 	C:\WINDOWS\System32\KERNEL32.dll
0x00007ffff16e0000 - 0x00007ffff17f9000 	C:\Windows\system32\hmpalert.dll
0x00007ffff1cf0000 - 0x00007ffff1fb8000 	C:\WINDOWS\System32\KERNELBASE.dll
0x00007ffff1a50000 - 0x00007ffff1b50000 	C:\WINDOWS\System32\ucrtbase.dll
0x00007fffec620000 - 0x00007fffec638000 	C:\Users\vincent\.jdks\openjdk-14.0.1\bin\jli.dll
0x00007fffe0010000 - 0x00007fffe0025000 	C:\Users\vincent\.jdks\openjdk-14.0.1\bin\VCRUNTIME140.dll
0x00007ffff25b0000 - 0x00007ffff2750000 	C:\WINDOWS\System32\USER32.dll
0x00007ffff2110000 - 0x00007ffff2132000 	C:\WINDOWS\System32\win32u.dll
0x00007ffff2ca0000 - 0x00007ffff2cca000 	C:\WINDOWS\System32\GDI32.dll
0x00007ffff1b80000 - 0x00007ffff1c8b000 	C:\WINDOWS\System32\gdi32full.dll
0x00007ffff1fc0000 - 0x00007ffff205d000 	C:\WINDOWS\System32\msvcp_win.dll
0x00007fffd5a50000 - 0x00007fffd5cea000 	C:\WINDOWS\WinSxS\amd64_microsoft.windows.common-controls_6595b64144ccf1df_6.0.19041.1052_none_60b8f8fd71f5e8cb\COMCTL32.dll
0x00007ffff4230000 - 0x00007ffff42ce000 	C:\WINDOWS\System32\msvcrt.dll
0x00007ffff2de0000 - 0x00007ffff2e10000 	C:\WINDOWS\System32\IMM32.DLL
0x00007fffdae20000 - 0x00007fffdaebb000 	C:\Users\vincent\.jdks\openjdk-14.0.1\bin\msvcp140.dll
0x00007fff62ea0000 - 0x00007fff639be000 	C:\Users\vincent\.jdks\openjdk-14.0.1\bin\server\jvm.dll
0x00007ffff3e30000 - 0x00007ffff3edc000 	C:\WINDOWS\System32\ADVAPI32.dll
0x00007ffff3890000 - 0x00007ffff392b000 	C:\WINDOWS\System32\sechost.dll
0x00007ffff2f00000 - 0x00007ffff302b000 	C:\WINDOWS\System32\RPCRT4.dll
0x00007ffff2ef0000 - 0x00007ffff2ef8000 	C:\WINDOWS\System32\PSAPI.DLL
0x00007fffd59a0000 - 0x00007fffd59a9000 	C:\WINDOWS\SYSTEM32\WSOCK32.dll
0x00007fffdfe90000 - 0x00007fffdfeb7000 	C:\WINDOWS\SYSTEM32\WINMM.dll
0x00007fffeba40000 - 0x00007fffeba4a000 	C:\WINDOWS\SYSTEM32\VERSION.dll
0x00007ffff2820000 - 0x00007ffff288b000 	C:\WINDOWS\System32\WS2_32.dll
0x00007ffff0210000 - 0x00007ffff0222000 	C:\WINDOWS\SYSTEM32\kernel.appcore.dll
0x00007fffe0000000 - 0x00007fffe000a000 	C:\Users\vincent\.jdks\openjdk-14.0.1\bin\jimage.dll
0x00007fffefee0000 - 0x00007ffff00c4000 	C:\WINDOWS\SYSTEM32\DBGHELP.DLL
0x00007fffd2690000 - 0x00007fffd26bc000 	C:\WINDOWS\SYSTEM32\dbgcore.DLL
0x00007ffff2140000 - 0x00007ffff21c3000 	C:\WINDOWS\System32\bcryptPrimitives.dll
0x00007fffda5b0000 - 0x00007fffda5be000 	C:\Users\vincent\.jdks\openjdk-14.0.1\bin\instrument.dll
0x00007fffda620000 - 0x00007fffda645000 	C:\Users\vincent\.jdks\openjdk-14.0.1\bin\java.dll
0x00007fffdabb0000 - 0x00007fffdabc6000 	C:\Users\vincent\.jdks\openjdk-14.0.1\bin\zip.dll
0x00007ffff3030000 - 0x00007ffff376f000 	C:\WINDOWS\System32\SHELL32.dll
0x00007fffef310000 - 0x00007fffefaa0000 	C:\WINDOWS\SYSTEM32\windows.storage.dll
0x00007ffff2890000 - 0x00007ffff2be5000 	C:\WINDOWS\System32\combase.dll
0x00007ffff12d0000 - 0x00007ffff12fc000 	C:\WINDOWS\SYSTEM32\Wldp.dll
0x00007ffff2bf0000 - 0x00007ffff2c9e000 	C:\WINDOWS\System32\SHCORE.dll
0x00007ffff3db0000 - 0x00007ffff3e05000 	C:\WINDOWS\System32\shlwapi.dll
0x00007ffff1990000 - 0x00007ffff19af000 	C:\WINDOWS\SYSTEM32\profapi.dll
0x00007fffda5f0000 - 0x00007fffda609000 	C:\Users\vincent\.jdks\openjdk-14.0.1\bin\net.dll
0x00007fffea000000 - 0x00007fffea10b000 	C:\WINDOWS\SYSTEM32\WINHTTP.dll
0x00007ffff10b0000 - 0x00007ffff111a000 	C:\WINDOWS\system32\mswsock.dll
0x00007fffda5d0000 - 0x00007fffda5e2000 	C:\Users\vincent\.jdks\openjdk-14.0.1\bin\nio.dll
0x00007fffda5c0000 - 0x00007fffda5d0000 	C:\Users\vincent\.jdks\openjdk-14.0.1\bin\verify.dll
0x00007fffd9c90000 - 0x00007fffd9caa000 	C:\Users\vincent\AppData\Local\JetBrains\IntelliJ IDEA Community Edition 2020.1.2\bin\breakgen64.dll
0x00007fffda5a0000 - 0x00007fffda5a9000 	C:\Users\vincent\.jdks\openjdk-14.0.1\bin\management.dll
0x00007fffda050000 - 0x00007fffda05b000 	C:\Users\vincent\.jdks\openjdk-14.0.1\bin\management_ext.dll
0x00007ffff0d70000 - 0x00007ffff0dab000 	C:\WINDOWS\SYSTEM32\IPHLPAPI.DLL
0x00007ffff4220000 - 0x00007ffff4228000 	C:\WINDOWS\System32\NSI.dll
0x00007fffed6c0000 - 0x00007fffed6d7000 	C:\WINDOWS\SYSTEM32\dhcpcsvc6.DLL
0x00007fffed600000 - 0x00007fffed61d000 	C:\WINDOWS\SYSTEM32\dhcpcsvc.DLL
0x00007ffff0dc0000 - 0x00007ffff0e8c000 	C:\WINDOWS\SYSTEM32\DNSAPI.dll
0x00007ffff1310000 - 0x00007ffff1328000 	C:\WINDOWS\SYSTEM32\CRYPTSP.dll
0x00007ffff0a00000 - 0x00007ffff0a34000 	C:\WINDOWS\system32\rsaenh.dll
0x00007ffff1b50000 - 0x00007ffff1b77000 	C:\WINDOWS\System32\bcrypt.dll
0x00007ffff1910000 - 0x00007ffff193e000 	C:\WINDOWS\SYSTEM32\USERENV.dll
0x00007ffff1230000 - 0x00007ffff123c000 	C:\WINDOWS\SYSTEM32\CRYPTBASE.dll
0x0000000068400000 - 0x0000000068503000 	C:\Users\vincent\AppData\Local\Temp\sqlite-3.35.4-049babaf-60ca-4547-8557-da1be0e06c4b-sqlitejdbc.dll

dbghelp: loaded successfully - version: 4.0.5 - missing functions: none
symbol engine: initialized successfully - sym options: 0x614 - pdb path: .;C:\Users\vincent\.jdks\openjdk-14.0.1\bin;C:\WINDOWS\SYSTEM32;C:\WINDOWS\WinSxS\amd64_microsoft.windows.common-controls_6595b64144ccf1df_6.0.19041.1052_none_60b8f8fd71f5e8cb;C:\Users\vincent\.jdks\openjdk-14.0.1\bin\server;C:\Users\vincent\AppData\Local\JetBrains\IntelliJ IDEA Community Edition 2020.1.2\bin;C:\Users\vincent\AppData\Local\Temp

VM Arguments:
jvm_args: -javaagent:C:\Users\vincent\AppData\Local\JetBrains\IdeaIC2020.1\testAgent\intellij-coverage-agent-1.0.508.jar=C:\Users\vincent\AppData\Local\Temp\coverageargs -javaagent:C:\Users\vincent\AppData\Local\JetBrains\IntelliJ IDEA Community Edition 2020.1.2\lib\idea_rt.jar=51681:C:\Users\vincent\AppData\Local\JetBrains\IntelliJ IDEA Community Edition 2020.1.2\bin -Dfile.encoding=UTF-8 
java_command: nl.ssischaefer.savaragerow.v2.SavageRow
java_class_path (initial): C:\Users\vincent\git\savagerow\target\classes;C:\Users\vincent\.m2\repository\org\springframework\boot\spring-boot-starter-web\2.3.2.RELEASE\spring-boot-starter-web-2.3.2.RELEASE.jar;C:\Users\vincent\.m2\repository\org\springframework\boot\spring-boot-starter\2.3.2.RELEASE\spring-boot-starter-2.3.2.RELEASE.jar;C:\Users\vincent\.m2\repository\org\springframework\boot\spring-boot\2.3.2.RELEASE\spring-boot-2.3.2.RELEASE.jar;C:\Users\vincent\.m2\repository\org\springframework\boot\spring-boot-autoconfigure\2.3.2.RELEASE\spring-boot-autoconfigure-2.3.2.RELEASE.jar;C:\Users\vincent\.m2\repository\org\springframework\boot\spring-boot-starter-logging\2.3.2.RELEASE\spring-boot-starter-logging-2.3.2.RELEASE.jar;C:\Users\vincent\.m2\repository\ch\qos\logback\logback-classic\1.2.3\logback-classic-1.2.3.jar;C:\Users\vincent\.m2\repository\ch\qos\logback\logback-core\1.2.3\logback-core-1.2.3.jar;C:\Users\vincent\.m2\repository\org\apache\logging\log4j\log4j-to-slf4j\2.13.3\log4j-to-slf4j-2.13.3.jar;C:\Users\vincent\.m2\repository\org\apache\logging\log4j\log4j-api\2.13.3\log4j-api-2.13.3.jar;C:\Users\vincent\.m2\repository\org\slf4j\jul-to-slf4j\1.7.30\jul-to-slf4j-1.7.30.jar;C:\Users\vincent\.m2\repository\jakarta\annotation\jakarta.annotation-api\1.3.5\jakarta.annotation-api-1.3.5.jar;C:\Users\vincent\.m2\repository\org\yaml\snakeyaml\1.26\snakeyaml-1.26.jar;C:\Users\vincent\.m2\repository\org\springframework\boot\spring-boot-starter-json\2.3.2.RELEASE\spring-boot-starter-json-2.3.2.RELEASE.jar;C:\Users\vincent\.m2\repository\com\fasterxml\jackson\core\jackson-databind\2.11.1\jackson-databind-2.11.1.jar;C:\Users\vincent\.m2\repository\com\fasterxml\jackson\core\jackson-annotations\2.11.1\jackson-annotations-2.11.1.jar;C:\Users\vincent\.m2\repository\com\fasterxml\jackson\datatype\jackson-datatype-jdk8\2.11.1\jackson-datatype-jdk8-2.11.1.jar;C:\Users\vincent\.m2\repository\com\fasterxml\jackson\datatype\jackson-datatype-jsr310\2.11.1\jackson-datatype
Launcher Type: SUN_STANDARD

[Global flags]
     intx CICompilerCount                          = 12                                        {product} {ergonomic}
     uint ConcGCThreads                            = 3                                         {product} {ergonomic}
     uint G1ConcRefinementThreads                  = 13                                        {product} {ergonomic}
   size_t G1HeapRegionSize                         = 2097152                                   {product} {ergonomic}
    uintx GCDrainStackTargetSize                   = 64                                        {product} {ergonomic}
   size_t InitialHeapSize                          = 534773760                                 {product} {ergonomic}
   size_t MarkStackSize                            = 4194304                                   {product} {ergonomic}
   size_t MaxHeapSize                              = 8524922880                                {product} {ergonomic}
   size_t MaxNewSize                               = 5114953728                                {product} {ergonomic}
   size_t MinHeapDeltaBytes                        = 2097152                                   {product} {ergonomic}
   size_t MinHeapSize                              = 8388608                                   {product} {ergonomic}
    uintx NonNMethodCodeHeapSize                   = 7602480                                {pd product} {ergonomic}
    uintx NonProfiledCodeHeapSize                  = 122027880                              {pd product} {ergonomic}
    uintx ProfiledCodeHeapSize                     = 122027880                              {pd product} {ergonomic}
    uintx ReservedCodeCacheSize                    = 251658240                              {pd product} {ergonomic}
     bool SegmentedCodeCache                       = true                                      {product} {ergonomic}
   size_t SoftMaxHeapSize                          = 8524922880                             {manageable} {ergonomic}
     bool UseCompressedClassPointers               = true                                 {lp64_product} {ergonomic}
     bool UseCompressedOops                        = true                                 {lp64_product} {ergonomic}
     bool UseG1GC                                  = true                                      {product} {ergonomic}
     bool UseLargePagesIndividualAllocation        = false                                  {pd product} {ergonomic}

Logging:
Log output configuration:
 #0: stdout all=warning uptime,level,tags
 #1: stderr all=off uptime,level,tags

Environment Variables:
JAVA_HOME=C:\Program Files\Java\jdk-11.0.8
PATH=C:\Users\vincent\Documents\bdeploy-win64-2.5.2\bin;C:\Windows\system32;C:\Windows;C:\Windows\System32\Wbem;C:\Windows\System32\WindowsPowerShell\v1.0\;C:\Windows\System32\OpenSSH\;C:\Program Files (x86)\NVIDIA Corporation\PhysX\Common;C:\Program Files (x86)\Enterprise Vault\EVClient\x64\;C:\WINDOWS\system32;C:\WINDOWS;C:\WINDOWS\System32\Wbem;C:\WINDOWS\System32\WindowsPowerShell\v1.0\;C:\WINDOWS\System32\OpenSSH\;C:\Go\bin;C:\Program Files\Java\jdk-11.0.8\bin;C:\apache-maven-3.6.3\bin;C:\protobuf-3.13.0\bin;C:\Program Files\Microsoft SQL Server\Client SDK\ODBC\170\Tools\Binn\;C:\Program Files (x86)\Microsoft SQL Server\150\Tools\Binn\;C:\Program Files\Microsoft SQL Server\150\Tools\Binn\;C:\Program Files\Microsoft SQL Server\150\DTS\Binn\;C:\Program Files (x86)\Microsoft SQL Server\150\DTS\Binn\;C:\Program Files\Azure Data Studio\bin;C:\Program Files\Docker\Docker\resources\bin;C:\ProgramData\DockerDesktop\version-bin;C:\Program Files\PuTTY\;C:\Program Files\nodejs\;C:\Program Files\Git\cmd;C:\Users\vincent\AppData\Local\Programs\Python\Python36\Scripts\;C:\Users\vincent\AppData\Local\Programs\Python\Python36\;C:\Users\vincent\AppData\Local\Programs\Python\Python39\Scripts\;C:\Users\vincent\AppData\Local\Programs\Python\Python39\;C:\Users\vincent\scoop\apps\nodejs\current\bin;C:\Users\vincent\scoop\apps\nodejs\current;C:\Users\vincent\scoop\apps\yarn\current\Yarn\bin;C:\Users\vincent\scoop\apps\yarn\current\global\node_modules\.bin;C:\Users\vincent\scoop\shims;C:\Users\vincent\AppData\Local\Microsoft\WindowsApps;C:\Program Files (x86)\Sophos\Sophos SSL VPN Client\bin;C:\Users\vincent\AppData\Local\Programs\Microsoft VS Code\bin;C:\Users\vincent\go\bin;C:\Users\vincent\AppData\Local\atom\bin;C:\Users\vincent\AppData\Roaming\npm;C:\Program Files\Azure Data Studio\bin
USERNAME=vincent
OS=Windows_NT
PROCESSOR_IDENTIFIER=Intel64 Family 6 Model 158 Stepping 13, GenuineIntel



---------------  S Y S T E M  ---------------

OS: Windows 10 , 64 bit Build 19041 (10.0.19041.1023)
OS uptime: 2 days 0:19 hours
HyperV virtualization detected

CPU:total 16 (initial active 16) (8 cores per cpu, 2 threads per core) family 6 model 158 stepping 13, cmov, cx8, fxsr, mmx, sse, sse2, sse3, ssse3, sse4.1, sse4.2, popcnt, avx, avx2, aes, clmul, erms, 3dnowpref, lzcnt, ht, tsc, tscinvbit, bmi1, bmi2, adx, fma

Memory: 4k page, system-wide physical 32517M (14725M free)
TotalPageFile size 40453M (AvailPageFile size 10726M)
current process WorkingSet (physical memory assigned to process): 146M, peak: 146M
current process commit charge ("private bytes"): 688M, peak: 688M

vm_info: OpenJDK 64-Bit Server VM (14.0.1+7) for windows-amd64 JRE (14.0.1+7), built on Mar  5 2020 10:30:04 by "mach5one" with MS VC++ 15.9 (VS2017)

END.
